{"meta": {"format": 3, "version": "7.8.0", "timestamp": "2025-09-23T15:19:25.379956", "branch_coverage": false, "show_contexts": false}, "files": {"core/__init__.py": {"executed_lines": [], "summary": {"covered_lines": 0, "num_statements": 128, "percent_covered": 0.0, "percent_covered_display": "0", "missing_lines": 128, "excluded_lines": 0}, "missing_lines": [16, 17, 18, 19, 20, 22, 23, 25, 28, 36, 37, 38, 39, 40, 45, 47, 48, 49, 51, 52, 55, 56, 58, 59, 61, 62, 63, 64, 66, 68, 70, 72, 73, 75, 76, 78, 79, 81, 83, 84, 86, 92, 94, 95, 96, 98, 99, 102, 103, 104, 106, 107, 109, 110, 112, 113, 114, 121, 123, 125, 126, 127, 129, 130, 131, 132, 133, 136, 138, 140, 142, 143, 144, 145, 147, 148, 149, 150, 154, 157, 160, 161, 162, 165, 168, 169, 170, 172, 173, 174, 177, 180, 181, 182, 185, 186, 188, 189, 190, 192, 196, 198, 199, 200, 201, 204, 206, 207, 208, 209, 213, 220, 222, 223, 224, 227, 228, 230, 231, 233, 234, 235, 236, 237, 238, 242, 248, 249], "excluded_lines": [], "functions": {"SystemManager.__init__": {"executed_lines": [], "summary": {"covered_lines": 0, "num_statements": 4, "percent_covered": 0.0, "percent_covered_display": "0", "missing_lines": 4, "excluded_lines": 0}, "missing_lines": [37, 38, 39, 40], "excluded_lines": []}, "SystemManager.initialize": {"executed_lines": [], "summary": {"covered_lines": 0, "num_statements": 13, "percent_covered": 0.0, "percent_covered_display": "0", "missing_lines": 13, "excluded_lines": 0}, "missing_lines": [47, 48, 49, 51, 52, 55, 56, 58, 59, 61, 62, 63, 64], "excluded_lines": []}, "SystemManager.shutdown": {"executed_lines": [], "summary": {"covered_lines": 0, "num_statements": 8, "percent_covered": 0.0, "percent_covered_display": "0", "missing_lines": 8, "excluded_lines": 0}, "missing_lines": [68, 70, 72, 73, 75, 76, 78, 79], "excluded_lines": []}, "SystemManager.health_check": {"executed_lines": [], "summary": {"covered_lines": 0, "num_statements": 19, "percent_covered": 0.0, "percent_covered_display": "0", "missing_lines": 19, "excluded_lines": 0}, "missing_lines": [83, 84, 86, 92, 94, 95, 96, 98, 99, 102, 103, 104, 106, 107, 109, 110, 112, 113, 114], "excluded_lines": []}, "SystemManager._initialize_service": {"executed_lines": [], "summary": {"covered_lines": 0, "num_statements": 10, "percent_covered": 0.0, "percent_covered_display": "0", "missing_lines": 10, "excluded_lines": 0}, "missing_lines": [123, 125, 126, 127, 129, 130, 131, 132, 133, 136], "excluded_lines": []}, "SystemManager._shutdown_service": {"executed_lines": [], "summary": {"covered_lines": 0, "num_statements": 9, "percent_covered": 0.0, "percent_covered_display": "0", "missing_lines": 9, "excluded_lines": 0}, "missing_lines": [140, 142, 143, 144, 145, 147, 148, 149, 150], "excluded_lines": []}, "get_system_manager": {"executed_lines": [], "summary": {"covered_lines": 0, "num_statements": 3, "percent_covered": 0.0, "percent_covered_display": "0", "missing_lines": 3, "excluded_lines": 0}, "missing_lines": [160, 161, 162], "excluded_lines": []}, "initialize_system": {"executed_lines": [], "summary": {"covered_lines": 0, "num_statements": 6, "percent_covered": 0.0, "percent_covered_display": "0", "missing_lines": 6, "excluded_lines": 0}, "missing_lines": [168, 169, 170, 172, 173, 174], "excluded_lines": []}, "close_system": {"executed_lines": [], "summary": {"covered_lines": 0, "num_statements": 3, "percent_covered": 0.0, "percent_covered_display": "0", "missing_lines": 3, "excluded_lines": 0}, "missing_lines": [180, 181, 182], "excluded_lines": []}, "system_context": {"executed_lines": [], "summary": {"covered_lines": 0, "num_statements": 4, "percent_covered": 0.0, "percent_covered_display": "0", "missing_lines": 4, "excluded_lines": 0}, "missing_lines": [188, 189, 190, 192], "excluded_lines": []}, "get_database": {"executed_lines": [], "summary": {"covered_lines": 0, "num_statements": 4, "percent_covered": 0.0, "percent_covered_display": "0", "missing_lines": 4, "excluded_lines": 0}, "missing_lines": [198, 199, 200, 201], "excluded_lines": []}, "get_agents": {"executed_lines": [], "summary": {"covered_lines": 0, "num_statements": 4, "percent_covered": 0.0, "percent_covered_display": "0", "missing_lines": 4, "excluded_lines": 0}, "missing_lines": [206, 207, 208, 209], "excluded_lines": []}, "validate_imports": {"executed_lines": [], "summary": {"covered_lines": 0, "num_statements": 14, "percent_covered": 0.0, "percent_covered_display": "0", "missing_lines": 14, "excluded_lines": 0}, "missing_lines": [220, 222, 223, 224, 227, 228, 230, 231, 233, 234, 235, 236, 237, 238], "excluded_lines": []}, "": {"executed_lines": [], "summary": {"covered_lines": 0, "num_statements": 27, "percent_covered": 0.0, "percent_covered_display": "0", "missing_lines": 27, "excluded_lines": 0}, "missing_lines": [16, 17, 18, 19, 20, 22, 23, 25, 28, 36, 45, 66, 81, 121, 138, 154, 157, 165, 177, 185, 186, 196, 204, 213, 242, 248, 249], "excluded_lines": []}}, "classes": {"SystemManager": {"executed_lines": [], "summary": {"covered_lines": 0, "num_statements": 63, "percent_covered": 0.0, "percent_covered_display": "0", "missing_lines": 63, "excluded_lines": 0}, "missing_lines": [37, 38, 39, 40, 47, 48, 49, 51, 52, 55, 56, 58, 59, 61, 62, 63, 64, 68, 70, 72, 73, 75, 76, 78, 79, 83, 84, 86, 92, 94, 95, 96, 98, 99, 102, 103, 104, 106, 107, 109, 110, 112, 113, 114, 123, 125, 126, 127, 129, 130, 131, 132, 133, 136, 140, 142, 143, 144, 145, 147, 148, 149, 150], "excluded_lines": []}, "": {"executed_lines": [], "summary": {"covered_lines": 0, "num_statements": 65, "percent_covered": 0.0, "percent_covered_display": "0", "missing_lines": 65, "excluded_lines": 0}, "missing_lines": [16, 17, 18, 19, 20, 22, 23, 25, 28, 36, 45, 66, 81, 121, 138, 154, 157, 160, 161, 162, 165, 168, 169, 170, 172, 173, 174, 177, 180, 181, 182, 185, 186, 188, 189, 190, 192, 196, 198, 199, 200, 201, 204, 206, 207, 208, 209, 213, 220, 222, 223, 224, 227, 228, 230, 231, 233, 234, 235, 236, 237, 238, 242, 248, 249], "excluded_lines": []}}}, "core/agent_integration.py": {"executed_lines": [], "summary": {"covered_lines": 0, "num_statements": 105, "percent_covered": 0.0, "percent_covered_display": "0", "missing_lines": 105, "excluded_lines": 0}, "missing_lines": [16, 17, 18, 19, 21, 24, 27, 28, 30, 31, 32, 33, 36, 45, 46, 47, 48, 49, 51, 53, 54, 55, 57, 58, 61, 63, 64, 66, 67, 68, 70, 82, 83, 85, 87, 94, 97, 98, 100, 101, 103, 105, 106, 107, 109, 111, 117, 119, 120, 122, 123, 126, 127, 128, 129, 131, 133, 135, 136, 138, 139, 143, 145, 147, 148, 149, 156, 158, 161, 162, 163, 164, 165, 166, 167, 169, 170, 171, 173, 175, 177, 180, 182, 183, 188, 191, 194, 195, 196, 199, 202, 203, 204, 207, 210, 217, 218, 219, 222, 225, 226, 227, 231, 233, 234], "excluded_lines": [], "functions": {"AgentIntegrationManager.__init__": {"executed_lines": [], "summary": {"covered_lines": 0, "num_statements": 4, "percent_covered": 0.0, "percent_covered_display": "0", "missing_lines": 4, "excluded_lines": 0}, "missing_lines": [46, 47, 48, 49], "excluded_lines": []}, "AgentIntegrationManager.initialize": {"executed_lines": [], "summary": {"covered_lines": 0, "num_statements": 11, "percent_covered": 0.0, "percent_covered_display": "0", "missing_lines": 11, "excluded_lines": 0}, "missing_lines": [53, 54, 55, 57, 58, 61, 63, 64, 66, 67, 68], "excluded_lines": []}, "AgentIntegrationManager.get_agent": {"executed_lines": [], "summary": {"covered_lines": 0, "num_statements": 13, "percent_covered": 0.0, "percent_covered_display": "0", "missing_lines": 13, "excluded_lines": 0}, "missing_lines": [82, 83, 85, 87, 94, 97, 98, 100, 101, 103, 105, 106, 107], "excluded_lines": []}, "AgentIntegrationManager.health_check": {"executed_lines": [], "summary": {"covered_lines": 0, "num_statements": 21, "percent_covered": 0.0, "percent_covered_display": "0", "missing_lines": 21, "excluded_lines": 0}, "missing_lines": [111, 117, 119, 120, 122, 123, 126, 127, 128, 129, 131, 133, 135, 136, 138, 139, 143, 145, 147, 148, 149], "excluded_lines": []}, "AgentIntegrationManager.shutdown": {"executed_lines": [], "summary": {"covered_lines": 0, "num_statements": 11, "percent_covered": 0.0, "percent_covered_display": "0", "missing_lines": 11, "excluded_lines": 0}, "missing_lines": [158, 161, 162, 163, 164, 165, 166, 167, 169, 170, 171], "excluded_lines": []}, "AgentIntegrationManager._initialize_core_agents": {"executed_lines": [], "summary": {"covered_lines": 0, "num_statements": 5, "percent_covered": 0.0, "percent_covered_display": "0", "missing_lines": 5, "excluded_lines": 0}, "missing_lines": [175, 177, 180, 182, 183], "excluded_lines": []}, "get_agent_manager": {"executed_lines": [], "summary": {"covered_lines": 0, "num_statements": 3, "percent_covered": 0.0, "percent_covered_display": "0", "missing_lines": 3, "excluded_lines": 0}, "missing_lines": [194, 195, 196], "excluded_lines": []}, "initialize_agent_integration": {"executed_lines": [], "summary": {"covered_lines": 0, "num_statements": 8, "percent_covered": 0.0, "percent_covered_display": "0", "missing_lines": 8, "excluded_lines": 0}, "missing_lines": [202, 203, 204, 207, 210, 217, 218, 219], "excluded_lines": []}, "close_agent_integration": {"executed_lines": [], "summary": {"covered_lines": 0, "num_statements": 3, "percent_covered": 0.0, "percent_covered_display": "0", "missing_lines": 3, "excluded_lines": 0}, "missing_lines": [225, 226, 227], "excluded_lines": []}, "get_agent": {"executed_lines": [], "summary": {"covered_lines": 0, "num_statements": 2, "percent_covered": 0.0, "percent_covered_display": "0", "missing_lines": 2, "excluded_lines": 0}, "missing_lines": [233, 234], "excluded_lines": []}, "": {"executed_lines": [], "summary": {"covered_lines": 0, "num_statements": 24, "percent_covered": 0.0, "percent_covered_display": "0", "missing_lines": 24, "excluded_lines": 0}, "missing_lines": [16, 17, 18, 19, 21, 24, 27, 28, 30, 31, 32, 33, 36, 45, 51, 70, 109, 156, 173, 188, 191, 199, 222, 231], "excluded_lines": []}}, "classes": {"AgentConfig": {"executed_lines": [], "summary": {"covered_lines": 0, "num_statements": 0, "percent_covered": 100.0, "percent_covered_display": "100", "missing_lines": 0, "excluded_lines": 0}, "missing_lines": [], "excluded_lines": []}, "AgentIntegrationManager": {"executed_lines": [], "summary": {"covered_lines": 0, "num_statements": 65, "percent_covered": 0.0, "percent_covered_display": "0", "missing_lines": 65, "excluded_lines": 0}, "missing_lines": [46, 47, 48, 49, 53, 54, 55, 57, 58, 61, 63, 64, 66, 67, 68, 82, 83, 85, 87, 94, 97, 98, 100, 101, 103, 105, 106, 107, 111, 117, 119, 120, 122, 123, 126, 127, 128, 129, 131, 133, 135, 136, 138, 139, 143, 145, 147, 148, 149, 158, 161, 162, 163, 164, 165, 166, 167, 169, 170, 171, 175, 177, 180, 182, 183], "excluded_lines": []}, "": {"executed_lines": [], "summary": {"covered_lines": 0, "num_statements": 40, "percent_covered": 0.0, "percent_covered_display": "0", "missing_lines": 40, "excluded_lines": 0}, "missing_lines": [16, 17, 18, 19, 21, 24, 27, 28, 30, 31, 32, 33, 36, 45, 51, 70, 109, 156, 173, 188, 191, 194, 195, 196, 199, 202, 203, 204, 207, 210, 217, 218, 219, 222, 225, 226, 227, 231, 233, 234], "excluded_lines": []}}}, "core/database.py": {"executed_lines": [], "summary": {"covered_lines": 0, "num_statements": 136, "percent_covered": 0.0, "percent_covered_display": "0", "missing_lines": 136, "excluded_lines": 0}, "missing_lines": [16, 17, 18, 19, 20, 21, 23, 24, 25, 27, 30, 31, 33, 34, 35, 36, 37, 38, 39, 40, 41, 43, 44, 46, 49, 58, 59, 60, 61, 62, 64, 66, 67, 68, 70, 71, 74, 76, 86, 87, 90, 92, 93, 94, 96, 98, 99, 100, 101, 102, 103, 105, 106, 107, 109, 111, 112, 114, 115, 117, 119, 120, 122, 124, 125, 127, 129, 130, 132, 134, 135, 137, 139, 140, 142, 144, 145, 147, 149, 150, 151, 154, 155, 156, 157, 163, 165, 166, 167, 169, 171, 177, 180, 183, 186, 189, 191, 194, 195, 196, 197, 198, 199, 200, 201, 202, 203, 206, 209, 210, 212, 213, 215, 225, 236, 239, 242, 243, 244, 247, 250, 251, 252, 254, 255, 256, 257, 260, 263, 264, 265, 269, 270, 272, 273, 274], "excluded_lines": [], "functions": {"DatabaseConfig.connection_string": {"executed_lines": [], "summary": {"covered_lines": 0, "num_statements": 1, "percent_covered": 0.0, "percent_covered_display": "0", "missing_lines": 1, "excluded_lines": 0}, "missing_lines": [46], "excluded_lines": []}, "DatabaseManager.__init__": {"executed_lines": [], "summary": {"covered_lines": 0, "num_statements": 4, "percent_covered": 0.0, "percent_covered_display": "0", "missing_lines": 4, "excluded_lines": 0}, "missing_lines": [59, 60, 61, 62], "excluded_lines": []}, "DatabaseManager.initialize": {"executed_lines": [], "summary": {"covered_lines": 0, "num_statements": 13, "percent_covered": 0.0, "percent_covered_display": "0", "missing_lines": 13, "excluded_lines": 0}, "missing_lines": [66, 67, 68, 70, 71, 74, 76, 86, 87, 90, 92, 93, 94], "excluded_lines": []}, "DatabaseManager.close": {"executed_lines": [], "summary": {"covered_lines": 0, "num_statements": 10, "percent_covered": 0.0, "percent_covered_display": "0", "missing_lines": 10, "excluded_lines": 0}, "missing_lines": [98, 99, 100, 101, 102, 103, 105, 106, 107, 109], "excluded_lines": []}, "DatabaseManager.get_connection": {"executed_lines": [], "summary": {"covered_lines": 0, "num_statements": 5, "percent_covered": 0.0, "percent_covered_display": "0", "missing_lines": 5, "excluded_lines": 0}, "missing_lines": [114, 115, 117, 119, 120], "excluded_lines": []}, "DatabaseManager.execute": {"executed_lines": [], "summary": {"covered_lines": 0, "num_statements": 2, "percent_covered": 0.0, "percent_covered_display": "0", "missing_lines": 2, "excluded_lines": 0}, "missing_lines": [124, 125], "excluded_lines": []}, "DatabaseManager.fetch": {"executed_lines": [], "summary": {"covered_lines": 0, "num_statements": 2, "percent_covered": 0.0, "percent_covered_display": "0", "missing_lines": 2, "excluded_lines": 0}, "missing_lines": [129, 130], "excluded_lines": []}, "DatabaseManager.fetchrow": {"executed_lines": [], "summary": {"covered_lines": 0, "num_statements": 2, "percent_covered": 0.0, "percent_covered_display": "0", "missing_lines": 2, "excluded_lines": 0}, "missing_lines": [134, 135], "excluded_lines": []}, "DatabaseManager.fetchval": {"executed_lines": [], "summary": {"covered_lines": 0, "num_statements": 2, "percent_covered": 0.0, "percent_covered_display": "0", "missing_lines": 2, "excluded_lines": 0}, "missing_lines": [139, 140], "excluded_lines": []}, "DatabaseManager.executemany": {"executed_lines": [], "summary": {"covered_lines": 0, "num_statements": 2, "percent_covered": 0.0, "percent_covered_display": "0", "missing_lines": 2, "excluded_lines": 0}, "missing_lines": [144, 145], "excluded_lines": []}, "DatabaseManager.health_check": {"executed_lines": [], "summary": {"covered_lines": 0, "num_statements": 11, "percent_covered": 0.0, "percent_covered_display": "0", "missing_lines": 11, "excluded_lines": 0}, "missing_lines": [149, 150, 151, 154, 155, 156, 157, 163, 165, 166, 167], "excluded_lines": []}, "DatabaseManager._is_supabase_connection": {"executed_lines": [], "summary": {"covered_lines": 0, "num_statements": 1, "percent_covered": 0.0, "percent_covered_display": "0", "missing_lines": 1, "excluded_lines": 0}, "missing_lines": [171], "excluded_lines": []}, "DatabaseManager._setup_connection": {"executed_lines": [], "summary": {"covered_lines": 0, "num_statements": 4, "percent_covered": 0.0, "percent_covered_display": "0", "missing_lines": 4, "excluded_lines": 0}, "missing_lines": [180, 183, 186, 189], "excluded_lines": []}, "DatabaseManager._health_check_loop": {"executed_lines": [], "summary": {"covered_lines": 0, "num_statements": 10, "percent_covered": 0.0, "percent_covered_display": "0", "missing_lines": 10, "excluded_lines": 0}, "missing_lines": [194, 195, 196, 197, 198, 199, 200, 201, 202, 203], "excluded_lines": []}, "create_database_config": {"executed_lines": [], "summary": {"covered_lines": 0, "num_statements": 6, "percent_covered": 0.0, "percent_covered_display": "0", "missing_lines": 6, "excluded_lines": 0}, "missing_lines": [209, 210, 212, 213, 215, 225], "excluded_lines": []}, "get_database_manager": {"executed_lines": [], "summary": {"covered_lines": 0, "num_statements": 3, "percent_covered": 0.0, "percent_covered_display": "0", "missing_lines": 3, "excluded_lines": 0}, "missing_lines": [242, 243, 244], "excluded_lines": []}, "initialize_database": {"executed_lines": [], "summary": {"covered_lines": 0, "num_statements": 7, "percent_covered": 0.0, "percent_covered_display": "0", "missing_lines": 7, "excluded_lines": 0}, "missing_lines": [250, 251, 252, 254, 255, 256, 257], "excluded_lines": []}, "close_database": {"executed_lines": [], "summary": {"covered_lines": 0, "num_statements": 3, "percent_covered": 0.0, "percent_covered_display": "0", "missing_lines": 3, "excluded_lines": 0}, "missing_lines": [263, 264, 265], "excluded_lines": []}, "get_db_connection": {"executed_lines": [], "summary": {"covered_lines": 0, "num_statements": 3, "percent_covered": 0.0, "percent_covered_display": "0", "missing_lines": 3, "excluded_lines": 0}, "missing_lines": [272, 273, 274], "excluded_lines": []}, "": {"executed_lines": [], "summary": {"covered_lines": 0, "num_statements": 45, "percent_covered": 0.0, "percent_covered_display": "0", "missing_lines": 45, "excluded_lines": 0}, "missing_lines": [16, 17, 18, 19, 20, 21, 23, 24, 25, 27, 30, 31, 33, 34, 35, 36, 37, 38, 39, 40, 41, 43, 44, 49, 58, 64, 96, 111, 112, 122, 127, 132, 137, 142, 147, 169, 177, 191, 206, 236, 239, 247, 260, 269, 270], "excluded_lines": []}}, "classes": {"DatabaseConfig": {"executed_lines": [], "summary": {"covered_lines": 0, "num_statements": 1, "percent_covered": 0.0, "percent_covered_display": "0", "missing_lines": 1, "excluded_lines": 0}, "missing_lines": [46], "excluded_lines": []}, "DatabaseManager": {"executed_lines": [], "summary": {"covered_lines": 0, "num_statements": 68, "percent_covered": 0.0, "percent_covered_display": "0", "missing_lines": 68, "excluded_lines": 0}, "missing_lines": [59, 60, 61, 62, 66, 67, 68, 70, 71, 74, 76, 86, 87, 90, 92, 93, 94, 98, 99, 100, 101, 102, 103, 105, 106, 107, 109, 114, 115, 117, 119, 120, 124, 125, 129, 130, 134, 135, 139, 140, 144, 145, 149, 150, 151, 154, 155, 156, 157, 163, 165, 166, 167, 171, 180, 183, 186, 189, 194, 195, 196, 197, 198, 199, 200, 201, 202, 203], "excluded_lines": []}, "": {"executed_lines": [], "summary": {"covered_lines": 0, "num_statements": 67, "percent_covered": 0.0, "percent_covered_display": "0", "missing_lines": 67, "excluded_lines": 0}, "missing_lines": [16, 17, 18, 19, 20, 21, 23, 24, 25, 27, 30, 31, 33, 34, 35, 36, 37, 38, 39, 40, 41, 43, 44, 49, 58, 64, 96, 111, 112, 122, 127, 132, 137, 142, 147, 169, 177, 191, 206, 209, 210, 212, 213, 215, 225, 236, 239, 242, 243, 244, 247, 250, 251, 252, 254, 255, 256, 257, 260, 263, 264, 265, 269, 270, 272, 273, 274], "excluded_lines": []}}}, "core/resilience/__init__.py": {"executed_lines": [], "summary": {"covered_lines": 0, "num_statements": 4, "percent_covered": 0.0, "percent_covered_display": "0", "missing_lines": 4, "excluded_lines": 0}, "missing_lines": [13, 26, 45, 60], "excluded_lines": [], "functions": {"": {"executed_lines": [], "summary": {"covered_lines": 0, "num_statements": 4, "percent_covered": 0.0, "percent_covered_display": "0", "missing_lines": 4, "excluded_lines": 0}, "missing_lines": [13, 26, 45, 60], "excluded_lines": []}}, "classes": {"": {"executed_lines": [], "summary": {"covered_lines": 0, "num_statements": 4, "percent_covered": 0.0, "percent_covered_display": "0", "missing_lines": 4, "excluded_lines": 0}, "missing_lines": [13, 26, 45, 60], "excluded_lines": []}}}, "core/resilience/circuit_breaker.py": {"executed_lines": [], "summary": {"covered_lines": 0, "num_statements": 197, "percent_covered": 0.0, "percent_covered_display": "0", "missing_lines": 197, "excluded_lines": 0}, "missing_lines": [8, 9, 10, 11, 12, 13, 14, 16, 18, 20, 21, 22, 24, 25, 27, 28, 29, 30, 32, 34, 35, 36, 37, 38, 39, 40, 41, 42, 43, 45, 46, 48, 49, 50, 51, 52, 53, 54, 55, 56, 58, 60, 61, 62, 64, 66, 68, 71, 72, 73, 74, 76, 84, 92, 93, 94, 95, 97, 98, 100, 102, 117, 118, 121, 122, 123, 125, 128, 129, 130, 133, 134, 135, 137, 139, 140, 142, 143, 144, 145, 147, 148, 150, 151, 160, 161, 163, 164, 165, 167, 169, 170, 171, 172, 173, 174, 175, 176, 177, 179, 181, 182, 183, 184, 187, 190, 192, 194, 196, 197, 198, 199, 202, 205, 207, 208, 210, 212, 214, 215, 217, 218, 220, 222, 223, 224, 225, 226, 228, 230, 232, 233, 234, 235, 237, 239, 241, 242, 243, 244, 246, 248, 250, 252, 254, 256, 258, 260, 262, 264, 266, 268, 270, 271, 272, 274, 276, 277, 278, 280, 283, 284, 285, 287, 289, 290, 291, 292, 294, 296, 298, 300, 301, 302, 303, 304, 306, 308, 310, 312, 313, 315, 317, 320, 322, 325, 326, 327, 330, 332, 338, 340, 342, 348, 350, 352, 358], "excluded_lines": [], "functions": {"CircuitBreakerConfig.validate": {"executed_lines": [], "summary": {"covered_lines": 0, "num_statements": 10, "percent_covered": 0.0, "percent_covered_display": "0", "missing_lines": 10, "excluded_lines": 0}, "missing_lines": [34, 35, 36, 37, 38, 39, 40, 41, 42, 43], "excluded_lines": []}, "CircuitBreakerStats.success_rate": {"executed_lines": [], "summary": {"covered_lines": 0, "num_statements": 3, "percent_covered": 0.0, "percent_covered_display": "0", "missing_lines": 3, "excluded_lines": 0}, "missing_lines": [60, 61, 62], "excluded_lines": []}, "CircuitBreakerStats.failure_rate": {"executed_lines": [], "summary": {"covered_lines": 0, "num_statements": 1, "percent_covered": 0.0, "percent_covered_display": "0", "missing_lines": 1, "excluded_lines": 0}, "missing_lines": [66], "excluded_lines": []}, "CircuitBreakerOpenException.__init__": {"executed_lines": [], "summary": {"covered_lines": 0, "num_statements": 3, "percent_covered": 0.0, "percent_covered_display": "0", "missing_lines": 3, "excluded_lines": 0}, "missing_lines": [72, 73, 74], "excluded_lines": []}, "CircuitBreaker.__init__": {"executed_lines": [], "summary": {"covered_lines": 0, "num_statements": 7, "percent_covered": 0.0, "percent_covered_display": "0", "missing_lines": 7, "excluded_lines": 0}, "missing_lines": [92, 93, 94, 95, 97, 98, 100], "excluded_lines": []}, "CircuitBreaker.call": {"executed_lines": [], "summary": {"covered_lines": 0, "num_statements": 21, "percent_covered": 0.0, "percent_covered_display": "0", "missing_lines": 21, "excluded_lines": 0}, "missing_lines": [117, 118, 121, 122, 123, 125, 128, 129, 130, 133, 134, 135, 137, 139, 140, 142, 143, 144, 145, 147, 148], "excluded_lines": []}, "CircuitBreaker.protect": {"executed_lines": [], "summary": {"covered_lines": 0, "num_statements": 15, "percent_covered": 0.0, "percent_covered_display": "0", "missing_lines": 15, "excluded_lines": 0}, "missing_lines": [160, 161, 163, 164, 165, 167, 169, 170, 171, 172, 173, 174, 175, 176, 177], "excluded_lines": []}, "CircuitBreaker._on_success": {"executed_lines": [], "summary": {"covered_lines": 0, "num_statements": 7, "percent_covered": 0.0, "percent_covered_display": "0", "missing_lines": 7, "excluded_lines": 0}, "missing_lines": [181, 182, 183, 184, 187, 190, 192], "excluded_lines": []}, "CircuitBreaker._on_failure": {"executed_lines": [], "summary": {"covered_lines": 0, "num_statements": 9, "percent_covered": 0.0, "percent_covered_display": "0", "missing_lines": 9, "excluded_lines": 0}, "missing_lines": [196, 197, 198, 199, 202, 205, 207, 208, 210], "excluded_lines": []}, "CircuitBreaker._should_attempt_reset": {"executed_lines": [], "summary": {"covered_lines": 0, "num_statements": 4, "percent_covered": 0.0, "percent_covered_display": "0", "missing_lines": 4, "excluded_lines": 0}, "missing_lines": [214, 215, 217, 218], "excluded_lines": []}, "CircuitBreaker._transition_to_closed": {"executed_lines": [], "summary": {"covered_lines": 0, "num_statements": 6, "percent_covered": 0.0, "percent_covered_display": "0", "missing_lines": 6, "excluded_lines": 0}, "missing_lines": [222, 223, 224, 225, 226, 228], "excluded_lines": []}, "CircuitBreaker._transition_to_open": {"executed_lines": [], "summary": {"covered_lines": 0, "num_statements": 5, "percent_covered": 0.0, "percent_covered_display": "0", "missing_lines": 5, "excluded_lines": 0}, "missing_lines": [232, 233, 234, 235, 237], "excluded_lines": []}, "CircuitBreaker._transition_to_half_open": {"executed_lines": [], "summary": {"covered_lines": 0, "num_statements": 5, "percent_covered": 0.0, "percent_covered_display": "0", "missing_lines": 5, "excluded_lines": 0}, "missing_lines": [241, 242, 243, 244, 246], "excluded_lines": []}, "CircuitBreaker.get_stats": {"executed_lines": [], "summary": {"covered_lines": 0, "num_statements": 1, "percent_covered": 0.0, "percent_covered_display": "0", "missing_lines": 1, "excluded_lines": 0}, "missing_lines": [250], "excluded_lines": []}, "CircuitBreaker.get_state": {"executed_lines": [], "summary": {"covered_lines": 0, "num_statements": 1, "percent_covered": 0.0, "percent_covered_display": "0", "missing_lines": 1, "excluded_lines": 0}, "missing_lines": [254], "excluded_lines": []}, "CircuitBreaker.is_closed": {"executed_lines": [], "summary": {"covered_lines": 0, "num_statements": 1, "percent_covered": 0.0, "percent_covered_display": "0", "missing_lines": 1, "excluded_lines": 0}, "missing_lines": [258], "excluded_lines": []}, "CircuitBreaker.is_open": {"executed_lines": [], "summary": {"covered_lines": 0, "num_statements": 1, "percent_covered": 0.0, "percent_covered_display": "0", "missing_lines": 1, "excluded_lines": 0}, "missing_lines": [262], "excluded_lines": []}, "CircuitBreaker.is_half_open": {"executed_lines": [], "summary": {"covered_lines": 0, "num_statements": 1, "percent_covered": 0.0, "percent_covered_display": "0", "missing_lines": 1, "excluded_lines": 0}, "missing_lines": [266], "excluded_lines": []}, "CircuitBreaker.reset": {"executed_lines": [], "summary": {"covered_lines": 0, "num_statements": 3, "percent_covered": 0.0, "percent_covered_display": "0", "missing_lines": 3, "excluded_lines": 0}, "missing_lines": [270, 271, 272], "excluded_lines": []}, "CircuitBreaker.force_open": {"executed_lines": [], "summary": {"covered_lines": 0, "num_statements": 3, "percent_covered": 0.0, "percent_covered_display": "0", "missing_lines": 3, "excluded_lines": 0}, "missing_lines": [276, 277, 278], "excluded_lines": []}, "CircuitBreakerRegistry.__init__": {"executed_lines": [], "summary": {"covered_lines": 0, "num_statements": 2, "percent_covered": 0.0, "percent_covered_display": "0", "missing_lines": 2, "excluded_lines": 0}, "missing_lines": [284, 285], "excluded_lines": []}, "CircuitBreakerRegistry.get_or_create": {"executed_lines": [], "summary": {"covered_lines": 0, "num_statements": 4, "percent_covered": 0.0, "percent_covered_display": "0", "missing_lines": 4, "excluded_lines": 0}, "missing_lines": [289, 290, 291, 292], "excluded_lines": []}, "CircuitBreakerRegistry.get": {"executed_lines": [], "summary": {"covered_lines": 0, "num_statements": 1, "percent_covered": 0.0, "percent_covered_display": "0", "missing_lines": 1, "excluded_lines": 0}, "missing_lines": [296], "excluded_lines": []}, "CircuitBreakerRegistry.remove": {"executed_lines": [], "summary": {"covered_lines": 0, "num_statements": 5, "percent_covered": 0.0, "percent_covered_display": "0", "missing_lines": 5, "excluded_lines": 0}, "missing_lines": [300, 301, 302, 303, 304], "excluded_lines": []}, "CircuitBreakerRegistry.get_all_stats": {"executed_lines": [], "summary": {"covered_lines": 0, "num_statements": 1, "percent_covered": 0.0, "percent_covered_display": "0", "missing_lines": 1, "excluded_lines": 0}, "missing_lines": [308], "excluded_lines": []}, "CircuitBreakerRegistry.reset_all": {"executed_lines": [], "summary": {"covered_lines": 0, "num_statements": 2, "percent_covered": 0.0, "percent_covered_display": "0", "missing_lines": 2, "excluded_lines": 0}, "missing_lines": [312, 313], "excluded_lines": []}, "CircuitBreakerRegistry.list_names": {"executed_lines": [], "summary": {"covered_lines": 0, "num_statements": 1, "percent_covered": 0.0, "percent_covered_display": "0", "missing_lines": 1, "excluded_lines": 0}, "missing_lines": [317], "excluded_lines": []}, "get_circuit_breaker_registry": {"executed_lines": [], "summary": {"covered_lines": 0, "num_statements": 3, "percent_covered": 0.0, "percent_covered_display": "0", "missing_lines": 3, "excluded_lines": 0}, "missing_lines": [325, 326, 327], "excluded_lines": []}, "create_api_circuit_breaker": {"executed_lines": [], "summary": {"covered_lines": 0, "num_statements": 2, "percent_covered": 0.0, "percent_covered_display": "0", "missing_lines": 2, "excluded_lines": 0}, "missing_lines": [332, 338], "excluded_lines": []}, "create_database_circuit_breaker": {"executed_lines": [], "summary": {"covered_lines": 0, "num_statements": 2, "percent_covered": 0.0, "percent_covered_display": "0", "missing_lines": 2, "excluded_lines": 0}, "missing_lines": [342, 348], "excluded_lines": []}, "create_rag_circuit_breaker": {"executed_lines": [], "summary": {"covered_lines": 0, "num_statements": 2, "percent_covered": 0.0, "percent_covered_display": "0", "missing_lines": 2, "excluded_lines": 0}, "missing_lines": [352, 358], "excluded_lines": []}, "": {"executed_lines": [], "summary": {"covered_lines": 0, "num_statements": 65, "percent_covered": 0.0, "percent_covered_display": "0", "missing_lines": 65, "excluded_lines": 0}, "missing_lines": [8, 9, 10, 11, 12, 13, 14, 16, 18, 20, 21, 22, 24, 25, 27, 28, 29, 30, 32, 45, 46, 48, 49, 50, 51, 52, 53, 54, 55, 56, 58, 64, 68, 71, 76, 84, 102, 150, 151, 179, 194, 212, 220, 230, 239, 248, 252, 256, 260, 264, 268, 274, 280, 283, 287, 294, 298, 306, 310, 315, 320, 322, 330, 340, 350], "excluded_lines": []}}, "classes": {"CircuitBreakerState": {"executed_lines": [], "summary": {"covered_lines": 0, "num_statements": 0, "percent_covered": 100.0, "percent_covered_display": "100", "missing_lines": 0, "excluded_lines": 0}, "missing_lines": [], "excluded_lines": []}, "CircuitBreakerConfig": {"executed_lines": [], "summary": {"covered_lines": 0, "num_statements": 10, "percent_covered": 0.0, "percent_covered_display": "0", "missing_lines": 10, "excluded_lines": 0}, "missing_lines": [34, 35, 36, 37, 38, 39, 40, 41, 42, 43], "excluded_lines": []}, "CircuitBreakerStats": {"executed_lines": [], "summary": {"covered_lines": 0, "num_statements": 4, "percent_covered": 0.0, "percent_covered_display": "0", "missing_lines": 4, "excluded_lines": 0}, "missing_lines": [60, 61, 62, 66], "excluded_lines": []}, "CircuitBreakerOpenException": {"executed_lines": [], "summary": {"covered_lines": 0, "num_statements": 3, "percent_covered": 0.0, "percent_covered_display": "0", "missing_lines": 3, "excluded_lines": 0}, "missing_lines": [72, 73, 74], "excluded_lines": []}, "CircuitBreaker": {"executed_lines": [], "summary": {"covered_lines": 0, "num_statements": 90, "percent_covered": 0.0, "percent_covered_display": "0", "missing_lines": 90, "excluded_lines": 0}, "missing_lines": [92, 93, 94, 95, 97, 98, 100, 117, 118, 121, 122, 123, 125, 128, 129, 130, 133, 134, 135, 137, 139, 140, 142, 143, 144, 145, 147, 148, 160, 161, 163, 164, 165, 167, 169, 170, 171, 172, 173, 174, 175, 176, 177, 181, 182, 183, 184, 187, 190, 192, 196, 197, 198, 199, 202, 205, 207, 208, 210, 214, 215, 217, 218, 222, 223, 224, 225, 226, 228, 232, 233, 234, 235, 237, 241, 242, 243, 244, 246, 250, 254, 258, 262, 266, 270, 271, 272, 276, 277, 278], "excluded_lines": []}, "CircuitBreakerRegistry": {"executed_lines": [], "summary": {"covered_lines": 0, "num_statements": 16, "percent_covered": 0.0, "percent_covered_display": "0", "missing_lines": 16, "excluded_lines": 0}, "missing_lines": [284, 285, 289, 290, 291, 292, 296, 300, 301, 302, 303, 304, 308, 312, 313, 317], "excluded_lines": []}, "": {"executed_lines": [], "summary": {"covered_lines": 0, "num_statements": 74, "percent_covered": 0.0, "percent_covered_display": "0", "missing_lines": 74, "excluded_lines": 0}, "missing_lines": [8, 9, 10, 11, 12, 13, 14, 16, 18, 20, 21, 22, 24, 25, 27, 28, 29, 30, 32, 45, 46, 48, 49, 50, 51, 52, 53, 54, 55, 56, 58, 64, 68, 71, 76, 84, 102, 150, 151, 179, 194, 212, 220, 230, 239, 248, 252, 256, 260, 264, 268, 274, 280, 283, 287, 294, 298, 306, 310, 315, 320, 322, 325, 326, 327, 330, 332, 338, 340, 342, 348, 350, 352, 358], "excluded_lines": []}}}, "core/resilience/graceful_degradation.py": {"executed_lines": [], "summary": {"covered_lines": 0, "num_statements": 193, "percent_covered": 0.0, "percent_covered_display": "0", "missing_lines": 193, "excluded_lines": 0}, "missing_lines": [8, 9, 10, 11, 12, 13, 15, 17, 19, 20, 21, 22, 24, 25, 27, 28, 29, 30, 31, 33, 35, 36, 37, 38, 39, 40, 41, 43, 46, 47, 49, 51, 52, 54, 56, 59, 60, 61, 63, 65, 67, 69, 71, 74, 75, 76, 77, 79, 81, 82, 83, 85, 87, 89, 91, 93, 94, 96, 99, 100, 101, 103, 105, 106, 108, 110, 112, 114, 115, 117, 118, 119, 120, 121, 122, 124, 132, 140, 141, 142, 143, 145, 146, 148, 150, 152, 153, 155, 172, 173, 175, 177, 178, 179, 181, 183, 184, 190, 191, 192, 199, 200, 201, 206, 208, 209, 211, 218, 219, 222, 223, 224, 225, 226, 228, 233, 241, 242, 245, 248, 249, 251, 252, 258, 260, 262, 264, 265, 266, 268, 270, 272, 274, 276, 279, 280, 283, 285, 288, 289, 292, 299, 300, 302, 305, 306, 309, 311, 314, 316, 322, 323, 326, 331, 332, 334, 337, 338, 341, 343, 346, 347, 350, 355, 356, 359, 362, 363, 365, 367, 368, 370, 372, 374, 376, 378, 380, 385, 387, 393, 395, 398, 399, 400, 403, 405, 410, 412, 414, 419, 421, 423, 428], "excluded_lines": [], "functions": {"DegradationConfig.validate": {"executed_lines": [], "summary": {"covered_lines": 0, "num_statements": 7, "percent_covered": 0.0, "percent_covered_display": "0", "missing_lines": 7, "excluded_lines": 0}, "missing_lines": [35, 36, 37, 38, 39, 40, 41], "excluded_lines": []}, "FallbackStrategy.execute": {"executed_lines": [], "summary": {"covered_lines": 0, "num_statements": 1, "percent_covered": 0.0, "percent_covered_display": "0", "missing_lines": 1, "excluded_lines": 0}, "missing_lines": [49], "excluded_lines": []}, "FallbackStrategy.get_service_level": {"executed_lines": [], "summary": {"covered_lines": 0, "num_statements": 1, "percent_covered": 0.0, "percent_covered_display": "0", "missing_lines": 1, "excluded_lines": 0}, "missing_lines": [54], "excluded_lines": []}, "StaticFallback.__init__": {"executed_lines": [], "summary": {"covered_lines": 0, "num_statements": 2, "percent_covered": 0.0, "percent_covered_display": "0", "missing_lines": 2, "excluded_lines": 0}, "missing_lines": [60, 61], "excluded_lines": []}, "StaticFallback.execute": {"executed_lines": [], "summary": {"covered_lines": 0, "num_statements": 1, "percent_covered": 0.0, "percent_covered_display": "0", "missing_lines": 1, "excluded_lines": 0}, "missing_lines": [65], "excluded_lines": []}, "StaticFallback.get_service_level": {"executed_lines": [], "summary": {"covered_lines": 0, "num_statements": 1, "percent_covered": 0.0, "percent_covered_display": "0", "missing_lines": 1, "excluded_lines": 0}, "missing_lines": [69], "excluded_lines": []}, "CachedFallback.__init__": {"executed_lines": [], "summary": {"covered_lines": 0, "num_statements": 3, "percent_covered": 0.0, "percent_covered_display": "0", "missing_lines": 3, "excluded_lines": 0}, "missing_lines": [75, 76, 77], "excluded_lines": []}, "CachedFallback.execute": {"executed_lines": [], "summary": {"covered_lines": 0, "num_statements": 4, "percent_covered": 0.0, "percent_covered_display": "0", "missing_lines": 4, "excluded_lines": 0}, "missing_lines": [81, 82, 83, 85], "excluded_lines": []}, "CachedFallback.get_service_level": {"executed_lines": [], "summary": {"covered_lines": 0, "num_statements": 1, "percent_covered": 0.0, "percent_covered_display": "0", "missing_lines": 1, "excluded_lines": 0}, "missing_lines": [89], "excluded_lines": []}, "CachedFallback.set_cache": {"executed_lines": [], "summary": {"covered_lines": 0, "num_statements": 2, "percent_covered": 0.0, "percent_covered_display": "0", "missing_lines": 2, "excluded_lines": 0}, "missing_lines": [93, 94], "excluded_lines": []}, "FunctionFallback.__init__": {"executed_lines": [], "summary": {"covered_lines": 0, "num_statements": 2, "percent_covered": 0.0, "percent_covered_display": "0", "missing_lines": 2, "excluded_lines": 0}, "missing_lines": [100, 101], "excluded_lines": []}, "FunctionFallback.execute": {"executed_lines": [], "summary": {"covered_lines": 0, "num_statements": 3, "percent_covered": 0.0, "percent_covered_display": "0", "missing_lines": 3, "excluded_lines": 0}, "missing_lines": [105, 106, 108], "excluded_lines": []}, "FunctionFallback.get_service_level": {"executed_lines": [], "summary": {"covered_lines": 0, "num_statements": 1, "percent_covered": 0.0, "percent_covered_display": "0", "missing_lines": 1, "excluded_lines": 0}, "missing_lines": [112], "excluded_lines": []}, "GracefulDegradationManager.__init__": {"executed_lines": [], "summary": {"covered_lines": 0, "num_statements": 7, "percent_covered": 0.0, "percent_covered_display": "0", "missing_lines": 7, "excluded_lines": 0}, "missing_lines": [140, 141, 142, 143, 145, 146, 148], "excluded_lines": []}, "GracefulDegradationManager.add_fallback": {"executed_lines": [], "summary": {"covered_lines": 0, "num_statements": 2, "percent_covered": 0.0, "percent_covered_display": "0", "missing_lines": 2, "excluded_lines": 0}, "missing_lines": [152, 153], "excluded_lines": []}, "GracefulDegradationManager.execute_with_fallback": {"executed_lines": [], "summary": {"covered_lines": 0, "num_statements": 35, "percent_covered": 0.0, "percent_covered_display": "0", "missing_lines": 35, "excluded_lines": 0}, "missing_lines": [172, 173, 175, 177, 178, 179, 181, 183, 184, 190, 191, 192, 199, 200, 201, 206, 208, 209, 211, 218, 219, 222, 223, 224, 225, 226, 228, 233, 241, 242, 245, 248, 249, 251, 252], "excluded_lines": []}, "GracefulDegradationManager.get_current_level": {"executed_lines": [], "summary": {"covered_lines": 0, "num_statements": 1, "percent_covered": 0.0, "percent_covered_display": "0", "missing_lines": 1, "excluded_lines": 0}, "missing_lines": [260], "excluded_lines": []}, "GracefulDegradationManager.set_level": {"executed_lines": [], "summary": {"covered_lines": 0, "num_statements": 3, "percent_covered": 0.0, "percent_covered_display": "0", "missing_lines": 3, "excluded_lines": 0}, "missing_lines": [264, 265, 266], "excluded_lines": []}, "GracefulDegradationManager.is_degraded": {"executed_lines": [], "summary": {"covered_lines": 0, "num_statements": 1, "percent_covered": 0.0, "percent_covered_display": "0", "missing_lines": 1, "excluded_lines": 0}, "missing_lines": [270], "excluded_lines": []}, "GracefulDegradationManager.is_available": {"executed_lines": [], "summary": {"covered_lines": 0, "num_statements": 1, "percent_covered": 0.0, "percent_covered_display": "0", "missing_lines": 1, "excluded_lines": 0}, "missing_lines": [274], "excluded_lines": []}, "RAGServiceDegradation.__init__": {"executed_lines": [], "summary": {"covered_lines": 0, "num_statements": 2, "percent_covered": 0.0, "percent_covered_display": "0", "missing_lines": 2, "excluded_lines": 0}, "missing_lines": [280, 283], "excluded_lines": []}, "RAGServiceDegradation._setup_rag_fallbacks": {"executed_lines": [], "summary": {"covered_lines": 0, "num_statements": 5, "percent_covered": 0.0, "percent_covered_display": "0", "missing_lines": 5, "excluded_lines": 0}, "missing_lines": [288, 289, 292, 299, 300], "excluded_lines": []}, "UploadServiceDegradation.__init__": {"executed_lines": [], "summary": {"covered_lines": 0, "num_statements": 2, "percent_covered": 0.0, "percent_covered_display": "0", "missing_lines": 2, "excluded_lines": 0}, "missing_lines": [306, 309], "excluded_lines": []}, "UploadServiceDegradation._setup_upload_fallbacks": {"executed_lines": [], "summary": {"covered_lines": 0, "num_statements": 6, "percent_covered": 0.0, "percent_covered_display": "0", "missing_lines": 6, "excluded_lines": 0}, "missing_lines": [314, 322, 323, 326, 331, 332], "excluded_lines": []}, "UploadServiceDegradation._setup_upload_fallbacks.queue_for_later": {"executed_lines": [], "summary": {"covered_lines": 0, "num_statements": 1, "percent_covered": 0.0, "percent_covered_display": "0", "missing_lines": 1, "excluded_lines": 0}, "missing_lines": [316], "excluded_lines": []}, "DatabaseServiceDegradation.__init__": {"executed_lines": [], "summary": {"covered_lines": 0, "num_statements": 2, "percent_covered": 0.0, "percent_covered_display": "0", "missing_lines": 2, "excluded_lines": 0}, "missing_lines": [338, 341], "excluded_lines": []}, "DatabaseServiceDegradation._setup_database_fallbacks": {"executed_lines": [], "summary": {"covered_lines": 0, "num_statements": 5, "percent_covered": 0.0, "percent_covered_display": "0", "missing_lines": 5, "excluded_lines": 0}, "missing_lines": [346, 347, 350, 355, 356], "excluded_lines": []}, "DegradationRegistry.__init__": {"executed_lines": [], "summary": {"covered_lines": 0, "num_statements": 1, "percent_covered": 0.0, "percent_covered_display": "0", "missing_lines": 1, "excluded_lines": 0}, "missing_lines": [363], "excluded_lines": []}, "DegradationRegistry.register": {"executed_lines": [], "summary": {"covered_lines": 0, "num_statements": 2, "percent_covered": 0.0, "percent_covered_display": "0", "missing_lines": 2, "excluded_lines": 0}, "missing_lines": [367, 368], "excluded_lines": []}, "DegradationRegistry.get": {"executed_lines": [], "summary": {"covered_lines": 0, "num_statements": 1, "percent_covered": 0.0, "percent_covered_display": "0", "missing_lines": 1, "excluded_lines": 0}, "missing_lines": [372], "excluded_lines": []}, "DegradationRegistry.get_all_levels": {"executed_lines": [], "summary": {"covered_lines": 0, "num_statements": 1, "percent_covered": 0.0, "percent_covered_display": "0", "missing_lines": 1, "excluded_lines": 0}, "missing_lines": [376], "excluded_lines": []}, "DegradationRegistry.get_degraded_services": {"executed_lines": [], "summary": {"covered_lines": 0, "num_statements": 1, "percent_covered": 0.0, "percent_covered_display": "0", "missing_lines": 1, "excluded_lines": 0}, "missing_lines": [380], "excluded_lines": []}, "DegradationRegistry.get_unavailable_services": {"executed_lines": [], "summary": {"covered_lines": 0, "num_statements": 1, "percent_covered": 0.0, "percent_covered_display": "0", "missing_lines": 1, "excluded_lines": 0}, "missing_lines": [387], "excluded_lines": []}, "get_degradation_registry": {"executed_lines": [], "summary": {"covered_lines": 0, "num_statements": 3, "percent_covered": 0.0, "percent_covered_display": "0", "missing_lines": 3, "excluded_lines": 0}, "missing_lines": [398, 399, 400], "excluded_lines": []}, "create_rag_degradation_manager": {"executed_lines": [], "summary": {"covered_lines": 0, "num_statements": 2, "percent_covered": 0.0, "percent_covered_display": "0", "missing_lines": 2, "excluded_lines": 0}, "missing_lines": [405, 410], "excluded_lines": []}, "create_upload_degradation_manager": {"executed_lines": [], "summary": {"covered_lines": 0, "num_statements": 2, "percent_covered": 0.0, "percent_covered_display": "0", "missing_lines": 2, "excluded_lines": 0}, "missing_lines": [414, 419], "excluded_lines": []}, "create_database_degradation_manager": {"executed_lines": [], "summary": {"covered_lines": 0, "num_statements": 2, "percent_covered": 0.0, "percent_covered_display": "0", "missing_lines": 2, "excluded_lines": 0}, "missing_lines": [423, 428], "excluded_lines": []}, "": {"executed_lines": [], "summary": {"covered_lines": 0, "num_statements": 75, "percent_covered": 0.0, "percent_covered_display": "0", "missing_lines": 75, "excluded_lines": 0}, "missing_lines": [8, 9, 10, 11, 12, 13, 15, 17, 19, 20, 21, 22, 24, 25, 27, 28, 29, 30, 31, 33, 43, 46, 47, 51, 52, 56, 59, 63, 67, 71, 74, 79, 87, 91, 96, 99, 103, 110, 114, 115, 117, 118, 119, 120, 121, 122, 124, 132, 150, 155, 258, 262, 268, 272, 276, 279, 285, 302, 305, 311, 334, 337, 343, 359, 362, 365, 370, 374, 378, 385, 393, 395, 403, 412, 421], "excluded_lines": []}}, "classes": {"ServiceLevel": {"executed_lines": [], "summary": {"covered_lines": 0, "num_statements": 0, "percent_covered": 100.0, "percent_covered_display": "100", "missing_lines": 0, "excluded_lines": 0}, "missing_lines": [], "excluded_lines": []}, "DegradationConfig": {"executed_lines": [], "summary": {"covered_lines": 0, "num_statements": 7, "percent_covered": 0.0, "percent_covered_display": "0", "missing_lines": 7, "excluded_lines": 0}, "missing_lines": [35, 36, 37, 38, 39, 40, 41], "excluded_lines": []}, "FallbackStrategy": {"executed_lines": [], "summary": {"covered_lines": 0, "num_statements": 2, "percent_covered": 0.0, "percent_covered_display": "0", "missing_lines": 2, "excluded_lines": 0}, "missing_lines": [49, 54], "excluded_lines": []}, "StaticFallback": {"executed_lines": [], "summary": {"covered_lines": 0, "num_statements": 4, "percent_covered": 0.0, "percent_covered_display": "0", "missing_lines": 4, "excluded_lines": 0}, "missing_lines": [60, 61, 65, 69], "excluded_lines": []}, "CachedFallback": {"executed_lines": [], "summary": {"covered_lines": 0, "num_statements": 10, "percent_covered": 0.0, "percent_covered_display": "0", "missing_lines": 10, "excluded_lines": 0}, "missing_lines": [75, 76, 77, 81, 82, 83, 85, 89, 93, 94], "excluded_lines": []}, "FunctionFallback": {"executed_lines": [], "summary": {"covered_lines": 0, "num_statements": 6, "percent_covered": 0.0, "percent_covered_display": "0", "missing_lines": 6, "excluded_lines": 0}, "missing_lines": [100, 101, 105, 106, 108, 112], "excluded_lines": []}, "DegradationResult": {"executed_lines": [], "summary": {"covered_lines": 0, "num_statements": 0, "percent_covered": 100.0, "percent_covered_display": "100", "missing_lines": 0, "excluded_lines": 0}, "missing_lines": [], "excluded_lines": []}, "GracefulDegradationManager": {"executed_lines": [], "summary": {"covered_lines": 0, "num_statements": 50, "percent_covered": 0.0, "percent_covered_display": "0", "missing_lines": 50, "excluded_lines": 0}, "missing_lines": [140, 141, 142, 143, 145, 146, 148, 152, 153, 172, 173, 175, 177, 178, 179, 181, 183, 184, 190, 191, 192, 199, 200, 201, 206, 208, 209, 211, 218, 219, 222, 223, 224, 225, 226, 228, 233, 241, 242, 245, 248, 249, 251, 252, 260, 264, 265, 266, 270, 274], "excluded_lines": []}, "RAGServiceDegradation": {"executed_lines": [], "summary": {"covered_lines": 0, "num_statements": 7, "percent_covered": 0.0, "percent_covered_display": "0", "missing_lines": 7, "excluded_lines": 0}, "missing_lines": [280, 283, 288, 289, 292, 299, 300], "excluded_lines": []}, "UploadServiceDegradation": {"executed_lines": [], "summary": {"covered_lines": 0, "num_statements": 9, "percent_covered": 0.0, "percent_covered_display": "0", "missing_lines": 9, "excluded_lines": 0}, "missing_lines": [306, 309, 314, 316, 322, 323, 326, 331, 332], "excluded_lines": []}, "DatabaseServiceDegradation": {"executed_lines": [], "summary": {"covered_lines": 0, "num_statements": 7, "percent_covered": 0.0, "percent_covered_display": "0", "missing_lines": 7, "excluded_lines": 0}, "missing_lines": [338, 341, 346, 347, 350, 355, 356], "excluded_lines": []}, "DegradationRegistry": {"executed_lines": [], "summary": {"covered_lines": 0, "num_statements": 7, "percent_covered": 0.0, "percent_covered_display": "0", "missing_lines": 7, "excluded_lines": 0}, "missing_lines": [363, 367, 368, 372, 376, 380, 387], "excluded_lines": []}, "": {"executed_lines": [], "summary": {"covered_lines": 0, "num_statements": 84, "percent_covered": 0.0, "percent_covered_display": "0", "missing_lines": 84, "excluded_lines": 0}, "missing_lines": [8, 9, 10, 11, 12, 13, 15, 17, 19, 20, 21, 22, 24, 25, 27, 28, 29, 30, 31, 33, 43, 46, 47, 51, 52, 56, 59, 63, 67, 71, 74, 79, 87, 91, 96, 99, 103, 110, 114, 115, 117, 118, 119, 120, 121, 122, 124, 132, 150, 155, 258, 262, 268, 272, 276, 279, 285, 302, 305, 311, 334, 337, 343, 359, 362, 365, 370, 374, 378, 385, 393, 395, 398, 399, 400, 403, 405, 410, 412, 414, 419, 421, 423, 428], "excluded_lines": []}}}, "core/resilience/monitoring.py": {"executed_lines": [], "summary": {"covered_lines": 0, "num_statements": 289, "percent_covered": 0.0, "percent_covered_display": "0", "missing_lines": 289, "excluded_lines": 0}, "missing_lines": [8, 9, 10, 11, 12, 13, 14, 15, 16, 18, 20, 22, 23, 24, 25, 27, 29, 30, 31, 32, 34, 35, 37, 38, 39, 40, 41, 43, 44, 46, 47, 48, 49, 50, 51, 52, 53, 54, 56, 57, 59, 60, 61, 62, 63, 64, 66, 69, 70, 71, 72, 74, 82, 83, 90, 92, 94, 96, 98, 100, 102, 104, 106, 107, 108, 109, 110, 112, 114, 115, 116, 117, 118, 120, 122, 123, 124, 125, 126, 128, 130, 132, 135, 136, 137, 138, 139, 140, 142, 144, 146, 156, 157, 167, 168, 171, 172, 173, 174, 176, 177, 178, 180, 185, 187, 189, 190, 191, 192, 193, 194, 196, 197, 198, 200, 202, 203, 204, 205, 206, 208, 210, 211, 213, 215, 221, 223, 226, 227, 228, 229, 230, 231, 232, 234, 236, 237, 239, 241, 242, 243, 244, 246, 248, 249, 250, 251, 253, 255, 257, 258, 259, 261, 263, 264, 267, 268, 270, 271, 273, 275, 277, 278, 279, 282, 283, 288, 290, 293, 299, 300, 306, 308, 314, 323, 324, 329, 337, 338, 339, 344, 354, 356, 358, 360, 361, 362, 368, 370, 373, 374, 375, 376, 377, 380, 382, 384, 390, 392, 394, 395, 398, 399, 400, 401, 402, 403, 404, 406, 415, 416, 417, 418, 419, 420, 421, 422, 424, 433, 434, 435, 436, 437, 440, 441, 442, 444, 446, 447, 448, 450, 458, 459, 461, 463, 464, 465, 467, 469, 470, 472, 474, 475, 478, 479, 480, 482, 492, 494, 497, 498, 499, 502, 505, 506, 507, 508, 509, 511, 512, 513, 515, 516, 517, 518, 521, 523, 525, 526, 527, 528, 529, 531, 533, 534, 535, 536, 538, 539, 540, 541, 542, 543, 544, 545, 547, 549, 552, 554], "excluded_lines": [], "functions": {"MetricsCollector.__init__": {"executed_lines": [], "summary": {"covered_lines": 0, "num_statements": 3, "percent_covered": 0.0, "percent_covered_display": "0", "missing_lines": 3, "excluded_lines": 0}, "missing_lines": [70, 71, 72], "excluded_lines": []}, "MetricsCollector.record_metric": {"executed_lines": [], "summary": {"covered_lines": 0, "num_statements": 3, "percent_covered": 0.0, "percent_covered_display": "0", "missing_lines": 3, "excluded_lines": 0}, "missing_lines": [82, 83, 90], "excluded_lines": []}, "MetricsCollector.increment_counter": {"executed_lines": [], "summary": {"covered_lines": 0, "num_statements": 1, "percent_covered": 0.0, "percent_covered_display": "0", "missing_lines": 1, "excluded_lines": 0}, "missing_lines": [94], "excluded_lines": []}, "MetricsCollector.set_gauge": {"executed_lines": [], "summary": {"covered_lines": 0, "num_statements": 1, "percent_covered": 0.0, "percent_covered_display": "0", "missing_lines": 1, "excluded_lines": 0}, "missing_lines": [98], "excluded_lines": []}, "MetricsCollector.record_timer": {"executed_lines": [], "summary": {"covered_lines": 0, "num_statements": 1, "percent_covered": 0.0, "percent_covered_display": "0", "missing_lines": 1, "excluded_lines": 0}, "missing_lines": [102], "excluded_lines": []}, "MetricsCollector.get_metrics": {"executed_lines": [], "summary": {"covered_lines": 0, "num_statements": 5, "percent_covered": 0.0, "percent_covered_display": "0", "missing_lines": 5, "excluded_lines": 0}, "missing_lines": [106, 107, 108, 109, 110], "excluded_lines": []}, "MetricsCollector.get_latest_value": {"executed_lines": [], "summary": {"covered_lines": 0, "num_statements": 5, "percent_covered": 0.0, "percent_covered_display": "0", "missing_lines": 5, "excluded_lines": 0}, "missing_lines": [114, 115, 116, 117, 118], "excluded_lines": []}, "MetricsCollector.get_average": {"executed_lines": [], "summary": {"covered_lines": 0, "num_statements": 5, "percent_covered": 0.0, "percent_covered_display": "0", "missing_lines": 5, "excluded_lines": 0}, "missing_lines": [122, 123, 124, 125, 126], "excluded_lines": []}, "MetricsCollector.get_all_metric_names": {"executed_lines": [], "summary": {"covered_lines": 0, "num_statements": 1, "percent_covered": 0.0, "percent_covered_display": "0", "missing_lines": 1, "excluded_lines": 0}, "missing_lines": [130], "excluded_lines": []}, "AlertManager.__init__": {"executed_lines": [], "summary": {"covered_lines": 0, "num_statements": 5, "percent_covered": 0.0, "percent_covered_display": "0", "missing_lines": 5, "excluded_lines": 0}, "missing_lines": [136, 137, 138, 139, 140], "excluded_lines": []}, "AlertManager.add_alert_handler": {"executed_lines": [], "summary": {"covered_lines": 0, "num_statements": 1, "percent_covered": 0.0, "percent_covered_display": "0", "missing_lines": 1, "excluded_lines": 0}, "missing_lines": [144], "excluded_lines": []}, "AlertManager.create_alert": {"executed_lines": [], "summary": {"covered_lines": 0, "num_statements": 13, "percent_covered": 0.0, "percent_covered_display": "0", "missing_lines": 13, "excluded_lines": 0}, "missing_lines": [156, 157, 167, 168, 171, 172, 173, 174, 176, 177, 178, 180, 185], "excluded_lines": []}, "AlertManager.resolve_alert": {"executed_lines": [], "summary": {"covered_lines": 0, "num_statements": 9, "percent_covered": 0.0, "percent_covered_display": "0", "missing_lines": 9, "excluded_lines": 0}, "missing_lines": [189, 190, 191, 192, 193, 194, 196, 197, 198], "excluded_lines": []}, "AlertManager.get_active_alerts": {"executed_lines": [], "summary": {"covered_lines": 0, "num_statements": 5, "percent_covered": 0.0, "percent_covered_display": "0", "missing_lines": 5, "excluded_lines": 0}, "missing_lines": [202, 203, 204, 205, 206], "excluded_lines": []}, "AlertManager.get_alert_history": {"executed_lines": [], "summary": {"covered_lines": 0, "num_statements": 2, "percent_covered": 0.0, "percent_covered_display": "0", "missing_lines": 2, "excluded_lines": 0}, "missing_lines": [210, 211], "excluded_lines": []}, "AlertManager._get_log_level": {"executed_lines": [], "summary": {"covered_lines": 0, "num_statements": 2, "percent_covered": 0.0, "percent_covered_display": "0", "missing_lines": 2, "excluded_lines": 0}, "missing_lines": [215, 221], "excluded_lines": []}, "HealthMonitor.__init__": {"executed_lines": [], "summary": {"covered_lines": 0, "num_statements": 6, "percent_covered": 0.0, "percent_covered_display": "0", "missing_lines": 6, "excluded_lines": 0}, "missing_lines": [227, 228, 229, 230, 231, 232], "excluded_lines": []}, "HealthMonitor.add_health_check": {"executed_lines": [], "summary": {"covered_lines": 0, "num_statements": 2, "percent_covered": 0.0, "percent_covered_display": "0", "missing_lines": 2, "excluded_lines": 0}, "missing_lines": [236, 237], "excluded_lines": []}, "HealthMonitor.start_monitoring": {"executed_lines": [], "summary": {"covered_lines": 0, "num_statements": 10, "percent_covered": 0.0, "percent_covered_display": "0", "missing_lines": 10, "excluded_lines": 0}, "missing_lines": [241, 242, 243, 244, 246, 248, 249, 250, 251, 253], "excluded_lines": []}, "HealthMonitor.stop_monitoring": {"executed_lines": [], "summary": {"covered_lines": 0, "num_statements": 10, "percent_covered": 0.0, "percent_covered_display": "0", "missing_lines": 10, "excluded_lines": 0}, "missing_lines": [257, 258, 259, 261, 263, 264, 267, 268, 270, 271], "excluded_lines": []}, "HealthMonitor._monitor_health_check": {"executed_lines": [], "summary": {"covered_lines": 0, "num_statements": 22, "percent_covered": 0.0, "percent_covered_display": "0", "missing_lines": 22, "excluded_lines": 0}, "missing_lines": [275, 277, 278, 279, 282, 283, 288, 290, 293, 299, 300, 306, 308, 314, 323, 324, 329, 337, 338, 339, 344, 354], "excluded_lines": []}, "HealthMonitor.get_health_status": {"executed_lines": [], "summary": {"covered_lines": 0, "num_statements": 5, "percent_covered": 0.0, "percent_covered_display": "0", "missing_lines": 5, "excluded_lines": 0}, "missing_lines": [358, 360, 361, 362, 368], "excluded_lines": []}, "SystemMonitor.__init__": {"executed_lines": [], "summary": {"covered_lines": 0, "num_statements": 5, "percent_covered": 0.0, "percent_covered_display": "0", "missing_lines": 5, "excluded_lines": 0}, "missing_lines": [374, 375, 376, 377, 380], "excluded_lines": []}, "SystemMonitor._log_alert": {"executed_lines": [], "summary": {"covered_lines": 0, "num_statements": 2, "percent_covered": 0.0, "percent_covered_display": "0", "missing_lines": 2, "excluded_lines": 0}, "missing_lines": [384, 390], "excluded_lines": []}, "SystemMonitor.register_system_health_checks": {"executed_lines": [], "summary": {"covered_lines": 0, "num_statements": 10, "percent_covered": 0.0, "percent_covered_display": "0", "missing_lines": 10, "excluded_lines": 0}, "missing_lines": [394, 395, 398, 406, 415, 424, 433, 450, 458, 459], "excluded_lines": []}, "SystemMonitor.register_system_health_checks.check_database": {"executed_lines": [], "summary": {"covered_lines": 0, "num_statements": 6, "percent_covered": 0.0, "percent_covered_display": "0", "missing_lines": 6, "excluded_lines": 0}, "missing_lines": [399, 400, 401, 402, 403, 404], "excluded_lines": []}, "SystemMonitor.register_system_health_checks.check_rag_service": {"executed_lines": [], "summary": {"covered_lines": 0, "num_statements": 7, "percent_covered": 0.0, "percent_covered_display": "0", "missing_lines": 7, "excluded_lines": 0}, "missing_lines": [416, 417, 418, 419, 420, 421, 422], "excluded_lines": []}, "SystemMonitor.register_system_health_checks.check_memory_usage": {"executed_lines": [], "summary": {"covered_lines": 0, "num_statements": 11, "percent_covered": 0.0, "percent_covered_display": "0", "missing_lines": 11, "excluded_lines": 0}, "missing_lines": [434, 435, 436, 437, 440, 441, 442, 444, 446, 447, 448], "excluded_lines": []}, "SystemMonitor.start": {"executed_lines": [], "summary": {"covered_lines": 0, "num_statements": 3, "percent_covered": 0.0, "percent_covered_display": "0", "missing_lines": 3, "excluded_lines": 0}, "missing_lines": [463, 464, 465], "excluded_lines": []}, "SystemMonitor.stop": {"executed_lines": [], "summary": {"covered_lines": 0, "num_statements": 2, "percent_covered": 0.0, "percent_covered_display": "0", "missing_lines": 2, "excluded_lines": 0}, "missing_lines": [469, 470], "excluded_lines": []}, "SystemMonitor.get_system_status": {"executed_lines": [], "summary": {"covered_lines": 0, "num_statements": 6, "percent_covered": 0.0, "percent_covered_display": "0", "missing_lines": 6, "excluded_lines": 0}, "missing_lines": [474, 475, 478, 479, 480, 482], "excluded_lines": []}, "get_system_monitor": {"executed_lines": [], "summary": {"covered_lines": 0, "num_statements": 3, "percent_covered": 0.0, "percent_covered_display": "0", "missing_lines": 3, "excluded_lines": 0}, "missing_lines": [497, 498, 499], "excluded_lines": []}, "MetricTimer.__init__": {"executed_lines": [], "summary": {"covered_lines": 0, "num_statements": 4, "percent_covered": 0.0, "percent_covered_display": "0", "missing_lines": 4, "excluded_lines": 0}, "missing_lines": [506, 507, 508, 509], "excluded_lines": []}, "MetricTimer.__aenter__": {"executed_lines": [], "summary": {"covered_lines": 0, "num_statements": 2, "percent_covered": 0.0, "percent_covered_display": "0", "missing_lines": 2, "excluded_lines": 0}, "missing_lines": [512, 513], "excluded_lines": []}, "MetricTimer.__aexit__": {"executed_lines": [], "summary": {"covered_lines": 0, "num_statements": 3, "percent_covered": 0.0, "percent_covered_display": "0", "missing_lines": 3, "excluded_lines": 0}, "missing_lines": [516, 517, 518], "excluded_lines": []}, "time_metric": {"executed_lines": [], "summary": {"covered_lines": 0, "num_statements": 3, "percent_covered": 0.0, "percent_covered_display": "0", "missing_lines": 3, "excluded_lines": 0}, "missing_lines": [523, 525, 554], "excluded_lines": []}, "time_metric.decorator": {"executed_lines": [], "summary": {"covered_lines": 0, "num_statements": 5, "percent_covered": 0.0, "percent_covered_display": "0", "missing_lines": 5, "excluded_lines": 0}, "missing_lines": [526, 531, 547, 549, 552], "excluded_lines": []}, "time_metric.decorator.async_wrapper": {"executed_lines": [], "summary": {"covered_lines": 0, "num_statements": 3, "percent_covered": 0.0, "percent_covered_display": "0", "missing_lines": 3, "excluded_lines": 0}, "missing_lines": [527, 528, 529], "excluded_lines": []}, "time_metric.decorator.sync_wrapper": {"executed_lines": [], "summary": {"covered_lines": 0, "num_statements": 12, "percent_covered": 0.0, "percent_covered_display": "0", "missing_lines": 12, "excluded_lines": 0}, "missing_lines": [533, 534, 535, 536, 538, 539, 540, 541, 542, 543, 544, 545], "excluded_lines": []}, "": {"executed_lines": [], "summary": {"covered_lines": 0, "num_statements": 85, "percent_covered": 0.0, "percent_covered_display": "0", "missing_lines": 85, "excluded_lines": 0}, "missing_lines": [8, 9, 10, 11, 12, 13, 14, 15, 16, 18, 20, 22, 23, 24, 25, 27, 29, 30, 31, 32, 34, 35, 37, 38, 39, 40, 41, 43, 44, 46, 47, 48, 49, 50, 51, 52, 53, 54, 56, 57, 59, 60, 61, 62, 63, 64, 66, 69, 74, 92, 96, 100, 104, 112, 120, 128, 132, 135, 142, 146, 187, 200, 208, 213, 223, 226, 234, 239, 255, 273, 356, 370, 373, 382, 392, 461, 467, 472, 492, 494, 502, 505, 511, 515, 521], "excluded_lines": []}}, "classes": {"AlertLevel": {"executed_lines": [], "summary": {"covered_lines": 0, "num_statements": 0, "percent_covered": 100.0, "percent_covered_display": "100", "missing_lines": 0, "excluded_lines": 0}, "missing_lines": [], "excluded_lines": []}, "MetricType": {"executed_lines": [], "summary": {"covered_lines": 0, "num_statements": 0, "percent_covered": 100.0, "percent_covered_display": "100", "missing_lines": 0, "excluded_lines": 0}, "missing_lines": [], "excluded_lines": []}, "MetricPoint": {"executed_lines": [], "summary": {"covered_lines": 0, "num_statements": 0, "percent_covered": 100.0, "percent_covered_display": "100", "missing_lines": 0, "excluded_lines": 0}, "missing_lines": [], "excluded_lines": []}, "Alert": {"executed_lines": [], "summary": {"covered_lines": 0, "num_statements": 0, "percent_covered": 100.0, "percent_covered_display": "100", "missing_lines": 0, "excluded_lines": 0}, "missing_lines": [], "excluded_lines": []}, "HealthCheck": {"executed_lines": [], "summary": {"covered_lines": 0, "num_statements": 0, "percent_covered": 100.0, "percent_covered_display": "100", "missing_lines": 0, "excluded_lines": 0}, "missing_lines": [], "excluded_lines": []}, "MetricsCollector": {"executed_lines": [], "summary": {"covered_lines": 0, "num_statements": 25, "percent_covered": 0.0, "percent_covered_display": "0", "missing_lines": 25, "excluded_lines": 0}, "missing_lines": [70, 71, 72, 82, 83, 90, 94, 98, 102, 106, 107, 108, 109, 110, 114, 115, 116, 117, 118, 122, 123, 124, 125, 126, 130], "excluded_lines": []}, "AlertManager": {"executed_lines": [], "summary": {"covered_lines": 0, "num_statements": 37, "percent_covered": 0.0, "percent_covered_display": "0", "missing_lines": 37, "excluded_lines": 0}, "missing_lines": [136, 137, 138, 139, 140, 144, 156, 157, 167, 168, 171, 172, 173, 174, 176, 177, 178, 180, 185, 189, 190, 191, 192, 193, 194, 196, 197, 198, 202, 203, 204, 205, 206, 210, 211, 215, 221], "excluded_lines": []}, "HealthMonitor": {"executed_lines": [], "summary": {"covered_lines": 0, "num_statements": 55, "percent_covered": 0.0, "percent_covered_display": "0", "missing_lines": 55, "excluded_lines": 0}, "missing_lines": [227, 228, 229, 230, 231, 232, 236, 237, 241, 242, 243, 244, 246, 248, 249, 250, 251, 253, 257, 258, 259, 261, 263, 264, 267, 268, 270, 271, 275, 277, 278, 279, 282, 283, 288, 290, 293, 299, 300, 306, 308, 314, 323, 324, 329, 337, 338, 339, 344, 354, 358, 360, 361, 362, 368], "excluded_lines": []}, "SystemMonitor": {"executed_lines": [], "summary": {"covered_lines": 0, "num_statements": 52, "percent_covered": 0.0, "percent_covered_display": "0", "missing_lines": 52, "excluded_lines": 0}, "missing_lines": [374, 375, 376, 377, 380, 384, 390, 394, 395, 398, 399, 400, 401, 402, 403, 404, 406, 415, 416, 417, 418, 419, 420, 421, 422, 424, 433, 434, 435, 436, 437, 440, 441, 442, 444, 446, 447, 448, 450, 458, 459, 463, 464, 465, 469, 470, 474, 475, 478, 479, 480, 482], "excluded_lines": []}, "MetricTimer": {"executed_lines": [], "summary": {"covered_lines": 0, "num_statements": 9, "percent_covered": 0.0, "percent_covered_display": "0", "missing_lines": 9, "excluded_lines": 0}, "missing_lines": [506, 507, 508, 509, 512, 513, 516, 517, 518], "excluded_lines": []}, "": {"executed_lines": [], "summary": {"covered_lines": 0, "num_statements": 111, "percent_covered": 0.0, "percent_covered_display": "0", "missing_lines": 111, "excluded_lines": 0}, "missing_lines": [8, 9, 10, 11, 12, 13, 14, 15, 16, 18, 20, 22, 23, 24, 25, 27, 29, 30, 31, 32, 34, 35, 37, 38, 39, 40, 41, 43, 44, 46, 47, 48, 49, 50, 51, 52, 53, 54, 56, 57, 59, 60, 61, 62, 63, 64, 66, 69, 74, 92, 96, 100, 104, 112, 120, 128, 132, 135, 142, 146, 187, 200, 208, 213, 223, 226, 234, 239, 255, 273, 356, 370, 373, 382, 392, 461, 467, 472, 492, 494, 497, 498, 499, 502, 505, 511, 515, 521, 523, 525, 526, 527, 528, 529, 531, 533, 534, 535, 536, 538, 539, 540, 541, 542, 543, 544, 545, 547, 549, 552, 554], "excluded_lines": []}}}, "core/service_manager.py": {"executed_lines": [], "summary": {"covered_lines": 0, "num_statements": 216, "percent_covered": 0.0, "percent_covered_display": "0", "missing_lines": 216, "excluded_lines": 0}, "missing_lines": [9, 10, 11, 12, 13, 14, 17, 24, 26, 28, 29, 30, 31, 32, 33, 34, 36, 37, 39, 40, 41, 42, 43, 44, 45, 46, 47, 48, 49, 50, 52, 60, 62, 63, 64, 65, 66, 67, 68, 70, 92, 93, 98, 109, 111, 121, 122, 123, 124, 126, 136, 137, 139, 146, 147, 148, 150, 151, 152, 154, 156, 159, 160, 161, 162, 163, 165, 166, 167, 169, 170, 171, 173, 180, 181, 182, 184, 185, 186, 188, 190, 192, 193, 195, 196, 197, 198, 200, 201, 202, 204, 211, 213, 214, 215, 216, 217, 224, 230, 231, 238, 240, 243, 244, 245, 247, 248, 249, 250, 251, 253, 254, 257, 258, 259, 260, 262, 263, 264, 266, 267, 268, 270, 272, 274, 275, 277, 279, 280, 281, 282, 285, 286, 287, 288, 289, 290, 291, 292, 294, 295, 297, 298, 300, 301, 304, 305, 306, 309, 310, 312, 315, 316, 319, 320, 322, 325, 326, 327, 328, 329, 331, 332, 335, 340, 341, 343, 344, 345, 348, 354, 355, 364, 365, 367, 369, 370, 372, 373, 374, 375, 376, 377, 378, 380, 381, 382, 384, 385, 386, 387, 389, 391, 392, 393, 395, 397, 398, 400, 401, 402, 403, 405, 407, 409, 411, 413, 415, 418, 420, 423, 424, 425, 427, 430, 431], "excluded_lines": [], "functions": {"ServiceManager.__init__": {"executed_lines": [], "summary": {"covered_lines": 0, "num_statements": 7, "percent_covered": 0.0, "percent_covered_display": "0", "missing_lines": 7, "excluded_lines": 0}, "missing_lines": [62, 63, 64, 65, 66, 67, 68], "excluded_lines": []}, "ServiceManager.register_service": {"executed_lines": [], "summary": {"covered_lines": 0, "num_statements": 4, "percent_covered": 0.0, "percent_covered_display": "0", "missing_lines": 4, "excluded_lines": 0}, "missing_lines": [92, 93, 98, 109], "excluded_lines": []}, "ServiceManager.get_service": {"executed_lines": [], "summary": {"covered_lines": 0, "num_statements": 4, "percent_covered": 0.0, "percent_covered_display": "0", "missing_lines": 4, "excluded_lines": 0}, "missing_lines": [121, 122, 123, 124], "excluded_lines": []}, "ServiceManager.get_service_status": {"executed_lines": [], "summary": {"covered_lines": 0, "num_statements": 2, "percent_covered": 0.0, "percent_covered_display": "0", "missing_lines": 2, "excluded_lines": 0}, "missing_lines": [136, 137], "excluded_lines": []}, "ServiceManager.initialize_all_services": {"executed_lines": [], "summary": {"covered_lines": 0, "num_statements": 19, "percent_covered": 0.0, "percent_covered_display": "0", "missing_lines": 19, "excluded_lines": 0}, "missing_lines": [146, 147, 148, 150, 151, 152, 154, 156, 159, 160, 161, 162, 163, 165, 166, 167, 169, 170, 171], "excluded_lines": []}, "ServiceManager.shutdown_all_services": {"executed_lines": [], "summary": {"covered_lines": 0, "num_statements": 17, "percent_covered": 0.0, "percent_covered_display": "0", "missing_lines": 17, "excluded_lines": 0}, "missing_lines": [180, 181, 182, 184, 185, 186, 188, 190, 192, 193, 195, 196, 197, 198, 200, 201, 202], "excluded_lines": []}, "ServiceManager.health_check_all": {"executed_lines": [], "summary": {"covered_lines": 0, "num_statements": 10, "percent_covered": 0.0, "percent_covered_display": "0", "missing_lines": 10, "excluded_lines": 0}, "missing_lines": [211, 213, 214, 215, 216, 217, 224, 230, 231, 238], "excluded_lines": []}, "ServiceManager._calculate_initialization_order": {"executed_lines": [], "summary": {"covered_lines": 0, "num_statements": 8, "percent_covered": 0.0, "percent_covered_display": "0", "missing_lines": 8, "excluded_lines": 0}, "missing_lines": [243, 244, 245, 247, 266, 267, 268, 270], "excluded_lines": []}, "ServiceManager._calculate_initialization_order.visit": {"executed_lines": [], "summary": {"covered_lines": 0, "num_statements": 13, "percent_covered": 0.0, "percent_covered_display": "0", "missing_lines": 13, "excluded_lines": 0}, "missing_lines": [248, 249, 250, 251, 253, 254, 257, 258, 259, 260, 262, 263, 264], "excluded_lines": []}, "ServiceManager._initialize_service": {"executed_lines": [], "summary": {"covered_lines": 0, "num_statements": 50, "percent_covered": 0.0, "percent_covered_display": "0", "missing_lines": 50, "excluded_lines": 0}, "missing_lines": [274, 275, 277, 279, 280, 281, 282, 285, 286, 287, 288, 289, 290, 291, 292, 294, 295, 297, 298, 300, 301, 304, 305, 306, 309, 310, 312, 315, 316, 319, 320, 322, 325, 326, 327, 328, 329, 331, 332, 335, 340, 341, 343, 344, 345, 348, 354, 355, 364, 365], "excluded_lines": []}, "ServiceManager._shutdown_service": {"executed_lines": [], "summary": {"covered_lines": 0, "num_statements": 16, "percent_covered": 0.0, "percent_covered_display": "0", "missing_lines": 16, "excluded_lines": 0}, "missing_lines": [369, 370, 372, 373, 374, 375, 376, 377, 378, 380, 381, 382, 384, 385, 386, 387], "excluded_lines": []}, "ServiceManager._run_health_check": {"executed_lines": [], "summary": {"covered_lines": 0, "num_statements": 10, "percent_covered": 0.0, "percent_covered_display": "0", "missing_lines": 10, "excluded_lines": 0}, "missing_lines": [391, 392, 393, 395, 397, 398, 400, 401, 402, 403], "excluded_lines": []}, "ServiceManager.get_initialization_order": {"executed_lines": [], "summary": {"covered_lines": 0, "num_statements": 1, "percent_covered": 0.0, "percent_covered_display": "0", "missing_lines": 1, "excluded_lines": 0}, "missing_lines": [407], "excluded_lines": []}, "ServiceManager.is_initialized": {"executed_lines": [], "summary": {"covered_lines": 0, "num_statements": 1, "percent_covered": 0.0, "percent_covered_display": "0", "missing_lines": 1, "excluded_lines": 0}, "missing_lines": [411], "excluded_lines": []}, "ServiceManager.is_shutting_down": {"executed_lines": [], "summary": {"covered_lines": 0, "num_statements": 1, "percent_covered": 0.0, "percent_covered_display": "0", "missing_lines": 1, "excluded_lines": 0}, "missing_lines": [415], "excluded_lines": []}, "get_service_manager": {"executed_lines": [], "summary": {"covered_lines": 0, "num_statements": 3, "percent_covered": 0.0, "percent_covered_display": "0", "missing_lines": 3, "excluded_lines": 0}, "missing_lines": [423, 424, 425], "excluded_lines": []}, "initialize_service_manager": {"executed_lines": [], "summary": {"covered_lines": 0, "num_statements": 2, "percent_covered": 0.0, "percent_covered_display": "0", "missing_lines": 2, "excluded_lines": 0}, "missing_lines": [430, 431], "excluded_lines": []}, "": {"executed_lines": [], "summary": {"covered_lines": 0, "num_statements": 48, "percent_covered": 0.0, "percent_covered_display": "0", "missing_lines": 48, "excluded_lines": 0}, "missing_lines": [9, 10, 11, 12, 13, 14, 17, 24, 26, 28, 29, 30, 31, 32, 33, 34, 36, 37, 39, 40, 41, 42, 43, 44, 45, 46, 47, 48, 49, 50, 52, 60, 70, 111, 126, 139, 173, 204, 240, 272, 367, 389, 405, 409, 413, 418, 420, 427], "excluded_lines": []}}, "classes": {"ServiceStatus": {"executed_lines": [], "summary": {"covered_lines": 0, "num_statements": 0, "percent_covered": 100.0, "percent_covered_display": "100", "missing_lines": 0, "excluded_lines": 0}, "missing_lines": [], "excluded_lines": []}, "ServiceInfo": {"executed_lines": [], "summary": {"covered_lines": 0, "num_statements": 0, "percent_covered": 100.0, "percent_covered_display": "100", "missing_lines": 0, "excluded_lines": 0}, "missing_lines": [], "excluded_lines": []}, "ServiceManager": {"executed_lines": [], "summary": {"covered_lines": 0, "num_statements": 163, "percent_covered": 0.0, "percent_covered_display": "0", "missing_lines": 163, "excluded_lines": 0}, "missing_lines": [62, 63, 64, 65, 66, 67, 68, 92, 93, 98, 109, 121, 122, 123, 124, 136, 137, 146, 147, 148, 150, 151, 152, 154, 156, 159, 160, 161, 162, 163, 165, 166, 167, 169, 170, 171, 180, 181, 182, 184, 185, 186, 188, 190, 192, 193, 195, 196, 197, 198, 200, 201, 202, 211, 213, 214, 215, 216, 217, 224, 230, 231, 238, 243, 244, 245, 247, 248, 249, 250, 251, 253, 254, 257, 258, 259, 260, 262, 263, 264, 266, 267, 268, 270, 274, 275, 277, 279, 280, 281, 282, 285, 286, 287, 288, 289, 290, 291, 292, 294, 295, 297, 298, 300, 301, 304, 305, 306, 309, 310, 312, 315, 316, 319, 320, 322, 325, 326, 327, 328, 329, 331, 332, 335, 340, 341, 343, 344, 345, 348, 354, 355, 364, 365, 369, 370, 372, 373, 374, 375, 376, 377, 378, 380, 381, 382, 384, 385, 386, 387, 391, 392, 393, 395, 397, 398, 400, 401, 402, 403, 407, 411, 415], "excluded_lines": []}, "": {"executed_lines": [], "summary": {"covered_lines": 0, "num_statements": 53, "percent_covered": 0.0, "percent_covered_display": "0", "missing_lines": 53, "excluded_lines": 0}, "missing_lines": [9, 10, 11, 12, 13, 14, 17, 24, 26, 28, 29, 30, 31, 32, 33, 34, 36, 37, 39, 40, 41, 42, 43, 44, 45, 46, 47, 48, 49, 50, 52, 60, 70, 111, 126, 139, 173, 204, 240, 272, 367, 389, 405, 409, 413, 418, 420, 423, 424, 425, 427, 430, 431], "excluded_lines": []}}}}, "totals": {"covered_lines": 0, "num_statements": 1268, "percent_covered": 0.0, "percent_covered_display": "0", "missing_lines": 1268, "excluded_lines": 0}}