<testsuites id="" name="" tests="4" failures="4" skipped="0" errors="0" time="10.654734999999999">
<testsuite name="frontend-upload-test.spec.ts" timestamp="2025-09-07T21:20:00.255Z" hostname="chromium" tests="4" failures="4" skipped="0" time="23.252" errors="0">
<testcase name="Frontend Upload Pipeline â€º Complete upload workflow - Registration, Login, Upload, Processing" classname="frontend-upload-test.spec.ts" time="7.112">
<failure message="frontend-upload-test.spec.ts:224:7 Complete upload workflow - Registration, Login, Upload, Processing" type="FAILURE">
<![CDATA[  [chromium] â€º frontend-upload-test.spec.ts:224:7 â€º Frontend Upload Pipeline â€º Complete upload workflow - Registration, Login, Upload, Processing 

    Error: expect.toBeVisible: Error: strict mode violation: locator('text=Login').or(locator('text=Sign In')).or(locator('text=Get Started')).or(locator('[data-testid="login-button"]')) resolved to 3 elements:
        1) <button class="inline-flex items-center justify-center gap-2 whitespace-nowrap rounded-md text-sm font-medium transition-colors focus-visible:outline-none focus-visible:ring-1 focus-visible:ring-ring disabled:pointer-events-none disabled:opacity-50 [&_svg]:pointer-events-none [&_svg]:size-4 [&_svg]:shrink-0 border bg-background shadow-sm hover:text-accent-foreground h-9 px-4 py-2 text-teal-700 border-teal-700 hover:bg-teal-50">â€¦</button> aka getByRole('button', { name: 'Sign In' })
        2) <button class="inline-flex items-center justify-center gap-2 whitespace-nowrap rounded-md text-sm font-medium transition-colors focus-visible:outline-none focus-visible:ring-1 focus-visible:ring-ring disabled:pointer-events-none disabled:opacity-50 [&_svg]:pointer-events-none [&_svg]:size-4 [&_svg]:shrink-0 shadow h-9 px-4 py-2 bg-teal-700 hover:bg-teal-800 text-white">Get Started</button> aka getByRole('link', { name: 'Get Started' }).getByRole('button')
        3) <button class="inline-flex items-center justify-center gap-2 whitespace-nowrap font-medium focus-visible:outline-none focus-visible:ring-1 focus-visible:ring-ring disabled:pointer-events-none disabled:opacity-50 [&_svg]:pointer-events-none [&_svg]:size-4 [&_svg]:shrink-0 h-10 bg-terracotta hover:bg-terracotta-600 text-white px-8 py-6 text-lg rounded-xl shadow-lg transition-all">â€¦</button> aka locator('section').filter({ hasText: 'Navigate Medicare with' }).getByRole('button')

    Call log:
      - Expect "toBeVisible" with timeout 10000ms
      - waiting for locator('text=Login').or(locator('text=Sign In')).or(locator('text=Get Started')).or(locator('[data-testid="login-button"]'))


      85 |   // Look for login/register button or navigation
      86 |   const authButton = page.locator('text=Login').or(page.locator('text=Sign In')).or(page.locator('text=Get Started')).or(page.locator('[data-testid="login-button"]'));
    > 87 |   await expect(authButton).toBeVisible({ timeout: 10000 });
         |                            ^
      88 |   await authButton.click();
      89 |   
      90 |   // Look for register/signup link or form
        at registerUser (/Users/aq_home/1Projects/accessa/insurance_navigator/tests/playwright/frontend-upload-test.spec.ts:87:28)
        at /Users/aq_home/1Projects/accessa/insurance_navigator/tests/playwright/frontend-upload-test.spec.ts:228:5

    attachment #1: screenshot (image/png) â”€â”€â”€â”€â”€â”€â”€â”€â”€â”€â”€â”€â”€â”€â”€â”€â”€â”€â”€â”€â”€â”€â”€â”€â”€â”€â”€â”€â”€â”€â”€â”€â”€â”€â”€â”€â”€â”€â”€â”€â”€â”€â”€â”€â”€â”€â”€â”€â”€â”€â”€â”€â”€â”€â”€â”€â”€â”€
    ../../test-results/frontend-upload-test-Front-de4c3-ion-Login-Upload-Processing-chromium/test-failed-1.png
    â”€â”€â”€â”€â”€â”€â”€â”€â”€â”€â”€â”€â”€â”€â”€â”€â”€â”€â”€â”€â”€â”€â”€â”€â”€â”€â”€â”€â”€â”€â”€â”€â”€â”€â”€â”€â”€â”€â”€â”€â”€â”€â”€â”€â”€â”€â”€â”€â”€â”€â”€â”€â”€â”€â”€â”€â”€â”€â”€â”€â”€â”€â”€â”€â”€â”€â”€â”€â”€â”€â”€â”€â”€â”€â”€â”€â”€â”€â”€â”€â”€â”€â”€â”€â”€â”€â”€â”€â”€â”€â”€â”€â”€â”€â”€â”€

    attachment #2: video (video/webm) â”€â”€â”€â”€â”€â”€â”€â”€â”€â”€â”€â”€â”€â”€â”€â”€â”€â”€â”€â”€â”€â”€â”€â”€â”€â”€â”€â”€â”€â”€â”€â”€â”€â”€â”€â”€â”€â”€â”€â”€â”€â”€â”€â”€â”€â”€â”€â”€â”€â”€â”€â”€â”€â”€â”€â”€â”€â”€â”€â”€â”€â”€
    ../../test-results/frontend-upload-test-Front-de4c3-ion-Login-Upload-Processing-chromium/video.webm
    â”€â”€â”€â”€â”€â”€â”€â”€â”€â”€â”€â”€â”€â”€â”€â”€â”€â”€â”€â”€â”€â”€â”€â”€â”€â”€â”€â”€â”€â”€â”€â”€â”€â”€â”€â”€â”€â”€â”€â”€â”€â”€â”€â”€â”€â”€â”€â”€â”€â”€â”€â”€â”€â”€â”€â”€â”€â”€â”€â”€â”€â”€â”€â”€â”€â”€â”€â”€â”€â”€â”€â”€â”€â”€â”€â”€â”€â”€â”€â”€â”€â”€â”€â”€â”€â”€â”€â”€â”€â”€â”€â”€â”€â”€â”€â”€

    Error Context: ../../test-results/frontend-upload-test-Front-de4c3-ion-Login-Upload-Processing-chromium/error-context.md
]]>
</failure>
<system-out>
<![CDATA[ï¿½ï¿½ Created test file: /tmp/frontend_test_document.pdf
ðŸš€ Starting complete frontend upload workflow test
ðŸ” Registering test user...
âš ï¸ Could not clean up test file: Error: ENOENT: no such file or directory, unlink '/tmp/frontend_test_document.pdf'
[90m    at Object.unlink (node:internal/fs/promises:1066:10)[39m
    at [90m/Users/aq_home/1Projects/accessa/insurance_navigator/[39mtests/playwright/frontend-upload-test.spec.ts:217:7
    at [90m/Users/aq_home/1Projects/accessa/insurance_navigator/[39mnode_modules/[4mplaywright[24m/lib/worker/testInfo.js:326:11
    at TimeoutManager.withRunnable [90m(/Users/aq_home/1Projects/accessa/insurance_navigator/[39mnode_modules/[4mplaywright[24m/lib/worker/timeoutManager.js:67:14[90m)[39m
    at TestInfoImpl._runWithTimeout [90m(/Users/aq_home/1Projects/accessa/insurance_navigator/[39mnode_modules/[4mplaywright[24m/lib/worker/testInfo.js:324:7[90m)[39m
    at FixtureRunner.resolveParametersAndRunFunction [90m(/Users/aq_home/1Projects/accessa/insurance_navigator/[39mnode_modules/[4mplaywright[24m/lib/worker/fixtureRunner.js:220:5[90m)[39m
    at [90m/Users/aq_home/1Projects/accessa/insurance_navigator/[39mnode_modules/[4mplaywright[24m/lib/worker/workerMain.js:428:13
    at TestInfoImpl._runAsStep [90m(/Users/aq_home/1Projects/accessa/insurance_navigator/[39mnode_modules/[4mplaywright[24m/lib/worker/testInfo.js:315:7[90m)[39m
    at WorkerMain._runAllHooksForSuite [90m(/Users/aq_home/1Projects/accessa/insurance_navigator/[39mnode_modules/[4mplaywright[24m/lib/worker/workerMain.js:423:9[90m)[39m
    at WorkerMain._runAfterAllHooksForSuite [90m(/Users/aq_home/1Projects/accessa/insurance_navigator/[39mnode_modules/[4mplaywright[24m/lib/worker/workerMain.js:453:5[90m)[39m
    at [90m/Users/aq_home/1Projects/accessa/insurance_navigator/[39mnode_modules/[4mplaywright[24m/lib/worker/workerMain.js:339:13
    at TestInfoImpl._runAsStep [90m(/Users/aq_home/1Projects/accessa/insurance_navigator/[39mnode_modules/[4mplaywright[24m/lib/worker/testInfo.js:315:7[90m)[39m
    at WorkerMain._runTest [90m(/Users/aq_home/1Projects/accessa/insurance_navigator/[39mnode_modules/[4mplaywright[24m/lib/worker/workerMain.js:317:5[90m)[39m
    at WorkerMain.runTestGroup [90m(/Users/aq_home/1Projects/accessa/insurance_navigator/[39mnode_modules/[4mplaywright[24m/lib/worker/workerMain.js:194:11[90m)[39m
    at process.<anonymous> [90m(/Users/aq_home/1Projects/accessa/insurance_navigator/[39mnode_modules/[4mplaywright[24m/lib/common/process.js:65:22[90m)[39m {
  errno: [33m-2[39m,
  code: [32m'ENOENT'[39m,
  syscall: [32m'unlink'[39m,
  path: [32m'/tmp/frontend_test_document.pdf'[39m
}

[[ATTACHMENT|frontend-upload-test-Front-de4c3-ion-Login-Upload-Processing-chromium/test-failed-1.png]]

[[ATTACHMENT|frontend-upload-test-Front-de4c3-ion-Login-Upload-Processing-chromium/video.webm]]

[[ATTACHMENT|frontend-upload-test-Front-de4c3-ion-Login-Upload-Processing-chromium/error-context.md]]
]]>
</system-out>
</testcase>
<testcase name="Frontend Upload Pipeline â€º Upload with existing user - Login, Upload, Processing" classname="frontend-upload-test.spec.ts" time="5.193">
<failure message="frontend-upload-test.spec.ts:242:7 Upload with existing user - Login, Upload, Processing" type="FAILURE">
<![CDATA[  [chromium] â€º frontend-upload-test.spec.ts:242:7 â€º Frontend Upload Pipeline â€º Upload with existing user - Login, Upload, Processing 

    Error: locator.click: Error: strict mode violation: locator('button[type="submit"]').or(locator('text=Login')).or(locator('text=Sign In')) resolved to 3 elements:
        1) <h1 class="text-xl font-semibold text-teal-800 mx-auto pr-8">Sign In</h1> aka getByRole('heading', { name: 'Sign In' })
        2) <p class="text-gray-600">Sign in to your Medicare Navigator account</p> aka getByText('Sign in to your Medicare')
        3) <button type="submit" class="inline-flex items-center justify-center gap-2 whitespace-nowrap text-sm focus-visible:outline-none focus-visible:ring-1 focus-visible:ring-ring disabled:pointer-events-none disabled:opacity-50 [&_svg]:pointer-events-none [&_svg]:size-4 [&_svg]:shrink-0 shadow h-9 px-4 w-full bg-teal-700 hover:bg-teal-800 text-white py-3 rounded-lg font-medium transition-colors">Sign In</button> aka getByRole('button', { name: 'Sign In' })

    Call log:
      - waiting for locator('button[type="submit"]').or(locator('text=Login')).or(locator('text=Sign In'))


      125 |   // Submit login
      126 |   const submitButton = page.locator('button[type="submit"]').or(page.locator('text=Login')).or(page.locator('text=Sign In'));
    > 127 |   await submitButton.click();
          |                      ^
      128 |   
      129 |   // Wait for successful login
      130 |   await expect(page.locator('text=Welcome').or(page.locator('text=Dashboard')).or(page.locator('text=Chat'))).toBeVisible({ timeout: 10000 });
        at loginUser (/Users/aq_home/1Projects/accessa/insurance_navigator/tests/playwright/frontend-upload-test.spec.ts:127:22)
        at /Users/aq_home/1Projects/accessa/insurance_navigator/tests/playwright/frontend-upload-test.spec.ts:246:5

    attachment #1: screenshot (image/png) â”€â”€â”€â”€â”€â”€â”€â”€â”€â”€â”€â”€â”€â”€â”€â”€â”€â”€â”€â”€â”€â”€â”€â”€â”€â”€â”€â”€â”€â”€â”€â”€â”€â”€â”€â”€â”€â”€â”€â”€â”€â”€â”€â”€â”€â”€â”€â”€â”€â”€â”€â”€â”€â”€â”€â”€â”€â”€
    ../../test-results/frontend-upload-test-Front-fd11d-r---Login-Upload-Processing-chromium/test-failed-1.png
    â”€â”€â”€â”€â”€â”€â”€â”€â”€â”€â”€â”€â”€â”€â”€â”€â”€â”€â”€â”€â”€â”€â”€â”€â”€â”€â”€â”€â”€â”€â”€â”€â”€â”€â”€â”€â”€â”€â”€â”€â”€â”€â”€â”€â”€â”€â”€â”€â”€â”€â”€â”€â”€â”€â”€â”€â”€â”€â”€â”€â”€â”€â”€â”€â”€â”€â”€â”€â”€â”€â”€â”€â”€â”€â”€â”€â”€â”€â”€â”€â”€â”€â”€â”€â”€â”€â”€â”€â”€â”€â”€â”€â”€â”€â”€â”€

    attachment #2: video (video/webm) â”€â”€â”€â”€â”€â”€â”€â”€â”€â”€â”€â”€â”€â”€â”€â”€â”€â”€â”€â”€â”€â”€â”€â”€â”€â”€â”€â”€â”€â”€â”€â”€â”€â”€â”€â”€â”€â”€â”€â”€â”€â”€â”€â”€â”€â”€â”€â”€â”€â”€â”€â”€â”€â”€â”€â”€â”€â”€â”€â”€â”€â”€
    ../../test-results/frontend-upload-test-Front-fd11d-r---Login-Upload-Processing-chromium/video.webm
    â”€â”€â”€â”€â”€â”€â”€â”€â”€â”€â”€â”€â”€â”€â”€â”€â”€â”€â”€â”€â”€â”€â”€â”€â”€â”€â”€â”€â”€â”€â”€â”€â”€â”€â”€â”€â”€â”€â”€â”€â”€â”€â”€â”€â”€â”€â”€â”€â”€â”€â”€â”€â”€â”€â”€â”€â”€â”€â”€â”€â”€â”€â”€â”€â”€â”€â”€â”€â”€â”€â”€â”€â”€â”€â”€â”€â”€â”€â”€â”€â”€â”€â”€â”€â”€â”€â”€â”€â”€â”€â”€â”€â”€â”€â”€â”€

    Error Context: ../../test-results/frontend-upload-test-Front-fd11d-r---Login-Upload-Processing-chromium/error-context.md
]]>
</failure>
<system-out>
<![CDATA[ï¿½ï¿½ Created test file: /tmp/frontend_test_document.pdf
ðŸš€ Starting upload with existing user test
ðŸ”‘ Logging in user...
ðŸ§¹ Cleaned up test file

[[ATTACHMENT|frontend-upload-test-Front-fd11d-r---Login-Upload-Processing-chromium/test-failed-1.png]]

[[ATTACHMENT|frontend-upload-test-Front-fd11d-r---Login-Upload-Processing-chromium/video.webm]]

[[ATTACHMENT|frontend-upload-test-Front-fd11d-r---Login-Upload-Processing-chromium/error-context.md]]
]]>
</system-out>
</testcase>
<testcase name="Frontend Upload Pipeline â€º Error handling - Invalid file type" classname="frontend-upload-test.spec.ts" time="5.231">
<failure message="frontend-upload-test.spec.ts:257:7 Error handling - Invalid file type" type="FAILURE">
<![CDATA[  [chromium] â€º frontend-upload-test.spec.ts:257:7 â€º Frontend Upload Pipeline â€º Error handling - Invalid file type 

    Error: locator.click: Error: strict mode violation: locator('button[type="submit"]').or(locator('text=Login')).or(locator('text=Sign In')) resolved to 3 elements:
        1) <h1 class="text-xl font-semibold text-teal-800 mx-auto pr-8">Sign In</h1> aka getByRole('heading', { name: 'Sign In' })
        2) <p class="text-gray-600">Sign in to your Medicare Navigator account</p> aka getByText('Sign in to your Medicare')
        3) <button type="submit" class="inline-flex items-center justify-center gap-2 whitespace-nowrap text-sm focus-visible:outline-none focus-visible:ring-1 focus-visible:ring-ring disabled:pointer-events-none disabled:opacity-50 [&_svg]:pointer-events-none [&_svg]:size-4 [&_svg]:shrink-0 shadow h-9 px-4 w-full bg-teal-700 hover:bg-teal-800 text-white py-3 rounded-lg font-medium transition-colors">Sign In</button> aka getByRole('button', { name: 'Sign In' })

    Call log:
      - waiting for locator('button[type="submit"]').or(locator('text=Login')).or(locator('text=Sign In'))


      125 |   // Submit login
      126 |   const submitButton = page.locator('button[type="submit"]').or(page.locator('text=Login')).or(page.locator('text=Sign In'));
    > 127 |   await submitButton.click();
          |                      ^
      128 |   
      129 |   // Wait for successful login
      130 |   await expect(page.locator('text=Welcome').or(page.locator('text=Dashboard')).or(page.locator('text=Chat'))).toBeVisible({ timeout: 10000 });
        at loginUser (/Users/aq_home/1Projects/accessa/insurance_navigator/tests/playwright/frontend-upload-test.spec.ts:127:22)
        at /Users/aq_home/1Projects/accessa/insurance_navigator/tests/playwright/frontend-upload-test.spec.ts:266:7

    attachment #1: screenshot (image/png) â”€â”€â”€â”€â”€â”€â”€â”€â”€â”€â”€â”€â”€â”€â”€â”€â”€â”€â”€â”€â”€â”€â”€â”€â”€â”€â”€â”€â”€â”€â”€â”€â”€â”€â”€â”€â”€â”€â”€â”€â”€â”€â”€â”€â”€â”€â”€â”€â”€â”€â”€â”€â”€â”€â”€â”€â”€â”€
    ../../test-results/frontend-upload-test-Front-b54b7-andling---Invalid-file-type-chromium/test-failed-1.png
    â”€â”€â”€â”€â”€â”€â”€â”€â”€â”€â”€â”€â”€â”€â”€â”€â”€â”€â”€â”€â”€â”€â”€â”€â”€â”€â”€â”€â”€â”€â”€â”€â”€â”€â”€â”€â”€â”€â”€â”€â”€â”€â”€â”€â”€â”€â”€â”€â”€â”€â”€â”€â”€â”€â”€â”€â”€â”€â”€â”€â”€â”€â”€â”€â”€â”€â”€â”€â”€â”€â”€â”€â”€â”€â”€â”€â”€â”€â”€â”€â”€â”€â”€â”€â”€â”€â”€â”€â”€â”€â”€â”€â”€â”€â”€â”€

    attachment #2: video (video/webm) â”€â”€â”€â”€â”€â”€â”€â”€â”€â”€â”€â”€â”€â”€â”€â”€â”€â”€â”€â”€â”€â”€â”€â”€â”€â”€â”€â”€â”€â”€â”€â”€â”€â”€â”€â”€â”€â”€â”€â”€â”€â”€â”€â”€â”€â”€â”€â”€â”€â”€â”€â”€â”€â”€â”€â”€â”€â”€â”€â”€â”€â”€
    ../../test-results/frontend-upload-test-Front-b54b7-andling---Invalid-file-type-chromium/video.webm
    â”€â”€â”€â”€â”€â”€â”€â”€â”€â”€â”€â”€â”€â”€â”€â”€â”€â”€â”€â”€â”€â”€â”€â”€â”€â”€â”€â”€â”€â”€â”€â”€â”€â”€â”€â”€â”€â”€â”€â”€â”€â”€â”€â”€â”€â”€â”€â”€â”€â”€â”€â”€â”€â”€â”€â”€â”€â”€â”€â”€â”€â”€â”€â”€â”€â”€â”€â”€â”€â”€â”€â”€â”€â”€â”€â”€â”€â”€â”€â”€â”€â”€â”€â”€â”€â”€â”€â”€â”€â”€â”€â”€â”€â”€â”€â”€

    Error Context: ../../test-results/frontend-upload-test-Front-b54b7-andling---Invalid-file-type-chromium/error-context.md
]]>
</failure>
<system-out>
<![CDATA[ï¿½ï¿½ Created test file: /tmp/frontend_test_document.pdf
ðŸš€ Starting error handling test
ðŸ”‘ Logging in user...
âš ï¸ Could not clean up test file: Error: ENOENT: no such file or directory, unlink '/tmp/frontend_test_document.pdf'
[90m    at Object.unlink (node:internal/fs/promises:1066:10)[39m
    at [90m/Users/aq_home/1Projects/accessa/insurance_navigator/[39mtests/playwright/frontend-upload-test.spec.ts:217:7
    at [90m/Users/aq_home/1Projects/accessa/insurance_navigator/[39mnode_modules/[4mplaywright[24m/lib/worker/testInfo.js:326:11
    at TimeoutManager.withRunnable [90m(/Users/aq_home/1Projects/accessa/insurance_navigator/[39mnode_modules/[4mplaywright[24m/lib/worker/timeoutManager.js:67:14[90m)[39m
    at TestInfoImpl._runWithTimeout [90m(/Users/aq_home/1Projects/accessa/insurance_navigator/[39mnode_modules/[4mplaywright[24m/lib/worker/testInfo.js:324:7[90m)[39m
    at FixtureRunner.resolveParametersAndRunFunction [90m(/Users/aq_home/1Projects/accessa/insurance_navigator/[39mnode_modules/[4mplaywright[24m/lib/worker/fixtureRunner.js:220:5[90m)[39m
    at [90m/Users/aq_home/1Projects/accessa/insurance_navigator/[39mnode_modules/[4mplaywright[24m/lib/worker/workerMain.js:428:13
    at TestInfoImpl._runAsStep [90m(/Users/aq_home/1Projects/accessa/insurance_navigator/[39mnode_modules/[4mplaywright[24m/lib/worker/testInfo.js:315:7[90m)[39m
    at WorkerMain._runAllHooksForSuite [90m(/Users/aq_home/1Projects/accessa/insurance_navigator/[39mnode_modules/[4mplaywright[24m/lib/worker/workerMain.js:423:9[90m)[39m
    at WorkerMain._runAfterAllHooksForSuite [90m(/Users/aq_home/1Projects/accessa/insurance_navigator/[39mnode_modules/[4mplaywright[24m/lib/worker/workerMain.js:453:5[90m)[39m
    at [90m/Users/aq_home/1Projects/accessa/insurance_navigator/[39mnode_modules/[4mplaywright[24m/lib/worker/workerMain.js:339:13
    at TestInfoImpl._runAsStep [90m(/Users/aq_home/1Projects/accessa/insurance_navigator/[39mnode_modules/[4mplaywright[24m/lib/worker/testInfo.js:315:7[90m)[39m
    at WorkerMain._runTest [90m(/Users/aq_home/1Projects/accessa/insurance_navigator/[39mnode_modules/[4mplaywright[24m/lib/worker/workerMain.js:317:5[90m)[39m
    at WorkerMain.runTestGroup [90m(/Users/aq_home/1Projects/accessa/insurance_navigator/[39mnode_modules/[4mplaywright[24m/lib/worker/workerMain.js:194:11[90m)[39m
    at process.<anonymous> [90m(/Users/aq_home/1Projects/accessa/insurance_navigator/[39mnode_modules/[4mplaywright[24m/lib/common/process.js:65:22[90m)[39m {
  errno: [33m-2[39m,
  code: [32m'ENOENT'[39m,
  syscall: [32m'unlink'[39m,
  path: [32m'/tmp/frontend_test_document.pdf'[39m
}

[[ATTACHMENT|frontend-upload-test-Front-b54b7-andling---Invalid-file-type-chromium/test-failed-1.png]]

[[ATTACHMENT|frontend-upload-test-Front-b54b7-andling---Invalid-file-type-chromium/video.webm]]

[[ATTACHMENT|frontend-upload-test-Front-b54b7-andling---Invalid-file-type-chromium/error-context.md]]
]]>
</system-out>
</testcase>
<testcase name="Frontend Upload Pipeline â€º UI responsiveness - Mobile viewport" classname="frontend-upload-test.spec.ts" time="5.716">
<failure message="frontend-upload-test.spec.ts:291:7 UI responsiveness - Mobile viewport" type="FAILURE">
<![CDATA[  [chromium] â€º frontend-upload-test.spec.ts:291:7 â€º Frontend Upload Pipeline â€º UI responsiveness - Mobile viewport 

    Error: locator.click: Error: strict mode violation: locator('button[type="submit"]').or(locator('text=Login')).or(locator('text=Sign In')) resolved to 3 elements:
        1) <h1 class="text-xl font-semibold text-teal-800 mx-auto pr-8">Sign In</h1> aka getByRole('heading', { name: 'Sign In' })
        2) <p class="text-gray-600">Sign in to your Medicare Navigator account</p> aka getByText('Sign in to your Medicare')
        3) <button type="submit" class="inline-flex items-center justify-center gap-2 whitespace-nowrap text-sm focus-visible:outline-none focus-visible:ring-1 focus-visible:ring-ring disabled:pointer-events-none disabled:opacity-50 [&_svg]:pointer-events-none [&_svg]:size-4 [&_svg]:shrink-0 shadow h-9 px-4 w-full bg-teal-700 hover:bg-teal-800 text-white py-3 rounded-lg font-medium transition-colors">Sign In</button> aka getByRole('button', { name: 'Sign In' })

    Call log:
      - waiting for locator('button[type="submit"]').or(locator('text=Login')).or(locator('text=Sign In'))


      125 |   // Submit login
      126 |   const submitButton = page.locator('button[type="submit"]').or(page.locator('text=Login')).or(page.locator('text=Sign In'));
    > 127 |   await submitButton.click();
          |                      ^
      128 |   
      129 |   // Wait for successful login
      130 |   await expect(page.locator('text=Welcome').or(page.locator('text=Dashboard')).or(page.locator('text=Chat'))).toBeVisible({ timeout: 10000 });
        at loginUser (/Users/aq_home/1Projects/accessa/insurance_navigator/tests/playwright/frontend-upload-test.spec.ts:127:22)
        at /Users/aq_home/1Projects/accessa/insurance_navigator/tests/playwright/frontend-upload-test.spec.ts:298:5

    attachment #1: screenshot (image/png) â”€â”€â”€â”€â”€â”€â”€â”€â”€â”€â”€â”€â”€â”€â”€â”€â”€â”€â”€â”€â”€â”€â”€â”€â”€â”€â”€â”€â”€â”€â”€â”€â”€â”€â”€â”€â”€â”€â”€â”€â”€â”€â”€â”€â”€â”€â”€â”€â”€â”€â”€â”€â”€â”€â”€â”€â”€â”€
    ../../test-results/frontend-upload-test-Front-14264-nsiveness---Mobile-viewport-chromium/test-failed-1.png
    â”€â”€â”€â”€â”€â”€â”€â”€â”€â”€â”€â”€â”€â”€â”€â”€â”€â”€â”€â”€â”€â”€â”€â”€â”€â”€â”€â”€â”€â”€â”€â”€â”€â”€â”€â”€â”€â”€â”€â”€â”€â”€â”€â”€â”€â”€â”€â”€â”€â”€â”€â”€â”€â”€â”€â”€â”€â”€â”€â”€â”€â”€â”€â”€â”€â”€â”€â”€â”€â”€â”€â”€â”€â”€â”€â”€â”€â”€â”€â”€â”€â”€â”€â”€â”€â”€â”€â”€â”€â”€â”€â”€â”€â”€â”€â”€

    attachment #2: video (video/webm) â”€â”€â”€â”€â”€â”€â”€â”€â”€â”€â”€â”€â”€â”€â”€â”€â”€â”€â”€â”€â”€â”€â”€â”€â”€â”€â”€â”€â”€â”€â”€â”€â”€â”€â”€â”€â”€â”€â”€â”€â”€â”€â”€â”€â”€â”€â”€â”€â”€â”€â”€â”€â”€â”€â”€â”€â”€â”€â”€â”€â”€â”€
    ../../test-results/frontend-upload-test-Front-14264-nsiveness---Mobile-viewport-chromium/video.webm
    â”€â”€â”€â”€â”€â”€â”€â”€â”€â”€â”€â”€â”€â”€â”€â”€â”€â”€â”€â”€â”€â”€â”€â”€â”€â”€â”€â”€â”€â”€â”€â”€â”€â”€â”€â”€â”€â”€â”€â”€â”€â”€â”€â”€â”€â”€â”€â”€â”€â”€â”€â”€â”€â”€â”€â”€â”€â”€â”€â”€â”€â”€â”€â”€â”€â”€â”€â”€â”€â”€â”€â”€â”€â”€â”€â”€â”€â”€â”€â”€â”€â”€â”€â”€â”€â”€â”€â”€â”€â”€â”€â”€â”€â”€â”€â”€

    Error Context: ../../test-results/frontend-upload-test-Front-14264-nsiveness---Mobile-viewport-chromium/error-context.md
]]>
</failure>
<system-out>
<![CDATA[ï¿½ï¿½ Created test file: /tmp/frontend_test_document.pdf
ðŸš€ Starting mobile responsiveness test
ðŸ”‘ Logging in user...
âš ï¸ Could not clean up test file: Error: ENOENT: no such file or directory, unlink '/tmp/frontend_test_document.pdf'
[90m    at Object.unlink (node:internal/fs/promises:1066:10)[39m
    at [90m/Users/aq_home/1Projects/accessa/insurance_navigator/[39mtests/playwright/frontend-upload-test.spec.ts:217:7
    at [90m/Users/aq_home/1Projects/accessa/insurance_navigator/[39mnode_modules/[4mplaywright[24m/lib/worker/testInfo.js:326:11
    at TimeoutManager.withRunnable [90m(/Users/aq_home/1Projects/accessa/insurance_navigator/[39mnode_modules/[4mplaywright[24m/lib/worker/timeoutManager.js:67:14[90m)[39m
    at TestInfoImpl._runWithTimeout [90m(/Users/aq_home/1Projects/accessa/insurance_navigator/[39mnode_modules/[4mplaywright[24m/lib/worker/testInfo.js:324:7[90m)[39m
    at FixtureRunner.resolveParametersAndRunFunction [90m(/Users/aq_home/1Projects/accessa/insurance_navigator/[39mnode_modules/[4mplaywright[24m/lib/worker/fixtureRunner.js:220:5[90m)[39m
    at [90m/Users/aq_home/1Projects/accessa/insurance_navigator/[39mnode_modules/[4mplaywright[24m/lib/worker/workerMain.js:428:13
    at TestInfoImpl._runAsStep [90m(/Users/aq_home/1Projects/accessa/insurance_navigator/[39mnode_modules/[4mplaywright[24m/lib/worker/testInfo.js:315:7[90m)[39m
    at WorkerMain._runAllHooksForSuite [90m(/Users/aq_home/1Projects/accessa/insurance_navigator/[39mnode_modules/[4mplaywright[24m/lib/worker/workerMain.js:423:9[90m)[39m
    at WorkerMain._runAfterAllHooksForSuite [90m(/Users/aq_home/1Projects/accessa/insurance_navigator/[39mnode_modules/[4mplaywright[24m/lib/worker/workerMain.js:453:5[90m)[39m
    at [90m/Users/aq_home/1Projects/accessa/insurance_navigator/[39mnode_modules/[4mplaywright[24m/lib/worker/workerMain.js:339:13
    at TestInfoImpl._runAsStep [90m(/Users/aq_home/1Projects/accessa/insurance_navigator/[39mnode_modules/[4mplaywright[24m/lib/worker/testInfo.js:315:7[90m)[39m
    at WorkerMain._runTest [90m(/Users/aq_home/1Projects/accessa/insurance_navigator/[39mnode_modules/[4mplaywright[24m/lib/worker/workerMain.js:317:5[90m)[39m
    at WorkerMain.runTestGroup [90m(/Users/aq_home/1Projects/accessa/insurance_navigator/[39mnode_modules/[4mplaywright[24m/lib/worker/workerMain.js:194:11[90m)[39m
    at process.<anonymous> [90m(/Users/aq_home/1Projects/accessa/insurance_navigator/[39mnode_modules/[4mplaywright[24m/lib/common/process.js:65:22[90m)[39m {
  errno: [33m-2[39m,
  code: [32m'ENOENT'[39m,
  syscall: [32m'unlink'[39m,
  path: [32m'/tmp/frontend_test_document.pdf'[39m
}

[[ATTACHMENT|frontend-upload-test-Front-14264-nsiveness---Mobile-viewport-chromium/test-failed-1.png]]

[[ATTACHMENT|frontend-upload-test-Front-14264-nsiveness---Mobile-viewport-chromium/video.webm]]

[[ATTACHMENT|frontend-upload-test-Front-14264-nsiveness---Mobile-viewport-chromium/error-context.md]]
]]>
</system-out>
</testcase>
</testsuite>
</testsuites>