{"/Users/aq_home/1Projects/accessa/insurance_navigator/ui/app/layout.tsx": {"path":"/Users/aq_home/1Projects/accessa/insurance_navigator/ui/app/layout.tsx","statementMap":{"0":{"start":{"line":77,"column":24},"end":{"line":77,"column":35}},"1":{"start":{"line":10,"column":13},"end":{"line":10,"column":21}},"2":{"start":{"line":3,"column":22},"end":{"line":3,"column":null}},"3":{"start":{"line":4,"column":7},"end":{"line":4,"column":null}},"4":{"start":{"line":5,"column":30},"end":{"line":5,"column":null}},"5":{"start":{"line":6,"column":30},"end":{"line":6,"column":null}},"6":{"start":{"line":8,"column":14},"end":{"line":8,"column":null}},"7":{"start":{"line":10,"column":34},"end":{"line":75,"column":null}}},"fnMap":{"0":{"name":"RootLayout","decl":{"start":{"line":77,"column":24},"end":{"line":77,"column":35}},"loc":{"start":{"line":81,"column":2},"end":{"line":151,"column":1}}}},"branchMap":{"0":{"loc":{"start":{"line":34,"column":24},"end":{"line":34,"column":null}},"type":"binary-expr","locations":[{"start":{"line":34,"column":24},"end":{"line":34,"column":55}},{"start":{"line":34,"column":59},"end":{"line":34,"column":null}}]},"1":{"loc":{"start":{"line":41,"column":9},"end":{"line":41,"column":null}},"type":"binary-expr","locations":[{"start":{"line":41,"column":9},"end":{"line":41,"column":40}},{"start":{"line":41,"column":44},"end":{"line":41,"column":null}}]},"2":{"loc":{"start":{"line":88,"column":26},"end":{"line":88,"column":null}},"type":"binary-expr","locations":[{"start":{"line":88,"column":26},"end":{"line":88,"column":63}},{"start":{"line":88,"column":67},"end":{"line":88,"column":null}}]},"3":{"loc":{"start":{"line":97,"column":9},"end":{"line":97,"column":52}},"type":"binary-expr","locations":[{"start":{"line":97,"column":9},"end":{"line":97,"column":52}}]},"4":{"loc":{"start":{"line":120,"column":9},"end":{"line":120,"column":42}},"type":"binary-expr","locations":[{"start":{"line":120,"column":9},"end":{"line":120,"column":42}}]},"5":{"loc":{"start":{"line":138,"column":9},"end":{"line":138,"column":null}},"type":"binary-expr","locations":[{"start":{"line":138,"column":9},"end":{"line":138,"column":null}}]}},"s":{"0":0,"1":0,"2":0,"3":0,"4":0,"5":0,"6":0,"7":0},"f":{"0":0},"b":{"0":[0,0],"1":[0,0],"2":[0,0],"3":[0],"4":[0],"5":[0]}}
,"/Users/aq_home/1Projects/accessa/insurance_navigator/ui/app/not-found.tsx": {"path":"/Users/aq_home/1Projects/accessa/insurance_navigator/ui/app/not-found.tsx","statementMap":{"0":{"start":{"line":6,"column":24},"end":{"line":6,"column":null}},"1":{"start":{"line":1,"column":17},"end":{"line":1,"column":null}},"2":{"start":{"line":2,"column":23},"end":{"line":2,"column":null}},"3":{"start":{"line":3,"column":21},"end":{"line":3,"column":null}},"4":{"start":{"line":4,"column":32},"end":{"line":4,"column":null}}},"fnMap":{"0":{"name":"NotFound","decl":{"start":{"line":6,"column":24},"end":{"line":6,"column":null}},"loc":{"start":{"line":6,"column":24},"end":{"line":37,"column":null}}}},"branchMap":{},"s":{"0":0,"1":0,"2":0,"3":0,"4":0},"f":{"0":0},"b":{}}
,"/Users/aq_home/1Projects/accessa/insurance_navigator/ui/app/page.tsx": {"path":"/Users/aq_home/1Projects/accessa/insurance_navigator/ui/app/page.tsx","statementMap":{"0":{"start":{"line":33,"column":24},"end":{"line":33,"column":null}},"1":{"start":{"line":3,"column":43},"end":{"line":3,"column":null}},"2":{"start":{"line":4,"column":17},"end":{"line":4,"column":null}},"3":{"start":{"line":5,"column":18},"end":{"line":5,"column":null}},"4":{"start":{"line":6,"column":26},"end":{"line":6,"column":null}},"5":{"start":{"line":7,"column":23},"end":{"line":7,"column":null}},"6":{"start":{"line":8,"column":21},"end":{"line":8,"column":null}},"7":{"start":{"line":25,"column":7},"end":{"line":25,"column":null}},"8":{"start":{"line":34,"column":17},"end":{"line":34,"column":null}},"9":{"start":{"line":35,"column":48},"end":{"line":35,"column":null}},"10":{"start":{"line":36,"column":34},"end":{"line":36,"column":null}},"11":{"start":{"line":37,"column":36},"end":{"line":37,"column":null}},"12":{"start":{"line":39,"column":2},"end":{"line":86,"column":null}},"13":{"start":{"line":40,"column":28},"end":{"line":83,"column":null}},"14":{"start":{"line":41,"column":20},"end":{"line":41,"column":null}},"15":{"start":{"line":42,"column":6},"end":{"line":45,"column":null}},"16":{"start":{"line":43,"column":8},"end":{"line":43,"column":null}},"17":{"start":{"line":44,"column":8},"end":{"line":44,"column":null}},"18":{"start":{"line":48,"column":25},"end":{"line":48,"column":null}},"19":{"start":{"line":49,"column":24},"end":{"line":49,"column":42}},"20":{"start":{"line":51,"column":6},"end":{"line":51,"column":null}},"21":{"start":{"line":52,"column":6},"end":{"line":52,"column":null}},"22":{"start":{"line":54,"column":6},"end":{"line":82,"column":null}},"23":{"start":{"line":55,"column":25},"end":{"line":61,"column":null}},"24":{"start":{"line":63,"column":8},"end":{"line":73,"column":null}},"25":{"start":{"line":64,"column":37},"end":{"line":64,"column":null}},"26":{"start":{"line":65,"column":10},"end":{"line":65,"column":null}},"27":{"start":{"line":66,"column":10},"end":{"line":66,"column":null}},"28":{"start":{"line":69,"column":10},"end":{"line":69,"column":null}},"29":{"start":{"line":70,"column":10},"end":{"line":70,"column":null}},"30":{"start":{"line":71,"column":10},"end":{"line":71,"column":null}},"31":{"start":{"line":72,"column":10},"end":{"line":72,"column":null}},"32":{"start":{"line":75,"column":8},"end":{"line":75,"column":null}},"33":{"start":{"line":76,"column":8},"end":{"line":76,"column":null}},"34":{"start":{"line":77,"column":8},"end":{"line":77,"column":null}},"35":{"start":{"line":78,"column":8},"end":{"line":78,"column":null}},"36":{"start":{"line":79,"column":8},"end":{"line":79,"column":null}},"37":{"start":{"line":81,"column":8},"end":{"line":81,"column":null}},"38":{"start":{"line":85,"column":4},"end":{"line":85,"column":null}},"39":{"start":{"line":88,"column":25},"end":{"line":94,"column":null}},"40":{"start":{"line":89,"column":4},"end":{"line":93,"column":null}},"41":{"start":{"line":90,"column":6},"end":{"line":90,"column":null}},"42":{"start":{"line":92,"column":6},"end":{"line":92,"column":null}},"43":{"start":{"line":96,"column":23},"end":{"line":102,"column":null}},"44":{"start":{"line":97,"column":4},"end":{"line":97,"column":null}},"45":{"start":{"line":98,"column":4},"end":{"line":98,"column":null}},"46":{"start":{"line":99,"column":4},"end":{"line":99,"column":null}},"47":{"start":{"line":100,"column":4},"end":{"line":100,"column":null}},"48":{"start":{"line":101,"column":4},"end":{"line":101,"column":null}},"49":{"start":{"line":128,"column":33},"end":{"line":128,"column":null}},"50":{"start":{"line":174,"column":16},"end":{"line":174,"column":null}},"51":{"start":{"line":220,"column":24},"end":{"line":220,"column":36}},"52":{"start":{"line":233,"column":24},"end":{"line":233,"column":36}},"53":{"start":{"line":245,"column":22},"end":{"line":245,"column":34}}},"fnMap":{"0":{"name":"Home","decl":{"start":{"line":33,"column":24},"end":{"line":33,"column":null}},"loc":{"start":{"line":33,"column":24},"end":{"line":371,"column":null}}},"1":{"name":"(anonymous_6)","decl":{"start":{"line":39,"column":12},"end":{"line":39,"column":null}},"loc":{"start":{"line":39,"column":12},"end":{"line":86,"column":5}}},"2":{"name":"(anonymous_7)","decl":{"start":{"line":40,"column":28},"end":{"line":40,"column":null}},"loc":{"start":{"line":40,"column":28},"end":{"line":83,"column":null}}},"3":{"name":"(anonymous_8)","decl":{"start":{"line":88,"column":25},"end":{"line":88,"column":null}},"loc":{"start":{"line":88,"column":25},"end":{"line":94,"column":null}}},"4":{"name":"(anonymous_9)","decl":{"start":{"line":96,"column":23},"end":{"line":96,"column":null}},"loc":{"start":{"line":96,"column":23},"end":{"line":102,"column":null}}},"5":{"name":"(anonymous_10)","decl":{"start":{"line":128,"column":27},"end":{"line":128,"column":33}},"loc":{"start":{"line":128,"column":33},"end":{"line":128,"column":null}}},"6":{"name":"(anonymous_11)","decl":{"start":{"line":172,"column":23},"end":{"line":172,"column":24}},"loc":{"start":{"line":172,"column":24},"end":{"line":175,"column":null}}},"7":{"name":"(anonymous_12)","decl":{"start":{"line":219,"column":22},"end":{"line":219,"column":23}},"loc":{"start":{"line":220,"column":24},"end":{"line":220,"column":36}}},"8":{"name":"(anonymous_13)","decl":{"start":{"line":232,"column":22},"end":{"line":232,"column":23}},"loc":{"start":{"line":233,"column":24},"end":{"line":233,"column":36}}},"9":{"name":"(anonymous_14)","decl":{"start":{"line":244,"column":89},"end":{"line":244,"column":90}},"loc":{"start":{"line":245,"column":22},"end":{"line":245,"column":34}}}},"branchMap":{"0":{"loc":{"start":{"line":42,"column":6},"end":{"line":45,"column":null}},"type":"if","locations":[{"start":{"line":42,"column":6},"end":{"line":45,"column":null}}]},"1":{"loc":{"start":{"line":48,"column":25},"end":{"line":48,"column":null}},"type":"binary-expr","locations":[{"start":{"line":48,"column":25},"end":{"line":48,"column":61}},{"start":{"line":48,"column":65},"end":{"line":48,"column":null}}]},"2":{"loc":{"start":{"line":63,"column":8},"end":{"line":73,"column":null}},"type":"if","locations":[{"start":{"line":63,"column":8},"end":{"line":73,"column":null}},{"start":{"line":67,"column":15},"end":{"line":73,"column":null}}]},"3":{"loc":{"start":{"line":89,"column":4},"end":{"line":93,"column":null}},"type":"if","locations":[{"start":{"line":89,"column":4},"end":{"line":93,"column":null}},{"start":{"line":91,"column":11},"end":{"line":93,"column":null}}]},"4":{"loc":{"start":{"line":114,"column":12},"end":{"line":118,"column":33}},"type":"cond-expr","locations":[{"start":{"line":114,"column":12},"end":{"line":118,"column":33}}]},"5":{"loc":{"start":{"line":120,"column":12},"end":{"line":143,"column":43}},"type":"cond-expr","locations":[{"start":{"line":120,"column":12},"end":{"line":143,"column":43}}]},"6":{"loc":{"start":{"line":118,"column":14},"end":{"line":118,"column":null}},"type":"binary-expr","locations":[{"start":{"line":118,"column":14},"end":{"line":118,"column":33}},{"start":{"line":118,"column":33},"end":{"line":118,"column":null}}]},"7":{"loc":{"start":{"line":194,"column":15},"end":{"line":194,"column":null}},"type":"cond-expr","locations":[{"start":{"line":194,"column":27},"end":{"line":194,"column":42}},{"start":{"line":194,"column":42},"end":{"line":194,"column":null}}]},"8":{"loc":{"start":{"line":194,"column":42},"end":{"line":194,"column":null}},"type":"cond-expr","locations":[{"start":{"line":194,"column":60},"end":{"line":194,"column":81}},{"start":{"line":194,"column":81},"end":{"line":194,"column":null}}]}},"s":{"0":0,"1":0,"2":0,"3":0,"4":0,"5":0,"6":0,"7":0,"8":0,"9":0,"10":0,"11":0,"12":0,"13":0,"14":0,"15":0,"16":0,"17":0,"18":0,"19":0,"20":0,"21":0,"22":0,"23":0,"24":0,"25":0,"26":0,"27":0,"28":0,"29":0,"30":0,"31":0,"32":0,"33":0,"34":0,"35":0,"36":0,"37":0,"38":0,"39":0,"40":0,"41":0,"42":0,"43":0,"44":0,"45":0,"46":0,"47":0,"48":0,"49":0,"50":0,"51":0,"52":0,"53":0},"f":{"0":0,"1":0,"2":0,"3":0,"4":0,"5":0,"6":0,"7":0,"8":0,"9":0},"b":{"0":[0],"1":[0,0],"2":[0,0],"3":[0,0],"4":[0],"5":[0],"6":[0,0],"7":[0,0],"8":[0,0]}}
,"/Users/aq_home/1Projects/accessa/insurance_navigator/ui/app/chat/loading.tsx": {"path":"/Users/aq_home/1Projects/accessa/insurance_navigator/ui/app/chat/loading.tsx","statementMap":{"0":{"start":{"line":3,"column":24},"end":{"line":3,"column":null}},"1":{"start":{"line":1,"column":24},"end":{"line":1,"column":null}}},"fnMap":{"0":{"name":"Loading","decl":{"start":{"line":3,"column":24},"end":{"line":3,"column":null}},"loc":{"start":{"line":3,"column":24},"end":{"line":12,"column":null}}}},"branchMap":{},"s":{"0":0,"1":0},"f":{"0":0},"b":{}}
,"/Users/aq_home/1Projects/accessa/insurance_navigator/ui/app/chat/page.tsx": {"path":"/Users/aq_home/1Projects/accessa/insurance_navigator/ui/app/chat/page.tsx","statementMap":{"0":{"start":{"line":35,"column":24},"end":{"line":35,"column":null}},"1":{"start":{"line":3,"column":51},"end":{"line":3,"column":null}},"2":{"start":{"line":4,"column":17},"end":{"line":4,"column":null}},"3":{"start":{"line":5,"column":26},"end":{"line":5,"column":null}},"4":{"start":{"line":6,"column":23},"end":{"line":6,"column":null}},"5":{"start":{"line":7,"column":21},"end":{"line":7,"column":null}},"6":{"start":{"line":8,"column":108},"end":{"line":8,"column":null}},"7":{"start":{"line":9,"column":32},"end":{"line":9,"column":null}},"8":{"start":{"line":36,"column":17},"end":{"line":36,"column":null}},"9":{"start":{"line":37,"column":34},"end":{"line":49,"column":null}},"10":{"start":{"line":50,"column":38},"end":{"line":50,"column":null}},"11":{"start":{"line":51,"column":46},"end":{"line":51,"column":null}},"12":{"start":{"line":52,"column":36},"end":{"line":52,"column":null}},"13":{"start":{"line":53,"column":48},"end":{"line":53,"column":null}},"14":{"start":{"line":54,"column":46},"end":{"line":54,"column":null}},"15":{"start":{"line":55,"column":34},"end":{"line":55,"column":null}},"16":{"start":{"line":56,"column":36},"end":{"line":56,"column":null}},"17":{"start":{"line":57,"column":46},"end":{"line":57,"column":null}},"18":{"start":{"line":58,"column":25},"end":{"line":58,"column":null}},"19":{"start":{"line":59,"column":19},"end":{"line":59,"column":null}},"20":{"start":{"line":60,"column":31},"end":{"line":60,"column":null}},"21":{"start":{"line":61,"column":27},"end":{"line":61,"column":null}},"22":{"start":{"line":62,"column":28},"end":{"line":62,"column":null}},"23":{"start":{"line":63,"column":52},"end":{"line":63,"column":null}},"24":{"start":{"line":66,"column":21},"end":{"line":66,"column":null}},"25":{"start":{"line":69,"column":2},"end":{"line":150,"column":null}},"26":{"start":{"line":70,"column":22},"end":{"line":125,"column":null}},"27":{"start":{"line":71,"column":20},"end":{"line":71,"column":null}},"28":{"start":{"line":72,"column":6},"end":{"line":75,"column":null}},"29":{"start":{"line":73,"column":8},"end":{"line":73,"column":null}},"30":{"start":{"line":74,"column":8},"end":{"line":74,"column":null}},"31":{"start":{"line":78,"column":25},"end":{"line":78,"column":null}},"32":{"start":{"line":79,"column":24},"end":{"line":79,"column":42}},"33":{"start":{"line":81,"column":6},"end":{"line":81,"column":null}},"34":{"start":{"line":82,"column":6},"end":{"line":82,"column":null}},"35":{"start":{"line":84,"column":6},"end":{"line":124,"column":null}},"36":{"start":{"line":85,"column":25},"end":{"line":91,"column":null}},"37":{"start":{"line":93,"column":8},"end":{"line":117,"column":null}},"38":{"start":{"line":94,"column":37},"end":{"line":94,"column":null}},"39":{"start":{"line":95,"column":10},"end":{"line":95,"column":null}},"40":{"start":{"line":96,"column":10},"end":{"line":96,"column":null}},"41":{"start":{"line":97,"column":10},"end":{"line":97,"column":null}},"42":{"start":{"line":98,"column":10},"end":{"line":98,"column":null}},"43":{"start":{"line":101,"column":10},"end":{"line":109,"column":null}},"44":{"start":{"line":102,"column":29},"end":{"line":102,"column":null}},"45":{"start":{"line":103,"column":44},"end":{"line":107,"column":null}},"46":{"start":{"line":108,"column":12},"end":{"line":108,"column":null}},"47":{"start":{"line":110,"column":10},"end":{"line":110,"column":null}},"48":{"start":{"line":113,"column":10},"end":{"line":113,"column":null}},"49":{"start":{"line":114,"column":10},"end":{"line":114,"column":null}},"50":{"start":{"line":115,"column":10},"end":{"line":115,"column":null}},"51":{"start":{"line":116,"column":10},"end":{"line":116,"column":null}},"52":{"start":{"line":119,"column":8},"end":{"line":119,"column":null}},"53":{"start":{"line":120,"column":8},"end":{"line":120,"column":null}},"54":{"start":{"line":121,"column":8},"end":{"line":121,"column":null}},"55":{"start":{"line":122,"column":8},"end":{"line":122,"column":null}},"56":{"start":{"line":123,"column":8},"end":{"line":123,"column":null}},"57":{"start":{"line":127,"column":4},"end":{"line":127,"column":null}},"58":{"start":{"line":131,"column":18},"end":{"line":131,"column":null}},"59":{"start":{"line":132,"column":32},"end":{"line":132,"column":62}},"60":{"start":{"line":135,"column":6},"end":{"line":137,"column":null}},"61":{"start":{"line":136,"column":8},"end":{"line":136,"column":null}},"62":{"start":{"line":140,"column":6},"end":{"line":142,"column":null}},"63":{"start":{"line":141,"column":8},"end":{"line":141,"column":null}},"64":{"start":{"line":145,"column":4},"end":{"line":149,"column":null}},"65":{"start":{"line":146,"column":6},"end":{"line":148,"column":null}},"66":{"start":{"line":147,"column":8},"end":{"line":147,"column":null}},"67":{"start":{"line":153,"column":25},"end":{"line":156,"column":null}},"68":{"start":{"line":154,"column":4},"end":{"line":154,"column":null}},"69":{"start":{"line":159,"column":2},"end":{"line":207,"column":null}},"70":{"start":{"line":160,"column":4},"end":{"line":160,"column":null}},"71":{"start":{"line":160,"column":43},"end":{"line":160,"column":null}},"72":{"start":{"line":162,"column":46},"end":{"line":162,"column":null}},"73":{"start":{"line":164,"column":32},"end":{"line":196,"column":null}},"74":{"start":{"line":165,"column":6},"end":{"line":195,"column":null}},"75":{"start":{"line":166,"column":27},"end":{"line":166,"column":null}},"76":{"start":{"line":167,"column":22},"end":{"line":167,"column":null}},"77":{"start":{"line":169,"column":8},"end":{"line":169,"column":null}},"78":{"start":{"line":169,"column":20},"end":{"line":169,"column":null}},"79":{"start":{"line":171,"column":25},"end":{"line":176,"column":null}},"80":{"start":{"line":178,"column":8},"end":{"line":192,"column":null}},"81":{"start":{"line":179,"column":23},"end":{"line":179,"column":null}},"82":{"start":{"line":182,"column":10},"end":{"line":191,"column":null}},"83":{"start":{"line":183,"column":47},"end":{"line":187,"column":null}},"84":{"start":{"line":189,"column":12},"end":{"line":189,"column":null}},"85":{"start":{"line":189,"column":32},"end":{"line":189,"column":null}},"86":{"start":{"line":190,"column":12},"end":{"line":190,"column":null}},"87":{"start":{"line":194,"column":8},"end":{"line":194,"column":null}},"88":{"start":{"line":199,"column":4},"end":{"line":199,"column":null}},"89":{"start":{"line":202,"column":4},"end":{"line":206,"column":null}},"90":{"start":{"line":203,"column":6},"end":{"line":205,"column":null}},"91":{"start":{"line":204,"column":8},"end":{"line":204,"column":null}},"92":{"start":{"line":210,"column":2},"end":{"line":212,"column":null}},"93":{"start":{"line":211,"column":4},"end":{"line":211,"column":null}},"94":{"start":{"line":215,"column":2},"end":{"line":219,"column":null}},"95":{"start":{"line":216,"column":4},"end":{"line":218,"column":null}},"96":{"start":{"line":217,"column":6},"end":{"line":217,"column":null}},"97":{"start":{"line":221,"column":17},"end":{"line":225,"column":null}},"98":{"start":{"line":222,"column":4},"end":{"line":222,"column":null}},"99":{"start":{"line":223,"column":4},"end":{"line":223,"column":null}},"100":{"start":{"line":224,"column":4},"end":{"line":224,"column":null}},"101":{"start":{"line":227,"column":22},"end":{"line":283,"column":null}},"102":{"start":{"line":228,"column":4},"end":{"line":228,"column":null}},"103":{"start":{"line":228,"column":29},"end":{"line":228,"column":null}},"104":{"start":{"line":230,"column":33},"end":{"line":234,"column":null}},"105":{"start":{"line":236,"column":4},"end":{"line":236,"column":null}},"106":{"start":{"line":236,"column":24},"end":{"line":236,"column":null}},"107":{"start":{"line":237,"column":4},"end":{"line":237,"column":null}},"108":{"start":{"line":240,"column":23},"end":{"line":240,"column":null}},"109":{"start":{"line":241,"column":20},"end":{"line":241,"column":40}},"110":{"start":{"line":242,"column":18},"end":{"line":242,"column":null}},"111":{"start":{"line":244,"column":4},"end":{"line":244,"column":null}},"112":{"start":{"line":245,"column":4},"end":{"line":245,"column":null}},"113":{"start":{"line":247,"column":4},"end":{"line":282,"column":null}},"114":{"start":{"line":248,"column":23},"end":{"line":259,"column":null}},"115":{"start":{"line":261,"column":6},"end":{"line":271,"column":null}},"116":{"start":{"line":262,"column":39},"end":{"line":262,"column":null}},"117":{"start":{"line":263,"column":36},"end":{"line":267,"column":null}},"118":{"start":{"line":268,"column":8},"end":{"line":268,"column":null}},"119":{"start":{"line":268,"column":28},"end":{"line":268,"column":null}},"120":{"start":{"line":270,"column":8},"end":{"line":270,"column":null}},"121":{"start":{"line":273,"column":6},"end":{"line":273,"column":null}},"122":{"start":{"line":274,"column":36},"end":{"line":278,"column":null}},"123":{"start":{"line":279,"column":6},"end":{"line":279,"column":null}},"124":{"start":{"line":279,"column":26},"end":{"line":279,"column":null}},"125":{"start":{"line":281,"column":6},"end":{"line":281,"column":null}},"126":{"start":{"line":285,"column":28},"end":{"line":292,"column":null}},"127":{"start":{"line":286,"column":20},"end":{"line":286,"column":null}},"128":{"start":{"line":287,"column":4},"end":{"line":291,"column":null}},"129":{"start":{"line":289,"column":6},"end":{"line":289,"column":null}},"130":{"start":{"line":290,"column":6},"end":{"line":290,"column":null}},"131":{"start":{"line":294,"column":28},"end":{"line":297,"column":null}},"132":{"start":{"line":296,"column":4},"end":{"line":296,"column":null}},"133":{"start":{"line":299,"column":24},"end":{"line":306,"column":null}},"134":{"start":{"line":300,"column":4},"end":{"line":303,"column":null}},"135":{"start":{"line":301,"column":6},"end":{"line":301,"column":null}},"136":{"start":{"line":302,"column":6},"end":{"line":302,"column":null}},"137":{"start":{"line":305,"column":4},"end":{"line":305,"column":null}},"138":{"start":{"line":308,"column":27},"end":{"line":311,"column":null}},"139":{"start":{"line":310,"column":4},"end":{"line":310,"column":null}},"140":{"start":{"line":313,"column":30},"end":{"line":325,"column":null}},"141":{"start":{"line":314,"column":4},"end":{"line":314,"column":null}},"142":{"start":{"line":317,"column":36},"end":{"line":321,"column":null}},"143":{"start":{"line":323,"column":4},"end":{"line":323,"column":null}},"144":{"start":{"line":323,"column":24},"end":{"line":323,"column":null}},"145":{"start":{"line":324,"column":4},"end":{"line":324,"column":null}},"146":{"start":{"line":327,"column":28},"end":{"line":338,"column":null}},"147":{"start":{"line":328,"column":4},"end":{"line":328,"column":null}},"148":{"start":{"line":331,"column":34},"end":{"line":335,"column":null}},"149":{"start":{"line":337,"column":4},"end":{"line":337,"column":null}},"150":{"start":{"line":337,"column":24},"end":{"line":337,"column":null}},"151":{"start":{"line":341,"column":24},"end":{"line":366,"column":null}},"152":{"start":{"line":343,"column":4},"end":{"line":345,"column":null}},"153":{"start":{"line":348,"column":21},"end":{"line":348,"column":null}},"154":{"start":{"line":351,"column":18},"end":{"line":351,"column":null}},"155":{"start":{"line":356,"column":10},"end":{"line":356,"column":27}},"156":{"start":{"line":369,"column":2},"end":{"line":387,"column":null}},"157":{"start":{"line":390,"column":2},"end":{"line":410,"column":null}},"158":{"start":{"line":401,"column":29},"end":{"line":401,"column":null}},"159":{"start":{"line":417,"column":23},"end":{"line":417,"column":null}},"160":{"start":{"line":455,"column":18},"end":{"line":455,"column":40}},"161":{"start":{"line":468,"column":28},"end":{"line":469,"column":null}},"162":{"start":{"line":472,"column":45},"end":{"line":472,"column":null}},"163":{"start":{"line":516,"column":35},"end":{"line":516,"column":null}}},"fnMap":{"0":{"name":"ChatPage","decl":{"start":{"line":35,"column":24},"end":{"line":35,"column":null}},"loc":{"start":{"line":35,"column":24},"end":{"line":545,"column":null}}},"1":{"name":"(anonymous_6)","decl":{"start":{"line":69,"column":12},"end":{"line":69,"column":null}},"loc":{"start":{"line":69,"column":12},"end":{"line":150,"column":5}}},"2":{"name":"(anonymous_7)","decl":{"start":{"line":70,"column":22},"end":{"line":70,"column":null}},"loc":{"start":{"line":70,"column":22},"end":{"line":125,"column":null}}},"3":{"name":"(anonymous_8)","decl":{"start":{"line":130,"column":47},"end":{"line":130,"column":null}},"loc":{"start":{"line":130,"column":47},"end":{"line":143,"column":7}}},"4":{"name":"(anonymous_9)","decl":{"start":{"line":145,"column":11},"end":{"line":145,"column":null}},"loc":{"start":{"line":145,"column":11},"end":{"line":149,"column":null}}},"5":{"name":"(anonymous_10)","decl":{"start":{"line":153,"column":25},"end":{"line":153,"column":null}},"loc":{"start":{"line":153,"column":25},"end":{"line":156,"column":null}}},"6":{"name":"(anonymous_11)","decl":{"start":{"line":159,"column":12},"end":{"line":159,"column":null}},"loc":{"start":{"line":159,"column":12},"end":{"line":207,"column":5}}},"7":{"name":"(anonymous_12)","decl":{"start":{"line":164,"column":32},"end":{"line":164,"column":null}},"loc":{"start":{"line":164,"column":32},"end":{"line":196,"column":null}}},"8":{"name":"(anonymous_13)","decl":{"start":{"line":182,"column":44},"end":{"line":182,"column":45}},"loc":{"start":{"line":182,"column":45},"end":{"line":191,"column":null}}},"9":{"name":"(anonymous_14)","decl":{"start":{"line":189,"column":24},"end":{"line":189,"column":32}},"loc":{"start":{"line":189,"column":32},"end":{"line":189,"column":null}}},"10":{"name":"(anonymous_15)","decl":{"start":{"line":202,"column":11},"end":{"line":202,"column":null}},"loc":{"start":{"line":202,"column":11},"end":{"line":206,"column":null}}},"11":{"name":"(anonymous_16)","decl":{"start":{"line":210,"column":12},"end":{"line":210,"column":null}},"loc":{"start":{"line":210,"column":12},"end":{"line":212,"column":5}}},"12":{"name":"(anonymous_17)","decl":{"start":{"line":215,"column":12},"end":{"line":215,"column":null}},"loc":{"start":{"line":215,"column":12},"end":{"line":219,"column":5}}},"13":{"name":"(anonymous_18)","decl":{"start":{"line":221,"column":17},"end":{"line":221,"column":null}},"loc":{"start":{"line":221,"column":17},"end":{"line":225,"column":null}}},"14":{"name":"(anonymous_19)","decl":{"start":{"line":227,"column":22},"end":{"line":227,"column":29}},"loc":{"start":{"line":227,"column":29},"end":{"line":283,"column":null}}},"15":{"name":"(anonymous_20)","decl":{"start":{"line":236,"column":16},"end":{"line":236,"column":24}},"loc":{"start":{"line":236,"column":24},"end":{"line":236,"column":null}}},"16":{"name":"(anonymous_21)","decl":{"start":{"line":268,"column":20},"end":{"line":268,"column":28}},"loc":{"start":{"line":268,"column":28},"end":{"line":268,"column":null}}},"17":{"name":"(anonymous_22)","decl":{"start":{"line":279,"column":18},"end":{"line":279,"column":26}},"loc":{"start":{"line":279,"column":26},"end":{"line":279,"column":null}}},"18":{"name":"(anonymous_23)","decl":{"start":{"line":285,"column":28},"end":{"line":285,"column":null}},"loc":{"start":{"line":285,"column":28},"end":{"line":292,"column":null}}},"19":{"name":"(anonymous_24)","decl":{"start":{"line":294,"column":28},"end":{"line":294,"column":29}},"loc":{"start":{"line":294,"column":29},"end":{"line":297,"column":null}}},"20":{"name":"(anonymous_25)","decl":{"start":{"line":299,"column":24},"end":{"line":299,"column":25}},"loc":{"start":{"line":299,"column":25},"end":{"line":306,"column":null}}},"21":{"name":"(anonymous_26)","decl":{"start":{"line":308,"column":27},"end":{"line":308,"column":null}},"loc":{"start":{"line":308,"column":27},"end":{"line":311,"column":null}}},"22":{"name":"(anonymous_27)","decl":{"start":{"line":313,"column":30},"end":{"line":313,"column":31}},"loc":{"start":{"line":313,"column":31},"end":{"line":325,"column":null}}},"23":{"name":"(anonymous_28)","decl":{"start":{"line":323,"column":16},"end":{"line":323,"column":24}},"loc":{"start":{"line":323,"column":24},"end":{"line":323,"column":null}}},"24":{"name":"(anonymous_29)","decl":{"start":{"line":327,"column":28},"end":{"line":327,"column":29}},"loc":{"start":{"line":327,"column":29},"end":{"line":338,"column":null}}},"25":{"name":"(anonymous_30)","decl":{"start":{"line":337,"column":16},"end":{"line":337,"column":24}},"loc":{"start":{"line":337,"column":24},"end":{"line":337,"column":null}}},"26":{"name":"(anonymous_31)","decl":{"start":{"line":341,"column":24},"end":{"line":341,"column":25}},"loc":{"start":{"line":341,"column":25},"end":{"line":366,"column":null}}},"27":{"name":"(anonymous_32)","decl":{"start":{"line":355,"column":19},"end":{"line":355,"column":20}},"loc":{"start":{"line":356,"column":10},"end":{"line":356,"column":27}}},"28":{"name":"(anonymous_33)","decl":{"start":{"line":401,"column":23},"end":{"line":401,"column":29}},"loc":{"start":{"line":401,"column":29},"end":{"line":401,"column":null}}},"29":{"name":"(anonymous_34)","decl":{"start":{"line":417,"column":17},"end":{"line":417,"column":23}},"loc":{"start":{"line":417,"column":23},"end":{"line":417,"column":null}}},"30":{"name":"(anonymous_35)","decl":{"start":{"line":454,"column":30},"end":{"line":454,"column":31}},"loc":{"start":{"line":455,"column":18},"end":{"line":455,"column":40}}},"31":{"name":"(anonymous_36)","decl":{"start":{"line":467,"column":47},"end":{"line":467,"column":48}},"loc":{"start":{"line":468,"column":28},"end":{"line":469,"column":null}}},"32":{"name":"(anonymous_37)","decl":{"start":{"line":472,"column":39},"end":{"line":472,"column":45}},"loc":{"start":{"line":472,"column":45},"end":{"line":472,"column":null}}},"33":{"name":"(anonymous_38)","decl":{"start":{"line":516,"column":28},"end":{"line":516,"column":29}},"loc":{"start":{"line":516,"column":35},"end":{"line":516,"column":null}}}},"branchMap":{"0":{"loc":{"start":{"line":72,"column":6},"end":{"line":75,"column":null}},"type":"if","locations":[{"start":{"line":72,"column":6},"end":{"line":75,"column":null}}]},"1":{"loc":{"start":{"line":78,"column":25},"end":{"line":78,"column":null}},"type":"binary-expr","locations":[{"start":{"line":78,"column":25},"end":{"line":78,"column":61}},{"start":{"line":78,"column":65},"end":{"line":78,"column":null}}]},"2":{"loc":{"start":{"line":93,"column":8},"end":{"line":117,"column":null}},"type":"if","locations":[{"start":{"line":93,"column":8},"end":{"line":117,"column":null}},{"start":{"line":111,"column":15},"end":{"line":117,"column":null}}]},"3":{"loc":{"start":{"line":101,"column":10},"end":{"line":109,"column":null}},"type":"if","locations":[{"start":{"line":101,"column":10},"end":{"line":109,"column":null}}]},"4":{"loc":{"start":{"line":102,"column":29},"end":{"line":102,"column":null}},"type":"binary-expr","locations":[{"start":{"line":102,"column":29},"end":{"line":102,"column":42}},{"start":{"line":102,"column":46},"end":{"line":102,"column":null}}]},"5":{"loc":{"start":{"line":135,"column":6},"end":{"line":137,"column":null}},"type":"if","locations":[{"start":{"line":135,"column":6},"end":{"line":137,"column":null}}]},"6":{"loc":{"start":{"line":140,"column":6},"end":{"line":142,"column":null}},"type":"if","locations":[{"start":{"line":140,"column":6},"end":{"line":142,"column":null}}]},"7":{"loc":{"start":{"line":146,"column":6},"end":{"line":148,"column":null}},"type":"if","locations":[{"start":{"line":146,"column":6},"end":{"line":148,"column":null}}]},"8":{"loc":{"start":{"line":160,"column":4},"end":{"line":160,"column":null}},"type":"if","locations":[{"start":{"line":160,"column":4},"end":{"line":160,"column":null}}]},"9":{"loc":{"start":{"line":160,"column":8},"end":{"line":160,"column":43}},"type":"binary-expr","locations":[{"start":{"line":160,"column":8},"end":{"line":160,"column":28}},{"start":{"line":160,"column":28},"end":{"line":160,"column":43}}]},"10":{"loc":{"start":{"line":166,"column":27},"end":{"line":166,"column":null}},"type":"binary-expr","locations":[{"start":{"line":166,"column":27},"end":{"line":166,"column":63}},{"start":{"line":166,"column":67},"end":{"line":166,"column":null}}]},"11":{"loc":{"start":{"line":169,"column":8},"end":{"line":169,"column":null}},"type":"if","locations":[{"start":{"line":169,"column":8},"end":{"line":169,"column":null}}]},"12":{"loc":{"start":{"line":178,"column":8},"end":{"line":192,"column":null}},"type":"if","locations":[{"start":{"line":178,"column":8},"end":{"line":192,"column":null}}]},"13":{"loc":{"start":{"line":186,"column":78},"end":{"line":186,"column":104}},"type":"binary-expr","locations":[{"start":{"line":186,"column":78},"end":{"line":186,"column":90}},{"start":{"line":186,"column":94},"end":{"line":186,"column":104}}]},"14":{"loc":{"start":{"line":203,"column":6},"end":{"line":205,"column":null}},"type":"if","locations":[{"start":{"line":203,"column":6},"end":{"line":205,"column":null}}]},"15":{"loc":{"start":{"line":216,"column":4},"end":{"line":218,"column":null}},"type":"if","locations":[{"start":{"line":216,"column":4},"end":{"line":218,"column":null}}]},"16":{"loc":{"start":{"line":216,"column":8},"end":{"line":216,"column":43}},"type":"binary-expr","locations":[{"start":{"line":216,"column":8},"end":{"line":216,"column":27}},{"start":{"line":216,"column":27},"end":{"line":216,"column":43}}]},"17":{"loc":{"start":{"line":228,"column":4},"end":{"line":228,"column":null}},"type":"if","locations":[{"start":{"line":228,"column":4},"end":{"line":228,"column":null}}]},"18":{"loc":{"start":{"line":240,"column":23},"end":{"line":240,"column":null}},"type":"binary-expr","locations":[{"start":{"line":240,"column":23},"end":{"line":240,"column":59}},{"start":{"line":240,"column":63},"end":{"line":240,"column":null}}]},"19":{"loc":{"start":{"line":261,"column":6},"end":{"line":271,"column":null}},"type":"if","locations":[{"start":{"line":261,"column":6},"end":{"line":271,"column":null}},{"start":{"line":269,"column":13},"end":{"line":271,"column":null}}]},"20":{"loc":{"start":{"line":265,"column":16},"end":{"line":265,"column":null}},"type":"binary-expr","locations":[{"start":{"line":265,"column":16},"end":{"line":265,"column":25}},{"start":{"line":265,"column":29},"end":{"line":265,"column":null}}]},"21":{"loc":{"start":{"line":287,"column":4},"end":{"line":291,"column":null}},"type":"if","locations":[{"start":{"line":287,"column":4},"end":{"line":291,"column":null}}]},"22":{"loc":{"start":{"line":300,"column":4},"end":{"line":303,"column":null}},"type":"if","locations":[{"start":{"line":300,"column":4},"end":{"line":303,"column":null}}]},"23":{"loc":{"start":{"line":300,"column":8},"end":{"line":300,"column":40}},"type":"binary-expr","locations":[{"start":{"line":300,"column":8},"end":{"line":300,"column":29}},{"start":{"line":300,"column":29},"end":{"line":300,"column":40}}]},"24":{"loc":{"start":{"line":343,"column":4},"end":{"line":345,"column":null}},"type":"if","locations":[{"start":{"line":343,"column":4},"end":{"line":345,"column":null}}]},"25":{"loc":{"start":{"line":343,"column":8},"end":{"line":343,"column":43}},"type":"binary-expr","locations":[{"start":{"line":343,"column":8},"end":{"line":343,"column":17}},{"start":{"line":343,"column":17},"end":{"line":343,"column":43}}]},"26":{"loc":{"start":{"line":356,"column":38},"end":{"line":356,"column":null}},"type":"cond-expr","locations":[{"start":{"line":356,"column":50},"end":{"line":356,"column":59}},{"start":{"line":356,"column":59},"end":{"line":356,"column":null}}]},"27":{"loc":{"start":{"line":357,"column":13},"end":{"line":360,"column":null}},"type":"cond-expr","locations":[{"start":{"line":358,"column":14},"end":{"line":360,"column":15}},{"start":{"line":360,"column":14},"end":{"line":360,"column":null}}]},"28":{"loc":{"start":{"line":369,"column":2},"end":{"line":387,"column":null}},"type":"if","locations":[{"start":{"line":369,"column":2},"end":{"line":387,"column":null}}]},"29":{"loc":{"start":{"line":375,"column":13},"end":{"line":375,"column":null}},"type":"binary-expr","locations":[{"start":{"line":375,"column":13},"end":{"line":375,"column":null}}]},"30":{"loc":{"start":{"line":378,"column":13},"end":{"line":378,"column":null}},"type":"binary-expr","locations":[{"start":{"line":378,"column":13},"end":{"line":378,"column":null}}]},"31":{"loc":{"start":{"line":390,"column":2},"end":{"line":410,"column":null}},"type":"if","locations":[{"start":{"line":390,"column":2},"end":{"line":410,"column":null}}]},"32":{"loc":{"start":{"line":390,"column":6},"end":{"line":390,"column":43}},"type":"binary-expr","locations":[{"start":{"line":390,"column":6},"end":{"line":390,"column":26}},{"start":{"line":390,"column":26},"end":{"line":390,"column":43}}]},"33":{"loc":{"start":{"line":396,"column":13},"end":{"line":396,"column":null}},"type":"binary-expr","locations":[{"start":{"line":396,"column":13},"end":{"line":396,"column":null}}]},"34":{"loc":{"start":{"line":455,"column":59},"end":{"line":455,"column":119}},"type":"cond-expr","locations":[{"start":{"line":455,"column":86},"end":{"line":455,"column":104}},{"start":{"line":455,"column":104},"end":{"line":455,"column":119}}]},"35":{"loc":{"start":{"line":458,"column":24},"end":{"line":458,"column":null}},"type":"cond-expr","locations":[{"start":{"line":458,"column":51},"end":{"line":458,"column":81}},{"start":{"line":458,"column":81},"end":{"line":458,"column":null}}]},"36":{"loc":{"start":{"line":465,"column":23},"end":{"line":465,"column":38}},"type":"binary-expr","locations":[{"start":{"line":465,"column":23},"end":{"line":465,"column":38}}]},"37":{"loc":{"start":{"line":485,"column":17},"end":{"line":485,"column":null}},"type":"binary-expr","locations":[{"start":{"line":485,"column":17},"end":{"line":485,"column":null}}]},"38":{"loc":{"start":{"line":524,"column":28},"end":{"line":524,"column":null}},"type":"binary-expr","locations":[{"start":{"line":524,"column":28},"end":{"line":524,"column":41}},{"start":{"line":524,"column":41},"end":{"line":524,"column":null}}]}},"s":{"0":0,"1":0,"2":0,"3":0,"4":0,"5":0,"6":0,"7":0,"8":0,"9":0,"10":0,"11":0,"12":0,"13":0,"14":0,"15":0,"16":0,"17":0,"18":0,"19":0,"20":0,"21":0,"22":0,"23":0,"24":0,"25":0,"26":0,"27":0,"28":0,"29":0,"30":0,"31":0,"32":0,"33":0,"34":0,"35":0,"36":0,"37":0,"38":0,"39":0,"40":0,"41":0,"42":0,"43":0,"44":0,"45":0,"46":0,"47":0,"48":0,"49":0,"50":0,"51":0,"52":0,"53":0,"54":0,"55":0,"56":0,"57":0,"58":0,"59":0,"60":0,"61":0,"62":0,"63":0,"64":0,"65":0,"66":0,"67":0,"68":0,"69":0,"70":0,"71":0,"72":0,"73":0,"74":0,"75":0,"76":0,"77":0,"78":0,"79":0,"80":0,"81":0,"82":0,"83":0,"84":0,"85":0,"86":0,"87":0,"88":0,"89":0,"90":0,"91":0,"92":0,"93":0,"94":0,"95":0,"96":0,"97":0,"98":0,"99":0,"100":0,"101":0,"102":0,"103":0,"104":0,"105":0,"106":0,"107":0,"108":0,"109":0,"110":0,"111":0,"112":0,"113":0,"114":0,"115":0,"116":0,"117":0,"118":0,"119":0,"120":0,"121":0,"122":0,"123":0,"124":0,"125":0,"126":0,"127":0,"128":0,"129":0,"130":0,"131":0,"132":0,"133":0,"134":0,"135":0,"136":0,"137":0,"138":0,"139":0,"140":0,"141":0,"142":0,"143":0,"144":0,"145":0,"146":0,"147":0,"148":0,"149":0,"150":0,"151":0,"152":0,"153":0,"154":0,"155":0,"156":0,"157":0,"158":0,"159":0,"160":0,"161":0,"162":0,"163":0},"f":{"0":0,"1":0,"2":0,"3":0,"4":0,"5":0,"6":0,"7":0,"8":0,"9":0,"10":0,"11":0,"12":0,"13":0,"14":0,"15":0,"16":0,"17":0,"18":0,"19":0,"20":0,"21":0,"22":0,"23":0,"24":0,"25":0,"26":0,"27":0,"28":0,"29":0,"30":0,"31":0,"32":0,"33":0},"b":{"0":[0],"1":[0,0],"2":[0,0],"3":[0],"4":[0,0],"5":[0],"6":[0],"7":[0],"8":[0],"9":[0,0],"10":[0,0],"11":[0],"12":[0],"13":[0,0],"14":[0],"15":[0],"16":[0,0],"17":[0],"18":[0,0],"19":[0,0],"20":[0,0],"21":[0],"22":[0],"23":[0,0],"24":[0],"25":[0,0],"26":[0,0],"27":[0,0],"28":[0],"29":[0],"30":[0],"31":[0],"32":[0,0],"33":[0],"34":[0,0],"35":[0,0],"36":[0],"37":[0],"38":[0,0]}}
,"/Users/aq_home/1Projects/accessa/insurance_navigator/ui/app/forgot-password/page.tsx": {"path":"/Users/aq_home/1Projects/accessa/insurance_navigator/ui/app/forgot-password/page.tsx","statementMap":{"0":{"start":{"line":9,"column":24},"end":{"line":9,"column":null}},"1":{"start":{"line":3,"column":32},"end":{"line":3,"column":null}},"2":{"start":{"line":4,"column":17},"end":{"line":4,"column":null}},"3":{"start":{"line":5,"column":23},"end":{"line":5,"column":null}},"4":{"start":{"line":6,"column":21},"end":{"line":6,"column":null}},"5":{"start":{"line":7,"column":45},"end":{"line":7,"column":null}},"6":{"start":{"line":10,"column":28},"end":{"line":10,"column":null}},"7":{"start":{"line":11,"column":36},"end":{"line":11,"column":null}},"8":{"start":{"line":12,"column":40},"end":{"line":12,"column":null}},"9":{"start":{"line":13,"column":28},"end":{"line":13,"column":null}},"10":{"start":{"line":15,"column":23},"end":{"line":53,"column":null}},"11":{"start":{"line":16,"column":4},"end":{"line":16,"column":null}},"12":{"start":{"line":17,"column":4},"end":{"line":17,"column":null}},"13":{"start":{"line":18,"column":4},"end":{"line":18,"column":null}},"14":{"start":{"line":21,"column":23},"end":{"line":21,"column":null}},"15":{"start":{"line":22,"column":30},"end":{"line":22,"column":61}},"16":{"start":{"line":24,"column":4},"end":{"line":24,"column":null}},"17":{"start":{"line":25,"column":4},"end":{"line":25,"column":null}},"18":{"start":{"line":27,"column":4},"end":{"line":52,"column":null}},"19":{"start":{"line":28,"column":23},"end":{"line":35,"column":null}},"20":{"start":{"line":37,"column":6},"end":{"line":42,"column":null}},"21":{"start":{"line":38,"column":8},"end":{"line":38,"column":null}},"22":{"start":{"line":40,"column":8},"end":{"line":40,"column":null}},"23":{"start":{"line":41,"column":8},"end":{"line":41,"column":null}},"24":{"start":{"line":44,"column":6},"end":{"line":44,"column":null}},"25":{"start":{"line":45,"column":6},"end":{"line":49,"column":null}},"26":{"start":{"line":46,"column":8},"end":{"line":46,"column":null}},"27":{"start":{"line":48,"column":8},"end":{"line":48,"column":null}},"28":{"start":{"line":51,"column":6},"end":{"line":51,"column":null}},"29":{"start":{"line":55,"column":2},"end":{"line":109,"column":null}},"30":{"start":{"line":97,"column":18},"end":{"line":97,"column":null}},"31":{"start":{"line":98,"column":18},"end":{"line":98,"column":null}},"32":{"start":{"line":153,"column":20},"end":{"line":153,"column":null}},"33":{"start":{"line":154,"column":20},"end":{"line":154,"column":null}},"34":{"start":{"line":154,"column":31},"end":{"line":154,"column":null}}},"fnMap":{"0":{"name":"ForgotPasswordPage","decl":{"start":{"line":9,"column":24},"end":{"line":9,"column":null}},"loc":{"start":{"line":9,"column":24},"end":{"line":186,"column":null}}},"1":{"name":"(anonymous_6)","decl":{"start":{"line":15,"column":23},"end":{"line":15,"column":30}},"loc":{"start":{"line":15,"column":30},"end":{"line":53,"column":null}}},"2":{"name":"(anonymous_7)","decl":{"start":{"line":96,"column":25},"end":{"line":96,"column":null}},"loc":{"start":{"line":96,"column":25},"end":{"line":99,"column":null}}},"3":{"name":"(anonymous_8)","decl":{"start":{"line":152,"column":28},"end":{"line":152,"column":29}},"loc":{"start":{"line":152,"column":29},"end":{"line":155,"column":null}}}},"branchMap":{"0":{"loc":{"start":{"line":21,"column":23},"end":{"line":21,"column":null}},"type":"binary-expr","locations":[{"start":{"line":21,"column":23},"end":{"line":21,"column":59}},{"start":{"line":21,"column":63},"end":{"line":21,"column":null}}]},"1":{"loc":{"start":{"line":37,"column":6},"end":{"line":42,"column":null}},"type":"if","locations":[{"start":{"line":37,"column":6},"end":{"line":42,"column":null}},{"start":{"line":39,"column":13},"end":{"line":42,"column":null}}]},"2":{"loc":{"start":{"line":45,"column":6},"end":{"line":49,"column":null}},"type":"if","locations":[{"start":{"line":45,"column":6},"end":{"line":49,"column":null}},{"start":{"line":47,"column":13},"end":{"line":49,"column":null}}]},"3":{"loc":{"start":{"line":55,"column":2},"end":{"line":109,"column":null}},"type":"if","locations":[{"start":{"line":55,"column":2},"end":{"line":109,"column":null}}]},"4":{"loc":{"start":{"line":134,"column":11},"end":{"line":134,"column":null}},"type":"binary-expr","locations":[{"start":{"line":134,"column":11},"end":{"line":134,"column":null}}]},"5":{"loc":{"start":{"line":154,"column":20},"end":{"line":154,"column":null}},"type":"if","locations":[{"start":{"line":154,"column":20},"end":{"line":154,"column":null}}]},"6":{"loc":{"start":{"line":169,"column":15},"end":{"line":169,"column":null}},"type":"cond-expr","locations":[{"start":{"line":169,"column":27},"end":{"line":169,"column":42}},{"start":{"line":169,"column":42},"end":{"line":169,"column":null}}]}},"s":{"0":0,"1":0,"2":0,"3":0,"4":0,"5":0,"6":0,"7":0,"8":0,"9":0,"10":0,"11":0,"12":0,"13":0,"14":0,"15":0,"16":0,"17":0,"18":0,"19":0,"20":0,"21":0,"22":0,"23":0,"24":0,"25":0,"26":0,"27":0,"28":0,"29":0,"30":0,"31":0,"32":0,"33":0,"34":0},"f":{"0":0,"1":0,"2":0,"3":0},"b":{"0":[0,0],"1":[0,0],"2":[0,0],"3":[0],"4":[0],"5":[0],"6":[0,0]}}
,"/Users/aq_home/1Projects/accessa/insurance_navigator/ui/app/login/page.tsx": {"path":"/Users/aq_home/1Projects/accessa/insurance_navigator/ui/app/login/page.tsx","statementMap":{"0":{"start":{"line":25,"column":24},"end":{"line":25,"column":null}},"1":{"start":{"line":3,"column":32},"end":{"line":3,"column":null}},"2":{"start":{"line":4,"column":17},"end":{"line":4,"column":null}},"3":{"start":{"line":5,"column":26},"end":{"line":5,"column":null}},"4":{"start":{"line":6,"column":23},"end":{"line":6,"column":null}},"5":{"start":{"line":7,"column":21},"end":{"line":7,"column":null}},"6":{"start":{"line":8,"column":51},"end":{"line":8,"column":null}},"7":{"start":{"line":26,"column":17},"end":{"line":26,"column":null}},"8":{"start":{"line":27,"column":34},"end":{"line":30,"column":null}},"9":{"start":{"line":31,"column":42},"end":{"line":31,"column":null}},"10":{"start":{"line":32,"column":36},"end":{"line":32,"column":null}},"11":{"start":{"line":33,"column":28},"end":{"line":33,"column":null}},"12":{"start":{"line":35,"column":28},"end":{"line":43,"column":null}},"13":{"start":{"line":36,"column":28},"end":{"line":36,"column":36}},"14":{"start":{"line":37,"column":4},"end":{"line":40,"column":null}},"15":{"start":{"line":37,"column":25},"end":{"line":40,"column":null}},"16":{"start":{"line":42,"column":4},"end":{"line":42,"column":null}},"17":{"start":{"line":42,"column":15},"end":{"line":42,"column":null}},"18":{"start":{"line":45,"column":23},"end":{"line":116,"column":null}},"19":{"start":{"line":46,"column":4},"end":{"line":46,"column":null}},"20":{"start":{"line":47,"column":4},"end":{"line":47,"column":null}},"21":{"start":{"line":48,"column":4},"end":{"line":48,"column":null}},"22":{"start":{"line":50,"column":4},"end":{"line":50,"column":null}},"23":{"start":{"line":51,"column":4},"end":{"line":51,"column":null}},"24":{"start":{"line":54,"column":23},"end":{"line":54,"column":null}},"25":{"start":{"line":55,"column":21},"end":{"line":55,"column":42}},"26":{"start":{"line":57,"column":4},"end":{"line":57,"column":null}},"27":{"start":{"line":58,"column":4},"end":{"line":58,"column":null}},"28":{"start":{"line":60,"column":4},"end":{"line":113,"column":null}},"29":{"start":{"line":61,"column":6},"end":{"line":61,"column":null}},"30":{"start":{"line":62,"column":23},"end":{"line":72,"column":null}},"31":{"start":{"line":74,"column":6},"end":{"line":97,"column":null}},"32":{"start":{"line":75,"column":36},"end":{"line":75,"column":null}},"33":{"start":{"line":76,"column":8},"end":{"line":76,"column":null}},"34":{"start":{"line":79,"column":8},"end":{"line":79,"column":null}},"35":{"start":{"line":80,"column":8},"end":{"line":80,"column":null}},"36":{"start":{"line":82,"column":8},"end":{"line":82,"column":null}},"37":{"start":{"line":84,"column":8},"end":{"line":84,"column":null}},"38":{"start":{"line":86,"column":8},"end":{"line":86,"column":null}},"39":{"start":{"line":87,"column":8},"end":{"line":92,"column":null}},"40":{"start":{"line":88,"column":43},"end":{"line":88,"column":null}},"41":{"start":{"line":89,"column":10},"end":{"line":89,"column":null}},"42":{"start":{"line":91,"column":10},"end":{"line":91,"column":null}},"43":{"start":{"line":95,"column":8},"end":{"line":95,"column":null}},"44":{"start":{"line":96,"column":8},"end":{"line":96,"column":null}},"45":{"start":{"line":99,"column":6},"end":{"line":99,"column":null}},"46":{"start":{"line":102,"column":6},"end":{"line":108,"column":null}},"47":{"start":{"line":103,"column":8},"end":{"line":103,"column":null}},"48":{"start":{"line":104,"column":13},"end":{"line":108,"column":null}},"49":{"start":{"line":105,"column":8},"end":{"line":105,"column":null}},"50":{"start":{"line":107,"column":8},"end":{"line":107,"column":null}},"51":{"start":{"line":111,"column":6},"end":{"line":111,"column":null}},"52":{"start":{"line":112,"column":6},"end":{"line":112,"column":null}},"53":{"start":{"line":114,"column":6},"end":{"line":114,"column":null}},"54":{"start":{"line":115,"column":6},"end":{"line":115,"column":null}},"55":{"start":{"line":119,"column":25},"end":{"line":134,"column":null}},"56":{"start":{"line":120,"column":4},"end":{"line":122,"column":null}},"57":{"start":{"line":121,"column":6},"end":{"line":121,"column":null}},"58":{"start":{"line":124,"column":4},"end":{"line":131,"column":null}},"59":{"start":{"line":126,"column":23},"end":{"line":129,"column":null}},"60":{"start":{"line":127,"column":22},"end":{"line":127,"column":null}},"61":{"start":{"line":128,"column":8},"end":{"line":128,"column":null}},"62":{"start":{"line":130,"column":6},"end":{"line":130,"column":null}},"63":{"start":{"line":133,"column":4},"end":{"line":133,"column":null}},"64":{"start":{"line":203,"column":33},"end":{"line":203,"column":null}}},"fnMap":{"0":{"name":"LoginPage","decl":{"start":{"line":25,"column":24},"end":{"line":25,"column":null}},"loc":{"start":{"line":25,"column":24},"end":{"line":241,"column":null}}},"1":{"name":"(anonymous_6)","decl":{"start":{"line":35,"column":28},"end":{"line":35,"column":29}},"loc":{"start":{"line":35,"column":29},"end":{"line":43,"column":null}}},"2":{"name":"(anonymous_7)","decl":{"start":{"line":37,"column":16},"end":{"line":37,"column":25}},"loc":{"start":{"line":37,"column":25},"end":{"line":40,"column":null}}},"3":{"name":"(anonymous_8)","decl":{"start":{"line":45,"column":23},"end":{"line":45,"column":30}},"loc":{"start":{"line":45,"column":30},"end":{"line":116,"column":null}}},"4":{"name":"(anonymous_9)","decl":{"start":{"line":119,"column":25},"end":{"line":119,"column":26}},"loc":{"start":{"line":119,"column":26},"end":{"line":134,"column":null}}},"5":{"name":"(anonymous_10)","decl":{"start":{"line":126,"column":44},"end":{"line":126,"column":45}},"loc":{"start":{"line":126,"column":45},"end":{"line":129,"column":null}}},"6":{"name":"(anonymous_11)","decl":{"start":{"line":203,"column":27},"end":{"line":203,"column":33}},"loc":{"start":{"line":203,"column":33},"end":{"line":203,"column":null}}}},"branchMap":{"0":{"loc":{"start":{"line":42,"column":4},"end":{"line":42,"column":null}},"type":"if","locations":[{"start":{"line":42,"column":4},"end":{"line":42,"column":null}}]},"1":{"loc":{"start":{"line":54,"column":23},"end":{"line":54,"column":null}},"type":"binary-expr","locations":[{"start":{"line":54,"column":23},"end":{"line":54,"column":59}},{"start":{"line":54,"column":63},"end":{"line":54,"column":null}}]},"2":{"loc":{"start":{"line":74,"column":6},"end":{"line":97,"column":null}},"type":"if","locations":[{"start":{"line":74,"column":6},"end":{"line":97,"column":null}},{"start":{"line":85,"column":13},"end":{"line":97,"column":null}}]},"3":{"loc":{"start":{"line":102,"column":6},"end":{"line":108,"column":null}},"type":"if","locations":[{"start":{"line":102,"column":6},"end":{"line":108,"column":null}},{"start":{"line":104,"column":13},"end":{"line":108,"column":null}}]},"4":{"loc":{"start":{"line":102,"column":10},"end":{"line":102,"column":69}},"type":"binary-expr","locations":[{"start":{"line":102,"column":10},"end":{"line":102,"column":38}},{"start":{"line":102,"column":38},"end":{"line":102,"column":69}}]},"5":{"loc":{"start":{"line":104,"column":13},"end":{"line":108,"column":null}},"type":"if","locations":[{"start":{"line":104,"column":13},"end":{"line":108,"column":null}},{"start":{"line":106,"column":13},"end":{"line":108,"column":null}}]},"6":{"loc":{"start":{"line":120,"column":4},"end":{"line":122,"column":null}},"type":"if","locations":[{"start":{"line":120,"column":4},"end":{"line":122,"column":null}}]},"7":{"loc":{"start":{"line":124,"column":4},"end":{"line":131,"column":null}},"type":"if","locations":[{"start":{"line":124,"column":4},"end":{"line":131,"column":null}}]},"8":{"loc":{"start":{"line":157,"column":11},"end":{"line":157,"column":null}},"type":"binary-expr","locations":[{"start":{"line":157,"column":11},"end":{"line":157,"column":null}}]},"9":{"loc":{"start":{"line":192,"column":24},"end":{"line":192,"column":null}},"type":"cond-expr","locations":[{"start":{"line":192,"column":39},"end":{"line":192,"column":48}},{"start":{"line":192,"column":48},"end":{"line":192,"column":null}}]},"10":{"loc":{"start":{"line":206,"column":19},"end":{"line":206,"column":null}},"type":"cond-expr","locations":[{"start":{"line":206,"column":34},"end":{"line":206,"column":47}},{"start":{"line":206,"column":47},"end":{"line":206,"column":null}}]},"11":{"loc":{"start":{"line":217,"column":15},"end":{"line":217,"column":null}},"type":"cond-expr","locations":[{"start":{"line":217,"column":27},"end":{"line":217,"column":45}},{"start":{"line":217,"column":45},"end":{"line":217,"column":null}}]}},"s":{"0":0,"1":0,"2":0,"3":0,"4":0,"5":0,"6":0,"7":0,"8":0,"9":0,"10":0,"11":0,"12":0,"13":0,"14":0,"15":0,"16":0,"17":0,"18":0,"19":0,"20":0,"21":0,"22":0,"23":0,"24":0,"25":0,"26":0,"27":0,"28":0,"29":0,"30":0,"31":0,"32":0,"33":0,"34":0,"35":0,"36":0,"37":0,"38":0,"39":0,"40":0,"41":0,"42":0,"43":0,"44":0,"45":0,"46":0,"47":0,"48":0,"49":0,"50":0,"51":0,"52":0,"53":0,"54":0,"55":0,"56":0,"57":0,"58":0,"59":0,"60":0,"61":0,"62":0,"63":0,"64":0},"f":{"0":0,"1":0,"2":0,"3":0,"4":0,"5":0,"6":0},"b":{"0":[0],"1":[0,0],"2":[0,0],"3":[0,0],"4":[0,0],"5":[0,0],"6":[0],"7":[0],"8":[0],"9":[0,0],"10":[0,0],"11":[0,0]}}
,"/Users/aq_home/1Projects/accessa/insurance_navigator/ui/app/privacy/page.tsx": {"path":"/Users/aq_home/1Projects/accessa/insurance_navigator/ui/app/privacy/page.tsx","statementMap":{"0":{"start":{"line":4,"column":24},"end":{"line":4,"column":null}},"1":{"start":{"line":1,"column":17},"end":{"line":1,"column":null}},"2":{"start":{"line":2,"column":23},"end":{"line":2,"column":null}}},"fnMap":{"0":{"name":"PrivacyPage","decl":{"start":{"line":4,"column":24},"end":{"line":4,"column":null}},"loc":{"start":{"line":4,"column":24},"end":{"line":19,"column":null}}}},"branchMap":{},"s":{"0":0,"1":0,"2":0},"f":{"0":0},"b":{}}
,"/Users/aq_home/1Projects/accessa/insurance_navigator/ui/app/register/page.tsx": {"path":"/Users/aq_home/1Projects/accessa/insurance_navigator/ui/app/register/page.tsx","statementMap":{"0":{"start":{"line":26,"column":24},"end":{"line":26,"column":null}},"1":{"start":{"line":3,"column":32},"end":{"line":3,"column":null}},"2":{"start":{"line":4,"column":17},"end":{"line":4,"column":null}},"3":{"start":{"line":5,"column":26},"end":{"line":5,"column":null}},"4":{"start":{"line":6,"column":23},"end":{"line":6,"column":null}},"5":{"start":{"line":7,"column":21},"end":{"line":7,"column":null}},"6":{"start":{"line":8,"column":64},"end":{"line":8,"column":null}},"7":{"start":{"line":27,"column":17},"end":{"line":27,"column":null}},"8":{"start":{"line":28,"column":34},"end":{"line":33,"column":null}},"9":{"start":{"line":34,"column":42},"end":{"line":34,"column":null}},"10":{"start":{"line":35,"column":56},"end":{"line":35,"column":null}},"11":{"start":{"line":36,"column":36},"end":{"line":36,"column":null}},"12":{"start":{"line":37,"column":28},"end":{"line":37,"column":null}},"13":{"start":{"line":38,"column":50},"end":{"line":38,"column":null}},"14":{"start":{"line":41,"column":25},"end":{"line":43,"column":70}},"15":{"start":{"line":45,"column":28},"end":{"line":57,"column":null}},"16":{"start":{"line":46,"column":28},"end":{"line":46,"column":36}},"17":{"start":{"line":47,"column":4},"end":{"line":50,"column":null}},"18":{"start":{"line":47,"column":25},"end":{"line":50,"column":null}},"19":{"start":{"line":53,"column":4},"end":{"line":53,"column":null}},"20":{"start":{"line":53,"column":15},"end":{"line":53,"column":null}},"21":{"start":{"line":54,"column":4},"end":{"line":56,"column":null}},"22":{"start":{"line":55,"column":6},"end":{"line":55,"column":null}},"23":{"start":{"line":55,"column":35},"end":{"line":55,"column":null}},"24":{"start":{"line":59,"column":23},"end":{"line":85,"column":null}},"25":{"start":{"line":60,"column":43},"end":{"line":60,"column":null}},"26":{"start":{"line":63,"column":23},"end":{"line":63,"column":null}},"27":{"start":{"line":64,"column":4},"end":{"line":66,"column":null}},"28":{"start":{"line":65,"column":6},"end":{"line":65,"column":null}},"29":{"start":{"line":69,"column":4},"end":{"line":71,"column":null}},"30":{"start":{"line":70,"column":6},"end":{"line":70,"column":null}},"31":{"start":{"line":74,"column":4},"end":{"line":76,"column":null}},"32":{"start":{"line":75,"column":6},"end":{"line":75,"column":null}},"33":{"start":{"line":79,"column":4},"end":{"line":81,"column":null}},"34":{"start":{"line":80,"column":6},"end":{"line":80,"column":null}},"35":{"start":{"line":83,"column":4},"end":{"line":83,"column":null}},"36":{"start":{"line":84,"column":4},"end":{"line":84,"column":null}},"37":{"start":{"line":88,"column":25},"end":{"line":103,"column":null}},"38":{"start":{"line":89,"column":4},"end":{"line":91,"column":null}},"39":{"start":{"line":90,"column":6},"end":{"line":90,"column":null}},"40":{"start":{"line":93,"column":4},"end":{"line":100,"column":null}},"41":{"start":{"line":95,"column":23},"end":{"line":98,"column":null}},"42":{"start":{"line":96,"column":22},"end":{"line":96,"column":null}},"43":{"start":{"line":97,"column":8},"end":{"line":97,"column":null}},"44":{"start":{"line":99,"column":6},"end":{"line":99,"column":null}},"45":{"start":{"line":102,"column":4},"end":{"line":102,"column":null}},"46":{"start":{"line":105,"column":23},"end":{"line":163,"column":null}},"47":{"start":{"line":106,"column":4},"end":{"line":106,"column":null}},"48":{"start":{"line":107,"column":4},"end":{"line":107,"column":null}},"49":{"start":{"line":108,"column":4},"end":{"line":108,"column":null}},"50":{"start":{"line":110,"column":4},"end":{"line":110,"column":null}},"51":{"start":{"line":111,"column":4},"end":{"line":111,"column":null}},"52":{"start":{"line":114,"column":23},"end":{"line":114,"column":null}},"53":{"start":{"line":115,"column":24},"end":{"line":115,"column":48}},"54":{"start":{"line":117,"column":4},"end":{"line":117,"column":null}},"55":{"start":{"line":118,"column":4},"end":{"line":118,"column":null}},"56":{"start":{"line":120,"column":4},"end":{"line":162,"column":null}},"57":{"start":{"line":121,"column":6},"end":{"line":121,"column":null}},"58":{"start":{"line":122,"column":23},"end":{"line":129,"column":null}},"59":{"start":{"line":131,"column":6},"end":{"line":150,"column":null}},"60":{"start":{"line":132,"column":39},"end":{"line":132,"column":null}},"61":{"start":{"line":133,"column":8},"end":{"line":133,"column":null}},"62":{"start":{"line":136,"column":8},"end":{"line":136,"column":null}},"63":{"start":{"line":137,"column":8},"end":{"line":137,"column":null}},"64":{"start":{"line":139,"column":8},"end":{"line":139,"column":null}},"65":{"start":{"line":141,"column":8},"end":{"line":141,"column":null}},"66":{"start":{"line":143,"column":8},"end":{"line":143,"column":null}},"67":{"start":{"line":144,"column":8},"end":{"line":149,"column":null}},"68":{"start":{"line":145,"column":43},"end":{"line":145,"column":null}},"69":{"start":{"line":146,"column":10},"end":{"line":146,"column":null}},"70":{"start":{"line":148,"column":10},"end":{"line":148,"column":null}},"71":{"start":{"line":152,"column":6},"end":{"line":152,"column":null}},"72":{"start":{"line":154,"column":6},"end":{"line":158,"column":null}},"73":{"start":{"line":155,"column":8},"end":{"line":155,"column":null}},"74":{"start":{"line":157,"column":8},"end":{"line":157,"column":null}},"75":{"start":{"line":160,"column":6},"end":{"line":160,"column":null}},"76":{"start":{"line":161,"column":6},"end":{"line":161,"column":null}},"77":{"start":{"line":268,"column":33},"end":{"line":268,"column":null}},"78":{"start":{"line":309,"column":33},"end":{"line":309,"column":null}}},"fnMap":{"0":{"name":"RegisterPage","decl":{"start":{"line":26,"column":24},"end":{"line":26,"column":null}},"loc":{"start":{"line":26,"column":24},"end":{"line":345,"column":null}}},"1":{"name":"(anonymous_6)","decl":{"start":{"line":45,"column":28},"end":{"line":45,"column":29}},"loc":{"start":{"line":45,"column":29},"end":{"line":57,"column":null}}},"2":{"name":"(anonymous_7)","decl":{"start":{"line":47,"column":16},"end":{"line":47,"column":25}},"loc":{"start":{"line":47,"column":25},"end":{"line":50,"column":null}}},"3":{"name":"(anonymous_8)","decl":{"start":{"line":55,"column":26},"end":{"line":55,"column":35}},"loc":{"start":{"line":55,"column":35},"end":{"line":55,"column":null}}},"4":{"name":"(anonymous_9)","decl":{"start":{"line":59,"column":23},"end":{"line":59,"column":null}},"loc":{"start":{"line":59,"column":23},"end":{"line":85,"column":null}}},"5":{"name":"(anonymous_10)","decl":{"start":{"line":88,"column":25},"end":{"line":88,"column":26}},"loc":{"start":{"line":88,"column":26},"end":{"line":103,"column":null}}},"6":{"name":"(anonymous_11)","decl":{"start":{"line":95,"column":44},"end":{"line":95,"column":45}},"loc":{"start":{"line":95,"column":45},"end":{"line":98,"column":null}}},"7":{"name":"(anonymous_12)","decl":{"start":{"line":105,"column":23},"end":{"line":105,"column":30}},"loc":{"start":{"line":105,"column":30},"end":{"line":163,"column":null}}},"8":{"name":"(anonymous_13)","decl":{"start":{"line":268,"column":27},"end":{"line":268,"column":33}},"loc":{"start":{"line":268,"column":33},"end":{"line":268,"column":null}}},"9":{"name":"(anonymous_14)","decl":{"start":{"line":309,"column":27},"end":{"line":309,"column":33}},"loc":{"start":{"line":309,"column":33},"end":{"line":309,"column":null}}}},"branchMap":{"0":{"loc":{"start":{"line":41,"column":25},"end":{"line":43,"column":70}},"type":"binary-expr","locations":[{"start":{"line":41,"column":25},"end":{"line":41,"column":null}},{"start":{"line":42,"column":24},"end":{"line":42,"column":null}},{"start":{"line":43,"column":24},"end":{"line":43,"column":70}}]},"1":{"loc":{"start":{"line":53,"column":4},"end":{"line":53,"column":null}},"type":"if","locations":[{"start":{"line":53,"column":4},"end":{"line":53,"column":null}}]},"2":{"loc":{"start":{"line":54,"column":4},"end":{"line":56,"column":null}},"type":"if","locations":[{"start":{"line":54,"column":4},"end":{"line":56,"column":null}}]},"3":{"loc":{"start":{"line":64,"column":4},"end":{"line":66,"column":null}},"type":"if","locations":[{"start":{"line":64,"column":4},"end":{"line":66,"column":null}}]},"4":{"loc":{"start":{"line":69,"column":4},"end":{"line":71,"column":null}},"type":"if","locations":[{"start":{"line":69,"column":4},"end":{"line":71,"column":null}}]},"5":{"loc":{"start":{"line":74,"column":4},"end":{"line":76,"column":null}},"type":"if","locations":[{"start":{"line":74,"column":4},"end":{"line":76,"column":null}}]},"6":{"loc":{"start":{"line":79,"column":4},"end":{"line":81,"column":null}},"type":"if","locations":[{"start":{"line":79,"column":4},"end":{"line":81,"column":null}}]},"7":{"loc":{"start":{"line":89,"column":4},"end":{"line":91,"column":null}},"type":"if","locations":[{"start":{"line":89,"column":4},"end":{"line":91,"column":null}}]},"8":{"loc":{"start":{"line":93,"column":4},"end":{"line":100,"column":null}},"type":"if","locations":[{"start":{"line":93,"column":4},"end":{"line":100,"column":null}}]},"9":{"loc":{"start":{"line":114,"column":23},"end":{"line":114,"column":null}},"type":"binary-expr","locations":[{"start":{"line":114,"column":23},"end":{"line":114,"column":59}},{"start":{"line":114,"column":63},"end":{"line":114,"column":null}}]},"10":{"loc":{"start":{"line":131,"column":6},"end":{"line":150,"column":null}},"type":"if","locations":[{"start":{"line":131,"column":6},"end":{"line":150,"column":null}},{"start":{"line":142,"column":13},"end":{"line":150,"column":null}}]},"11":{"loc":{"start":{"line":154,"column":6},"end":{"line":158,"column":null}},"type":"if","locations":[{"start":{"line":154,"column":6},"end":{"line":158,"column":null}},{"start":{"line":156,"column":13},"end":{"line":158,"column":null}}]},"12":{"loc":{"start":{"line":186,"column":11},"end":{"line":186,"column":null}},"type":"binary-expr","locations":[{"start":{"line":186,"column":11},"end":{"line":186,"column":null}}]},"13":{"loc":{"start":{"line":208,"column":20},"end":{"line":208,"column":null}},"type":"cond-expr","locations":[{"start":{"line":208,"column":49},"end":{"line":208,"column":68}},{"start":{"line":208,"column":68},"end":{"line":208,"column":null}}]},"14":{"loc":{"start":{"line":213,"column":15},"end":{"line":213,"column":41}},"type":"binary-expr","locations":[{"start":{"line":213,"column":15},"end":{"line":213,"column":41}}]},"15":{"loc":{"start":{"line":233,"column":20},"end":{"line":233,"column":null}},"type":"cond-expr","locations":[{"start":{"line":233,"column":45},"end":{"line":233,"column":64}},{"start":{"line":233,"column":64},"end":{"line":233,"column":null}}]},"16":{"loc":{"start":{"line":238,"column":15},"end":{"line":238,"column":37}},"type":"binary-expr","locations":[{"start":{"line":238,"column":15},"end":{"line":238,"column":37}}]},"17":{"loc":{"start":{"line":251,"column":24},"end":{"line":251,"column":null}},"type":"cond-expr","locations":[{"start":{"line":251,"column":39},"end":{"line":251,"column":48}},{"start":{"line":251,"column":48},"end":{"line":251,"column":null}}]},"18":{"loc":{"start":{"line":258,"column":20},"end":{"line":262,"column":null}},"type":"cond-expr","locations":[{"start":{"line":259,"column":24},"end":{"line":259,"column":null}},{"start":{"line":260,"column":24},"end":{"line":262,"column":null}}]},"19":{"loc":{"start":{"line":260,"column":24},"end":{"line":262,"column":null}},"type":"cond-expr","locations":[{"start":{"line":261,"column":26},"end":{"line":261,"column":null}},{"start":{"line":262,"column":26},"end":{"line":262,"column":null}}]},"20":{"loc":{"start":{"line":270,"column":20},"end":{"line":270,"column":null}},"type":"cond-expr","locations":[{"start":{"line":270,"column":37},"end":{"line":270,"column":56}},{"start":{"line":270,"column":56},"end":{"line":270,"column":null}}]},"21":{"loc":{"start":{"line":273,"column":19},"end":{"line":273,"column":null}},"type":"cond-expr","locations":[{"start":{"line":273,"column":36},"end":{"line":273,"column":48}},{"start":{"line":273,"column":48},"end":{"line":273,"column":null}}]},"22":{"loc":{"start":{"line":273,"column":48},"end":{"line":273,"column":null}},"type":"cond-expr","locations":[{"start":{"line":273,"column":63},"end":{"line":273,"column":76}},{"start":{"line":273,"column":76},"end":{"line":273,"column":null}}]},"23":{"loc":{"start":{"line":276,"column":15},"end":{"line":276,"column":40}},"type":"binary-expr","locations":[{"start":{"line":276,"column":15},"end":{"line":276,"column":40}}]},"24":{"loc":{"start":{"line":279,"column":15},"end":{"line":279,"column":33}},"type":"binary-expr","locations":[{"start":{"line":279,"column":15},"end":{"line":279,"column":33}},{"start":{"line":279,"column":33},"end":{"line":279,"column":59}}]},"25":{"loc":{"start":{"line":292,"column":24},"end":{"line":292,"column":null}},"type":"cond-expr","locations":[{"start":{"line":292,"column":46},"end":{"line":292,"column":55}},{"start":{"line":292,"column":55},"end":{"line":292,"column":null}}]},"26":{"loc":{"start":{"line":299,"column":20},"end":{"line":303,"column":null}},"type":"cond-expr","locations":[{"start":{"line":300,"column":24},"end":{"line":300,"column":null}},{"start":{"line":301,"column":24},"end":{"line":303,"column":null}}]},"27":{"loc":{"start":{"line":301,"column":24},"end":{"line":303,"column":null}},"type":"cond-expr","locations":[{"start":{"line":302,"column":26},"end":{"line":302,"column":null}},{"start":{"line":303,"column":26},"end":{"line":303,"column":null}}]},"28":{"loc":{"start":{"line":311,"column":20},"end":{"line":311,"column":null}},"type":"cond-expr","locations":[{"start":{"line":311,"column":37},"end":{"line":311,"column":56}},{"start":{"line":311,"column":56},"end":{"line":311,"column":null}}]},"29":{"loc":{"start":{"line":314,"column":19},"end":{"line":314,"column":null}},"type":"cond-expr","locations":[{"start":{"line":314,"column":36},"end":{"line":314,"column":48}},{"start":{"line":314,"column":48},"end":{"line":314,"column":null}}]},"30":{"loc":{"start":{"line":314,"column":48},"end":{"line":314,"column":null}},"type":"cond-expr","locations":[{"start":{"line":314,"column":70},"end":{"line":314,"column":83}},{"start":{"line":314,"column":83},"end":{"line":314,"column":null}}]},"31":{"loc":{"start":{"line":317,"column":15},"end":{"line":317,"column":47}},"type":"binary-expr","locations":[{"start":{"line":317,"column":15},"end":{"line":317,"column":47}}]},"32":{"loc":{"start":{"line":328,"column":15},"end":{"line":328,"column":null}},"type":"cond-expr","locations":[{"start":{"line":328,"column":27},"end":{"line":328,"column":51}},{"start":{"line":328,"column":51},"end":{"line":328,"column":null}}]}},"s":{"0":0,"1":0,"2":0,"3":0,"4":0,"5":0,"6":0,"7":0,"8":0,"9":0,"10":0,"11":0,"12":0,"13":0,"14":0,"15":0,"16":0,"17":0,"18":0,"19":0,"20":0,"21":0,"22":0,"23":0,"24":0,"25":0,"26":0,"27":0,"28":0,"29":0,"30":0,"31":0,"32":0,"33":0,"34":0,"35":0,"36":0,"37":0,"38":0,"39":0,"40":0,"41":0,"42":0,"43":0,"44":0,"45":0,"46":0,"47":0,"48":0,"49":0,"50":0,"51":0,"52":0,"53":0,"54":0,"55":0,"56":0,"57":0,"58":0,"59":0,"60":0,"61":0,"62":0,"63":0,"64":0,"65":0,"66":0,"67":0,"68":0,"69":0,"70":0,"71":0,"72":0,"73":0,"74":0,"75":0,"76":0,"77":0,"78":0},"f":{"0":0,"1":0,"2":0,"3":0,"4":0,"5":0,"6":0,"7":0,"8":0,"9":0},"b":{"0":[0,0,0],"1":[0],"2":[0],"3":[0],"4":[0],"5":[0],"6":[0],"7":[0],"8":[0],"9":[0,0],"10":[0,0],"11":[0,0],"12":[0],"13":[0,0],"14":[0],"15":[0,0],"16":[0],"17":[0,0],"18":[0,0],"19":[0,0],"20":[0,0],"21":[0,0],"22":[0,0],"23":[0],"24":[0,0],"25":[0,0],"26":[0,0],"27":[0,0],"28":[0,0],"29":[0,0],"30":[0,0],"31":[0],"32":[0,0]}}
,"/Users/aq_home/1Projects/accessa/insurance_navigator/ui/app/terms/page.tsx": {"path":"/Users/aq_home/1Projects/accessa/insurance_navigator/ui/app/terms/page.tsx","statementMap":{"0":{"start":{"line":4,"column":24},"end":{"line":4,"column":null}},"1":{"start":{"line":1,"column":17},"end":{"line":1,"column":null}},"2":{"start":{"line":2,"column":23},"end":{"line":2,"column":null}}},"fnMap":{"0":{"name":"TermsPage","decl":{"start":{"line":4,"column":24},"end":{"line":4,"column":null}},"loc":{"start":{"line":4,"column":24},"end":{"line":19,"column":null}}}},"branchMap":{},"s":{"0":0,"1":0,"2":0},"f":{"0":0},"b":{}}
,"/Users/aq_home/1Projects/accessa/insurance_navigator/ui/app/welcome/page.tsx": {"path":"/Users/aq_home/1Projects/accessa/insurance_navigator/ui/app/welcome/page.tsx","statementMap":{"0":{"start":{"line":16,"column":24},"end":{"line":16,"column":null}},"1":{"start":{"line":3,"column":43},"end":{"line":3,"column":null}},"2":{"start":{"line":4,"column":17},"end":{"line":4,"column":null}},"3":{"start":{"line":5,"column":26},"end":{"line":5,"column":null}},"4":{"start":{"line":6,"column":23},"end":{"line":6,"column":null}},"5":{"start":{"line":7,"column":21},"end":{"line":7,"column":null}},"6":{"start":{"line":8,"column":83},"end":{"line":8,"column":null}},"7":{"start":{"line":17,"column":17},"end":{"line":17,"column":null}},"8":{"start":{"line":18,"column":26},"end":{"line":18,"column":null}},"9":{"start":{"line":19,"column":36},"end":{"line":19,"column":null}},"10":{"start":{"line":21,"column":2},"end":{"line":65,"column":null}},"11":{"start":{"line":22,"column":22},"end":{"line":62,"column":null}},"12":{"start":{"line":23,"column":20},"end":{"line":23,"column":null}},"13":{"start":{"line":24,"column":6},"end":{"line":27,"column":null}},"14":{"start":{"line":25,"column":8},"end":{"line":25,"column":null}},"15":{"start":{"line":26,"column":8},"end":{"line":26,"column":null}},"16":{"start":{"line":30,"column":25},"end":{"line":30,"column":null}},"17":{"start":{"line":31,"column":24},"end":{"line":31,"column":42}},"18":{"start":{"line":33,"column":6},"end":{"line":33,"column":null}},"19":{"start":{"line":34,"column":6},"end":{"line":34,"column":null}},"20":{"start":{"line":36,"column":6},"end":{"line":61,"column":null}},"21":{"start":{"line":37,"column":25},"end":{"line":43,"column":null}},"22":{"start":{"line":45,"column":8},"end":{"line":53,"column":null}},"23":{"start":{"line":46,"column":37},"end":{"line":46,"column":null}},"24":{"start":{"line":47,"column":10},"end":{"line":47,"column":null}},"25":{"start":{"line":50,"column":10},"end":{"line":50,"column":null}},"26":{"start":{"line":51,"column":10},"end":{"line":51,"column":null}},"27":{"start":{"line":52,"column":10},"end":{"line":52,"column":null}},"28":{"start":{"line":55,"column":8},"end":{"line":55,"column":null}},"29":{"start":{"line":56,"column":8},"end":{"line":56,"column":null}},"30":{"start":{"line":57,"column":8},"end":{"line":57,"column":null}},"31":{"start":{"line":58,"column":8},"end":{"line":58,"column":null}},"32":{"start":{"line":60,"column":8},"end":{"line":60,"column":null}},"33":{"start":{"line":64,"column":4},"end":{"line":64,"column":null}},"34":{"start":{"line":67,"column":21},"end":{"line":73,"column":null}},"35":{"start":{"line":68,"column":4},"end":{"line":72,"column":null}},"36":{"start":{"line":69,"column":6},"end":{"line":69,"column":null}},"37":{"start":{"line":71,"column":6},"end":{"line":71,"column":null}}},"fnMap":{"0":{"name":"WelcomePage","decl":{"start":{"line":16,"column":24},"end":{"line":16,"column":null}},"loc":{"start":{"line":16,"column":24},"end":{"line":233,"column":null}}},"1":{"name":"(anonymous_6)","decl":{"start":{"line":21,"column":12},"end":{"line":21,"column":null}},"loc":{"start":{"line":21,"column":12},"end":{"line":65,"column":5}}},"2":{"name":"(anonymous_7)","decl":{"start":{"line":22,"column":22},"end":{"line":22,"column":null}},"loc":{"start":{"line":22,"column":22},"end":{"line":62,"column":null}}},"3":{"name":"(anonymous_8)","decl":{"start":{"line":67,"column":21},"end":{"line":67,"column":null}},"loc":{"start":{"line":67,"column":21},"end":{"line":73,"column":null}}}},"branchMap":{"0":{"loc":{"start":{"line":24,"column":6},"end":{"line":27,"column":null}},"type":"if","locations":[{"start":{"line":24,"column":6},"end":{"line":27,"column":null}}]},"1":{"loc":{"start":{"line":30,"column":25},"end":{"line":30,"column":null}},"type":"binary-expr","locations":[{"start":{"line":30,"column":25},"end":{"line":30,"column":61}},{"start":{"line":30,"column":65},"end":{"line":30,"column":null}}]},"2":{"loc":{"start":{"line":45,"column":8},"end":{"line":53,"column":null}},"type":"if","locations":[{"start":{"line":45,"column":8},"end":{"line":53,"column":null}},{"start":{"line":48,"column":15},"end":{"line":53,"column":null}}]},"3":{"loc":{"start":{"line":68,"column":4},"end":{"line":72,"column":null}},"type":"if","locations":[{"start":{"line":68,"column":4},"end":{"line":72,"column":null}},{"start":{"line":70,"column":11},"end":{"line":72,"column":null}}]},"4":{"loc":{"start":{"line":212,"column":13},"end":{"line":216,"column":null}},"type":"cond-expr","locations":[{"start":{"line":213,"column":16},"end":{"line":213,"column":null}},{"start":{"line":214,"column":16},"end":{"line":216,"column":null}}]},"5":{"loc":{"start":{"line":214,"column":16},"end":{"line":216,"column":null}},"type":"cond-expr","locations":[{"start":{"line":215,"column":18},"end":{"line":215,"column":null}},{"start":{"line":216,"column":18},"end":{"line":216,"column":null}}]},"6":{"loc":{"start":{"line":222,"column":13},"end":{"line":226,"column":null}},"type":"cond-expr","locations":[{"start":{"line":223,"column":16},"end":{"line":223,"column":null}},{"start":{"line":224,"column":16},"end":{"line":226,"column":null}}]},"7":{"loc":{"start":{"line":224,"column":16},"end":{"line":226,"column":null}},"type":"cond-expr","locations":[{"start":{"line":225,"column":18},"end":{"line":225,"column":null}},{"start":{"line":226,"column":18},"end":{"line":226,"column":null}}]}},"s":{"0":0,"1":0,"2":0,"3":0,"4":0,"5":0,"6":0,"7":0,"8":0,"9":0,"10":0,"11":0,"12":0,"13":0,"14":0,"15":0,"16":0,"17":0,"18":0,"19":0,"20":0,"21":0,"22":0,"23":0,"24":0,"25":0,"26":0,"27":0,"28":0,"29":0,"30":0,"31":0,"32":0,"33":0,"34":0,"35":0,"36":0,"37":0},"f":{"0":0,"1":0,"2":0,"3":0},"b":{"0":[0],"1":[0,0],"2":[0,0],"3":[0,0],"4":[0,0],"5":[0,0],"6":[0,0],"7":[0,0]}}
,"/Users/aq_home/1Projects/accessa/insurance_navigator/ui/components/DocumentManager.tsx": {"path":"/Users/aq_home/1Projects/accessa/insurance_navigator/ui/components/DocumentManager.tsx","statementMap":{"0":{"start":{"line":35,"column":24},"end":{"line":35,"column":40}},"1":{"start":{"line":3,"column":43},"end":{"line":3,"column":null}},"2":{"start":{"line":4,"column":21},"end":{"line":4,"column":null}},"3":{"start":{"line":5,"column":23},"end":{"line":5,"column":null}},"4":{"start":{"line":6,"column":62},"end":{"line":6,"column":null}},"5":{"start":{"line":39,"column":40},"end":{"line":39,"column":null}},"6":{"start":{"line":40,"column":44},"end":{"line":40,"column":null}},"7":{"start":{"line":41,"column":40},"end":{"line":41,"column":null}},"8":{"start":{"line":42,"column":40},"end":{"line":42,"column":null}},"9":{"start":{"line":43,"column":40},"end":{"line":43,"column":null}},"10":{"start":{"line":46,"column":26},"end":{"line":98,"column":null}},"11":{"start":{"line":47,"column":4},"end":{"line":51,"column":null}},"12":{"start":{"line":48,"column":6},"end":{"line":48,"column":null}},"13":{"start":{"line":49,"column":6},"end":{"line":49,"column":null}},"14":{"start":{"line":50,"column":6},"end":{"line":50,"column":null}},"15":{"start":{"line":53,"column":4},"end":{"line":53,"column":null}},"16":{"start":{"line":54,"column":4},"end":{"line":54,"column":null}},"17":{"start":{"line":56,"column":4},"end":{"line":97,"column":null}},"18":{"start":{"line":58,"column":25},"end":{"line":58,"column":null}},"19":{"start":{"line":59,"column":24},"end":{"line":59,"column":56}},"20":{"start":{"line":62,"column":20},"end":{"line":62,"column":null}},"21":{"start":{"line":63,"column":6},"end":{"line":65,"column":null}},"22":{"start":{"line":64,"column":8},"end":{"line":64,"column":null}},"23":{"start":{"line":67,"column":23},"end":{"line":67,"column":null}},"24":{"start":{"line":68,"column":6},"end":{"line":68,"column":null}},"25":{"start":{"line":69,"column":6},"end":{"line":69,"column":null}},"26":{"start":{"line":71,"column":23},"end":{"line":77,"column":null}},"27":{"start":{"line":79,"column":6},"end":{"line":82,"column":null}},"28":{"start":{"line":80,"column":26},"end":{"line":80,"column":null}},"29":{"start":{"line":80,"column":61},"end":{"line":80,"column":null}},"30":{"start":{"line":81,"column":8},"end":{"line":81,"column":null}},"31":{"start":{"line":84,"column":37},"end":{"line":84,"column":null}},"32":{"start":{"line":85,"column":6},"end":{"line":85,"column":null}},"33":{"start":{"line":86,"column":6},"end":{"line":86,"column":null}},"34":{"start":{"line":87,"column":6},"end":{"line":87,"column":null}},"35":{"start":{"line":90,"column":6},"end":{"line":90,"column":null}},"36":{"start":{"line":91,"column":27},"end":{"line":91,"column":null}},"37":{"start":{"line":92,"column":
[...]
:null}},"95":{"start":{"line":307,"column":21},"end":{"line":307,"column":null}},"96":{"start":{"line":308,"column":4},"end":{"line":308,"column":null}},"97":{"start":{"line":310,"column":4},"end":{"line":310,"column":null}},"98":{"start":{"line":318,"column":2},"end":{"line":323,"column":null}}},"fnMap":{"0":{"name":"(anonymous_6)","decl":{"start":{"line":46,"column":35},"end":{"line":46,"column":null}},"loc":{"start":{"line":46,"column":35},"end":{"line":50,"column":null}}},"1":{"name":"(anonymous_7)","decl":{"start":{"line":68,"column":14},"end":{"line":68,"column":15}},"loc":{"start":{"line":69,"column":2},"end":{"line":69,"column":null}}},"2":{"name":"(anonymous_8)","decl":{"start":{"line":69,"column":14},"end":{"line":69,"column":25}},"loc":{"start":{"line":69,"column":25},"end":{"line":69,"column":null}}},"3":{"name":"(anonymous_9)","decl":{"start":{"line":71,"column":23},"end":{"line":71,"column":24}},"loc":{"start":{"line":71,"column":24},"end":{"line":82,"column":null}}},"4":{"name":"(anonymous_10)","decl":{"start":{"line":84,"column":20},"end":{"line":84,"column":21}},"loc":{"start":{"line":84,"column":21},"end":{"line":86,"column":null}}},"5":{"name":"(anonymous_11)","decl":{"start":{"line":96,"column":2},"end":{"line":96,"column":14}},"loc":{"start":{"line":96,"column":81},"end":{"line":102,"column":null}}},"6":{"name":"(anonymous_12)","decl":{"start":{"line":108,"column":21},"end":{"line":108,"column":null}},"loc":{"start":{"line":108,"column":21},"end":{"line":121,"column":null}}},"7":{"name":"(anonymous_13)","decl":{"start":{"line":116,"column":19},"end":{"line":116,"column":26}},"loc":{"start":{"line":116,"column":26},"end":{"line":116,"column":null}}},"8":{"name":"(anonymous_14)","decl":{"start":{"line":126,"column":17},"end":{"line":126,"column":18}},"loc":{"start":{"line":126,"column":18},"end":{"line":133,"column":null}}},"9":{"name":"(anonymous_15)","decl":{"start":{"line":138,"column":21},"end":{"line":138,"column":22}},"loc":{"start":{"line":138,"column":64},"end":{"line":157,"column":null}}},"10":{"name":"(anonymous_16)","decl":{"start":{"line":162,"column":30},"end":{"line":162,"column":31}},"loc":{"start":{"line":162,"column":31},"end":{"line":175,"column":null}}},"11":{"name":"(anonymous_17)","decl":{"start":{"line":165,"column":31},"end":{"line":165,"column":null}},"loc":{"start":{"line":165,"column":31},"end":{"line":167,"column":5}}},"12":{"name":"(anonymous_18)","decl":{"start":{"line":170,"column":46},"end":{"line":170,"column":null}},"loc":{"start":{"line":170,"column":46},"end":{"line":172,"column":null}}},"13":{"name":"apiRequest","decl":{"start":{"line":180,"column":22},"end":{"line":180,"column":32}},"loc":{"start":{"line":182,"column":28},"end":{"line":280,"column":null}}},"14":{"name":"(anonymous_20)","decl":{"start":{"line":286,"column":7},"end":{"line":286,"column":21}},"loc":{"start":{"line":287,"column":4},"end":{"line":287,"column":null}}},"15":{"name":"(anonymous_21)","decl":{"start":{"line":289,"column":8},"end":{"line":289,"column":22}},"loc":{"start":{"line":290,"column":4},"end":{"line":290,"column":null}}},"16":{"name":"(anonymous_22)","decl":{"start":{"line":292,"column":7},"end":{"line":292,"column":21}},"loc":{"start":{"line":293,"column":4},"end":{"line":293,"column":null}}},"17":{"name":"(anonymous_23)","decl":{"start":{"line":295,"column":9},"end":{"line":295,"column":23}},"loc":{"start":{"line":296,"column":4},"end":{"line":296,"column":null}}},"18":{"name":"(anonymous_24)","decl":{"start":{"line":298,"column":10},"end":{"line":298,"column":24}},"loc":{"start":{"line":299,"column":4},"end":{"line":299,"column":null}}},"19":{"name":"healthCheck","decl":{"start":{"line":305,"column":22},"end":{"line":305,"column":33}},"loc":{"start":{"line":305,"column":22},"end":{"line":312,"column":null}}},"20":{"name":"getApiConfig","decl":{"start":{"line":317,"column":16},"end":{"line":317,"column":28}},"loc":{"start":{"line":317,"column":16},"end":{"line":324,"column":null}}}},"branchMap":{"0":{"loc":{"start":{"line":31,"column":11},"end":{"line":31,"column":null}},"type":"binary-expr","locations":[{"start":{"line":31,"column":11},"end":{"line":31,"column":47}},{"start":{"line":31,"column":51},"end":{"line":31,"column":null}}]},"1":{"loc":{"start":{"line":32,"column":11},"end":{"line":32,"column":null}},"type":"binary-expr","locations":[{"start":{"line":32,"column":11},"end":{"line":32,"column":46}},{"start":{"line":32,"column":50},"end":{"line":32,"column":null}}]},"2":{"loc":{"start":{"line":39,"column":0},"end":{"line":65,"column":null}},"type":"if","locations":[{"start":{"line":39,"column":0},"end":{"line":65,"column":null}}]},"3":{"loc":{"start":{"line":47,"column":4},"end":{"line":49,"column":null}},"type":"if","locations":[{"start":{"line":47,"column":4},"end":{"line":49,"column":null}}]},"4":{"loc":{"start":{"line":72,"column":2},"end":{"line":74,"column":null}},"type":"if","locations":[{"start":{"line":72,"column":2},"end":{"line":74,"column":null}}]},"5":{"loc":{"start":{"line":73,"column":11},"end":{"line":73,"column":null}},"type":"binary-expr","locations":[{"start":{"line":73,"column":11},"end":{"line":73,"column":46}},{"start":{"line":73,"column":46},"end":{"line":73,"column":null}}]},"6":{"loc":{"start":{"line":75,"column":2},"end":{"line":80,"column":null}},"type":"if","locations":[{"start":{"line":75,"column":2},"end":{"line":80,"column":null}}]},"7":{"loc":{"start":{"line":76,"column":11},"end":{"line":79,"column":null}},"type":"binary-expr","locations":[{"start":{"line":76,"column":11},"end":{"line":76,"column":null}},{"start":{"line":77,"column":11},"end":{"line":77,"column":null}},{"start":{"line":78,"column":11},"end":{"line":78,"column":null}},{"start":{"line":79,"column":11},"end":{"line":79,"column":null}}]},"8":{"loc":{"start":{"line":85,"column":9},"end":{"line":85,"column":null}},"type":"binary-expr","locations":[{"start":{"line":85,"column":9},"end":{"line":85,"column":26}},{"start":{"line":85,"column":26},"end":{"line":85,"column":44}},{"start":{"line":85,"column":44},"end":{"line":85,"column":null}}]},"9":{"loc":{"start":{"line":109,"column":2},"end":{"line":109,"column":null}},"type":"if","locations":[{"start":{"line":109,"column":2},"end":{"line":109,"column":null}}]},"10":{"loc":{"start":{"line":112,"column":11},"end":{"line":117,"column":null}},"type":"binary-expr","locations":[{"start":{"line":112,"column":11},"end":{"line":112,"column":null}},{"start":{"line":113,"column":11},"end":{"line":113,"column":null}},{"start":{"line":114,"column":11},"end":{"line":117,"column":28}},{"start":{"line":117,"column":32},"end":{"line":117,"column":null}}]},"11":{"loc":{"start":{"line":127,"column":24},"end":{"line":127,"column":null}},"type":"cond-expr","locations":[{"start":{"line":127,"column":51},"end":{"line":127,"column":71}},{"start":{"line":127,"column":71},"end":{"line":127,"column":null}}]},"12":{"loc":{"start":{"line":128,"column":18},"end":{"line":130,"column":24}},"type":"cond-expr","locations":[{"start":{"line":129,"column":6},"end":{"line":129,"column":null}},{"start":{"line":130,"column":6},"end":{"line":130,"column":24}}]},"13":{"loc":{"start":{"line":138,"column":22},"end":{"line":138,"column":64}},"type":"default-arg","locations":[{"start":{"line":138,"column":62},"end":{"line":138,"column":64}}]},"14":{"loc":{"start":{"line":146,"column":2},"end":{"line":148,"column":null}},"type":"if","locations":[{"start":{"line":146,"column":2},"end":{"line":148,"column":null}}]},"15":{"loc":{"start":{"line":152,"column":2},"end":{"line":154,"column":null}},"type":"if","locations":[{"start":{"line":152,"column":2},"end":{"line":154,"column":null}}]},"16":{"loc":{"start":{"line":182,"column":2},"end":{"line":182,"column":28}},"type":"default-arg","locations":[{"start":{"line":182,"column":26},"end":{"line":182,"column":28}}]},"17":{"loc":{"start":{"line":185,"column":4},"end":{"line":185,"column":18}},"type":"default-arg","locations":[{"start":{"line":185,"column":13},"end":{"line":185,"column":18}}]},"18":{"loc":{"start":{"line":187,"column":4},"end":{"line":187,"column":16}},"type":"default-arg","locations":[{"start":{"line":187,"column":14},"end":{"line":187,"column":16}}]},"19":{"loc":{"start":{"line":188,"column":4},"end":{"line":188,"column":32}},"type":"default-arg","locations":[{"start":{"line":188,"column":14},"end":{"line":188,"column":32}}]},"20":{"loc":{"start":{"line":189,"column":4},"end":{"line":189,"column":32}},"type":"default-arg","locations":[{"start":{"line":189,"column":14},"end":{"line":189,"column":32}}]},"21":{"loc":{"start":{"line":190,"column":4},"end":{"line":190,"column":21}},"type":"default-arg","locations":[{"start":{"line":190,"column":12},"end":{"line":190,"column":21}}]},"22":{"loc":{"start":{"line":207,"column":6},"end":{"line":209,"column":null}},"type":"if","locations":[{"start":{"line":207,"column":6},"end":{"line":209,"column":null}}]},"23":{"loc":{"start":{"line":207,"column":10},"end":{"line":207,"column":36}},"type":"binary-expr","locations":[{"start":{"line":207,"column":10},"end":{"line":207,"column":18}},{"start":{"line":207,"column":18},"end":{"line":207,"column":36}}]},"24":{"loc":{"start":{"line":217,"column":6},"end":{"line":221,"column":null}},"type":"if","locations":[{"start":{"line":217,"column":6},"end":{"line":221,"column":null}},{"start":{"line":219,"column":13},"end":{"line":221,"column":null}}]},"25":{"loc":{"start":{"line":224,"column":6},"end":{"line":229,"column":null}},"type":"if","locations":[{"start":{"line":224,"column":6},"end":{"line":229,"column":null}}]},"26":{"loc":{"start":{"line":233,"column":17},"end":{"line":235,"column":61}},"type":"cond-expr","locations":[{"start":{"line":234,"column":12},"end":{"line":234,"column":null}},{"start":{"line":235,"column":12},"end":{"line":235,"column":61}}]},"27":{"loc":{"start":{"line":233,"column":17},"end":{"line":233,"column":null}},"type":"binary-expr","locations":[{"start":{"line":233,"column":17},"end":{"line":233,"column":53}},{"start":{"line":233,"column":53},"end":{"line":233,"column":69}},{"start":{"line":233,"column":69},"end":{"line":233,"column":null}}]},"28":{"loc":{"start":{"line":237,"column":14},"end":{"line":239,"column":null}},"type":"cond-expr","locations":[{"start":{"line":238,"column":12},"end":{"line":238,"column":null}},{"start":{"line":239,"column":12},"end":{"line":239,"column":null}}]},"29":{"loc":{"start":{"line":237,"column":14},"end":{"line":237,"column":null}},"type":"binary-expr","locations":[{"start":{"line":237,"column":14},"end":{"line":237,"column":50}},{"start":{"line":237,"column":50},"end":{"line":237,"column":66}},{"start":{"line":237,"column":66},"end":{"line":237,"column":null}}]},"30":{"loc":{"start":{"line":244,"column":6},"end":{"line":246,"column":null}},"type":"if","locations":[{"start":{"line":244,"column":6},"end":{"line":246,"column":null}}]},"31":{"loc":{"start":{"line":251,"column":18},"end":{"line":251,"column":null}},"type":"cond-expr","locations":[{"start":{"line":251,"column":41},"end":{"line":251,"column":47}},{"start":{"line":251,"column":47},"end":{"line":251,"column":null}}]},"32":{"loc":{"start":{"line":254,"column":6},"end":{"line":256,"column":null}},"type":"if","locations":[{"start":{"line":254,"column":6},"end":{"line":256,"column":null}}]},"33":{"loc":{"start":{"line":254,"column":10},"end":{"line":254,"column":49}},"type":"binary-expr","locations":[{"start":{"line":254,"column":10},"end":{"line":254,"column":34}},{"start":{"line":254,"column":34},"end":{"line":254,"column":49}}]},"34":{"loc":{"start":{"line":260,"column":4},"end":{"line":263,"column":null}},"type":"if","locations":[{"start":{"line":260,"column":4},"end":{"line":263,"column":null}}]},"35":{"loc":{"start":{"line":267,"column":31},"end":{"line":277,"column":null}},"type":"cond-expr","locations":[{"start":{"line":268,"column":6},"end":{"line":273,"column":null}},{"start":{"line":274,"column":6},"end":{"line":277,"column":null}}]},"36":{"loc":{"start":{"line":275,"column":17},"end":{"line":275,"column":null}},"type":"binary-expr","locations":[{"start":{"line":275,"column":17},"end":{"line":275,"column":39}},{"start":{"line":275,"column":39},"end":{"line":275,"column":null}}]}},"s":{"0":1,"1":4,"2":18,"3":1,"4":1,"5":1,"6":1,"7":1,"8":1,"9":1,"10":1,"11":1,"12":86,"13":0,"14":1,"15":1,"16":1,"17":8,"18":8,"19":1,"20":11,"21":9,"22":2,"23":2,"24":0,"25":1,"26":7,"27":3,"28":3,"29":3,"30":3,"31":3,"32":1,"33":31,"34":0,"35":31,"36":31,"37":3,"38":0,"39":1,"40":23,"41":23,"42":23,"43":1,"44":31,"45":31,"46":31,"47":29,"48":31,"49":31,"50":0,"51":31,"52":1,"53":31,"54":31,"55":2,"56":31,"57":2,"58":31,"59":23,"60":23,"61":23,"62":23,"63":23,"64":31,"65":31,"66":31,"67":31,"68":3,"69":31,"70":29,"71":21,"72":20,"73":1,"74":20,"75":13,"76":7,"77":7,"78":5,"79":2,"80":11,"81":11,"82":3,"83":10,"84":8,"85":8,"86":5,"87":5,"88":1,"89":2,"90":1,"91":1,"92":0,"93":1,"94":1,"95":1,"96":1,"97":0,"98":1},"f":{"0":86,"1":8,"2":8,"3":11,"4":7,"5":3,"6":31,"7":3,"8":23,"9":31,"10":31,"11":2,"12":2,"13":23,"14":2,"15":1,"16":1,"17":0,"18":1,"19":1,"20":1},"b":{"0":[1,1],"1":[1,1],"2":[1],"3":[0],"4":[9],"5":[9,9],"6":[2],"7":[2,0,0,0],"8":[7,5,5],"9":[0],"10":[31,3,3,2],"11":[23,0],"12":[0,23],"13":[0],"14":[29],"15":[0],"16":[12],"17":[17],"18":[23],"19":[21],"20":[20],"21":[23],"22":[3],"23":[31,3],"24":[20,1],"25":[13],"26":[0,7],"27":[7,7,7],"28":[0,7],"29":[7,7,7],"30":[5],"31":[11,0],"32":[3],"33":[11,9],"34":[8],"35":[0,5],"36":[5,0]}}
,"/Users/aq_home/1Projects/accessa/insurance_navigator/ui/lib/auth-helpers.ts": {"path":"/Users/aq_home/1Projects/accessa/insurance_navigator/ui/lib/auth-helpers.ts","statementMap":{"0":{"start":{"line":71,"column":13},"end":{"line":71,"column":22}},"1":{"start":{"line":55,"column":13},"end":{"line":55,"column":25}},"2":{"start":{"line":18,"column":13},"end":{"line":18,"column":27}},"3":{"start":{"line":63,"column":13},"end":{"line":63,"column":28}},"4":{"start":{"line":42,"column":13},"end":{"line":42,"column":31}},"5":{"start":{"line":18,"column":30},"end":{"line":37,"column":null}},"6":{"start":{"line":19,"column":2},"end":{"line":36,"column":null}},"7":{"start":{"line":20,"column":21},"end":{"line":25,"column":null}},"8":{"start":{"line":27,"column":4},"end":{"line":29,"column":null}},"9":{"start":{"line":28,"column":6},"end":{"line":28,"column":null}},"10":{"start":{"line":31,"column":21},"end":{"line":31,"column":null}},"11":{"start":{"line":32,"column":4},"end":{"line":32,"column":null}},"12":{"start":{"line":34,"column":4},"end":{"line":34,"column":null}},"13":{"start":{"line":35,"column":4},"end":{"line":35,"column":null}},"14":{"start":{"line":42,"column":34},"end":{"line":50,"column":null}},"15":{"start":{"line":43,"column":2},"end":{"line":49,"column":null}},"16":{"start":{"line":44,"column":24},"end":{"line":44,"column":null}},"17":{"start":{"line":45,"column":4},"end":{"line":45,"column":null}},"18":{"start":{"line":47,"column":4},"end":{"line":47,"column":null}},"19":{"start":{"line":48,"column":4},"end":{"line":48,"column":null}},"20":{"start":{"line":55,"column":28},"end":{"line":58,"column":null}},"21":{"start":{"line":56,"column":2},"end":{"line":56,"column":null}},"22":{"start":{"line":56,"column":37},"end":{"line":56,"column":null}},"23":{"start":{"line":57,"column":2},"end":{"line":57,"column":null}},"24":{"start":{"line":63,"column":31},"end":{"line":66,"column":null}},"25":{"start":{"line":64,"column":16},"end":{"line":64,"column":null}},"26":{"start":{"line":65,"column":2},"end":{"line":65,"column":null}},"27":{"start":{"line":71,"column":25},"end":{"line":76,"column":null}},"28":{"start":{"line":72,"column":2},"end":{"line":72,"column":null}},"29":{"start":{"line":72,"column":37},"end":{"line":72,"column":null}},"30":{"start":{"line":73,"column":2},"end":{"line":73,"column":null}},"31":{"start":{"line":74,"column":2},"end":{"line":74,"column":null}},"32":{"start":{"line":75,"column":2},"end":{"line":75,"column":null}}},"fnMap":{"0":{"name":"(anonymous_6)","decl":{"start":{"line":18,"column":30},"end":{"line":18,"column":37}},"loc":{"start":{"line":18,"column":37},"end":{"line":37,"column":null}}},"1":{"name":"(anonymous_7)","decl":{"start":{"line":42,"column":34},"end":{"line":42,"column":41}},"loc":{"start":{"line":42,"column":56},"end":{"line":50,"column":null}}},"2":{"name":"(anonymous_8)","decl":{"start":{"line":55,"column":28},"end":{"line":55,"column":null}},"loc":{"start":{"line":55,"column":28},"end":{"line":58,"column":null}}},"3":{"name":"(anonymous_9)","decl":{"start":{"line":63,"column":31},"end":{"line":63,"column":null}},"loc":{"start":{"line":63,"column":31},"end":{"line":66,"column":null}}},"4":{"name":"(anonymous_10)","decl":{"start":{"line":71,"column":25},"end":{"line":71,"column":null}},"loc":{"start":{"line":71,"column":25},"end":{"line":76,"column":null}}}},"branchMap":{"0":{"loc":{"start":{"line":27,"column":4},"end":{"line":29,"column":null}},"type":"if","locations":[{"start":{"line":27,"column":4},"end":{"line":29,"column":null}}]},"1":{"loc":{"start":{"line":32,"column":11},"end":{"line":32,"column":null}},"type":"binary-expr","locations":[{"start":{"line":32,"column":11},"end":{"line":32,"column":24}},{"start":{"line":32,"column":28},"end":{"line":32,"column":null}}]},"2":{"loc":{"start":{"line":56,"column":2},"end":{"line":56,"column":null}},"type":"if","locations":[{"start":{"line":56,"column":2},"end":{"line":56,"column":null}}]},"3":{"loc":{"start":{"line":57,"column":9},"end":{"line":57,"column":null}},"type":"binary-expr","locations":[{"start":{"line":57,"column":9},"end":{"line":57,"column":42}},{"start":{"line":57,"column":42},"end":{"line":57,"column":null}}]},"4":{"loc":{"start":{"line":72,"column":2},"end":{"line":72,"column":null}},"type":"if","locations":[{"start":{"line":72,"column":2},"end":{"line":72,"column":null}}]}},"s":{"0":0,"1":0,"2":0,"3":0,"4":0,"5":0,"6":0,"7":0,"8":0,"9":0,"10":0,"11":0,"12":0,"13":0,"14":0,"15":0,"16":0,"17":0,"18":0,"19":0,"20":0,"21":0,"22":0,"23":0,"24":0,"25":0,"26":0,"27":0,"28":0,"29":0,"30":0,"31":0,"32":0},"f":{"0":0,"1":0,"2":0,"3":0,"4":0},"b":{"0":[0],"1":[0,0],"2":[0],"3":[0,0],"4":[0]}}
,"/Users/aq_home/1Projects/accessa/insurance_navigator/ui/lib/supabase-client.ts": {"path":"/Users/aq_home/1Projects/accessa/insurance_navigator/ui/lib/supabase-client.ts","statementMap":{"0":{"start":{"line":11,"column":13},"end":{"line":11,"column":24}},"1":{"start":{"line":1,"column":29},"end":{"line":1,"column":null}},"2":{"start":{"line":4,"column":20},"end":{"line":4,"column":56}},"3":{"start":{"line":5,"column":24},"end":{"line":5,"column":65}},"4":{"start":{"line":7,"column":0},"end":{"line":9,"column":null}},"5":{"start":{"line":8,"column":2},"end":{"line":8,"column":null}},"6":{"start":{"line":11,"column":24},"end":{"line":11,"column":null}}},"fnMap":{},"branchMap":{"0":{"loc":{"start":{"line":7,"column":0},"end":{"line":9,"column":null}},"type":"if","locations":[{"start":{"line":7,"column":0},"end":{"line":9,"column":null}}]},"1":{"loc":{"start":{"line":7,"column":4},"end":{"line":7,"column":38}},"type":"binary-expr","locations":[{"start":{"line":7,"column":4},"end":{"line":7,"column":20}},{"start":{"line":7,"column":20},"end":{"line":7,"column":38}}]}},"s":{"0":0,"1":0,"2":0,"3":0,"4":0,"5":0,"6":0},"f":{},"b":{"0":[0],"1":[0,0]}}
,"/Users/aq_home/1Projects/accessa/insurance_navigator/ui/lib/utils.ts": {"path":"/Users/aq_home/1Projects/accessa/insurance_navigator/ui/lib/utils.ts","statementMap":{"0":{"start":{"line":4,"column":16},"end":{"line":4,"column":19}},"1":{"start":{"line":1,"column":38},"end":{"line":1,"column":null}},"2":{"start":{"line":2,"column":24},"end":{"line":2,"column":null}},"3":{"start":{"line":5,"column":2},"end":{"line":5,"column":null}}},"fnMap":{"0":{"name":"cn","decl":{"start":{"line":4,"column":16},"end":{"line":4,"column":19}},"loc":{"start":{"line":4,"column":42},"end":{"line":6,"column":null}}}},"branchMap":{},"s":{"0":0,"1":0,"2":0,"3":0},"f":{"0":0},"b":{}}
}
