TN:
SF:app/layout.tsx
FN:77,RootLayout
FNF:1
FNH:0
FNDA:0,RootLayout
DA:3,0
DA:4,0
DA:5,0
DA:6,0
DA:8,0
DA:10,0
DA:77,0
LF:7
LH:0
BRDA:34,0,0,0
BRDA:34,0,1,0
BRDA:41,1,0,0
BRDA:41,1,1,0
BRDA:88,2,0,0
BRDA:88,2,1,0
BRDA:97,3,0,0
BRDA:120,4,0,0
BRDA:138,5,0,0
BRF:9
BRH:0
end_of_record
TN:
SF:app/not-found.tsx
FN:6,NotFound
FNF:1
FNH:0
FNDA:0,NotFound
DA:1,0
DA:2,0
DA:3,0
DA:4,0
DA:6,0
LF:5
LH:0
BRF:0
BRH:0
end_of_record
TN:
SF:app/page.tsx
FN:33,Home
FN:39,(anonymous_6)
FN:40,(anonymous_7)
FN:88,(anonymous_8)
FN:96,(anonymous_9)
FN:128,(anonymous_10)
FN:172,(anonymous_11)
FN:219,(anonymous_12)
FN:232,(anonymous_13)
FN:244,(anonymous_14)
FNF:10
FNH:0
FNDA:0,Home
FNDA:0,(anonymous_6)
FNDA:0,(anonymous_7)
FNDA:0,(anonymous_8)
FNDA:0,(anonymous_9)
FNDA:0,(anonymous_10)
FNDA:0,(anonymous_11)
FNDA:0,(anonymous_12)
FNDA:0,(anonymous_13)
FNDA:0,(anonymous_14)
DA:3,0
DA:4,0
DA:5,0
DA:6,0
DA:7,0
DA:8,0
DA:25,0
DA:33,0
DA:34,0
DA:35,0
DA:36,0
DA:37,0
DA:39,0
DA:40,0
DA:41,0
DA:42,0
DA:43,0
DA:44,0
DA:48,0
DA:49,0
DA:51,0
DA:52,0
DA:54,0
DA:55,0
DA:63,0
DA:64,0
DA:65,0
DA:66,0
DA:69,0
DA:70,0
DA:71,0
DA:72,0
DA:75,0
DA:76,0
DA:77,0
DA:78,0
DA:79,0
DA:81,0
DA:85,0
DA:88,0
DA:89,0
DA:90,0
DA:92,0
DA:96,0
DA:97,0
DA:98,0
DA:99,0
DA:100,0
DA:101,0
DA:128,0
DA:174,0
DA:220,0
DA:233,0
DA:245,0
LF:54
LH:0
BRDA:42,0,0,0
BRDA:48,1,0,0
BRDA:48,1,1,0
BRDA:63,2,0,0
BRDA:63,2,1,0
BRDA:89,3,0,0
BRDA:89,3,1,0
BRDA:114,4,0,0
BRDA:120,5,0,0
BRDA:118,6,0,0
BRDA:118,6,1,0
BRDA:194,7,0,0
BRDA:194,7,1,0
BRDA:194,8,0,0
BRDA:194,8,1,0
BRF:15
BRH:0
end_of_record
TN:
SF:app/chat/loading.tsx
FN:3,Loading
FNF:1
FNH:0
FNDA:0,Loading
DA:1,0
DA:3,0
LF:2
LH:0
BRF:0
BRH:0
end_of_record
TN:
SF:app/chat/page.tsx
FN:35,ChatPage
FN:69,(anonymous_6)
FN:70,(anonymous_7)
FN:130,(anonymous_8)
FN:145,(anonymous_9)
FN:153,(anonymous_10)
FN:159,(anonymous_11)
FN:164,(anonymous_12)
FN:182,(anonymous_13)
FN:189,(anonymous_14)
FN:202,(anonymous_15)
FN:210,(anonymous_16)
FN:215,(anonymous_17)
FN:221,(anonymous_18)
FN:227,(anonymous_19)
FN:236,(anonymous_20)
FN:268,(anonymous_21)
FN:279,(anonymous_22)
FN:285,(anonymous_23)
FN:294,(anonymous_24)
FN:299,(anonymous_25)
FN:308,(anonymous_26)
FN:313,(anonymous_27)
FN:323,(anonymous_28)
FN:327,(anonymous_29)
FN:337,(anonymous_30)
FN:341,(anonymous_31)
FN:355,(anonymous_32)
FN:401,(anonymous_33)
FN:417,(anonymous_34)
FN:454,(anonymous_35)
FN:467,(anonymous_36)
FN:472,(anonymous_37)
FN:516,(anonymous_38)
FNF:34
FNH:0
FNDA:0,ChatPage
FNDA:0,(anonymous_6)
FNDA:0,(anonymous_7)
FNDA:0,(anonymous_8)
FNDA:0,(anonymous_9)
FNDA:0,(anonymous_10)
FNDA:0,(anonymous_11)
FNDA:0,(anonymous_12)
FNDA:0,(anonymous_13)
FNDA:0,(anonymous_14)
FNDA:0,(anonymous_15)
FNDA:0,(anonymous_16)
FNDA:0,(anonymous_17)
FNDA:0,(anonymous_18)
FNDA:0,(anonymous_19)
FNDA:0,(anonymous_20)
FNDA:0,(anonymous_21)
FNDA:0,(anonymous_22)
FNDA:0,(anonymous_23)
FNDA:0,(anonymous_24)
FNDA:0,(anonymous_25)
FNDA:0,(anonymous_26)
FNDA:0,(anonymous_27)
FNDA:0,(anonymous_28)
FNDA:0,(anonymous_29)
FNDA:0,(anonymous_30)
FNDA:0,(anonymous_31)
FNDA:0,(anonymous_32)
FNDA:0,(anonymous_33)
FNDA:0,(anonymous_34)
FNDA:0,(anonymous_35)
FNDA:0,(anonymous_36)
FNDA:0,(anonymous_37)
FNDA:0,(anonymous_38)
DA:3,0
DA:4,0
DA:5,0
DA:6,0
DA:7,0
DA:8,0
DA:9,0
DA:35,0
DA:36,0
DA:37,0
DA:50,0
DA:51,0
DA:52,0
DA:53,0
DA:54,0
DA:55,0
DA:56,0
DA:57,0
DA:58,0
DA:59,0
DA:60,0
DA:61,0
DA:62,0
DA:63,0
DA:66,0
DA:69,0
DA:70,0
DA:71,0
DA:72,0
DA:73,0
DA:74,0
DA:78,0
DA:79,0
DA:81,0
DA:82,0
DA:84,0
DA:85,0
DA:93,0
DA:94,0
DA:95,0
DA:96,0
DA:97,0
DA:98,0
DA:101,0
DA:102,0
DA:103,0
DA:108,0
DA:110,0
DA:113,0
DA:114,0
DA:115,0
DA:116,0
DA:119,0
DA:120,0
DA:121,0
DA:122,0
DA:123,0
DA:127,0
DA:131,0
DA:132,0
DA:135,0
DA:136,0
DA:140,0
DA:141,0
DA:145,0
DA:146,0
DA:147,0
DA:153,0
DA:154,0
DA:159,0
DA:160,0
DA:162,0
DA:164,0
DA:165,0
DA:166,0
DA:167,0
DA:169,0
DA:171,0
DA:178,0
DA:179,0
DA:182,0
DA:183,0
DA:189,0
DA:190,0
DA:194,0
DA:199,0
DA:202,0
DA:203,0
DA:204,0
DA:210,0
DA:211,0
DA:215,0
DA:216,0
DA:217,0
DA:221,0
DA:222,0
DA:223,0
DA:224,0
DA:227,0
DA:228,0
DA:230,0
DA:236,0
DA:237,0
DA:240,0
DA:241,0
DA:242,0
DA:244,0
DA:245,0
DA:247,0
DA:248,0
DA:261,0
DA:262,0
DA:263,0
DA:268,0
DA:270,0
DA:273,0
DA:274,0
DA:279,0
DA:281,0
DA:285,0
DA:286,0
DA:287,0
DA:289,0
DA:290,0
DA:294,0
DA:296,0
DA:299,0
DA:300,0
DA:301,0
DA:302,0
DA:305,0
DA:308,0
DA:310,0
DA:313,0
DA:314,0
DA:317,0
DA:323,0
DA:324,0
DA:327,0
DA:328,0
DA:331,0
DA:337,0
DA:341,0
DA:343,0
DA:348,0
DA:351,0
DA:356,0
DA:369,0
DA:390,0
DA:401,0
DA:417,0
DA:455,0
DA:468,0
DA:472,0
DA:516,0
LF:155
LH:0
BRDA:72,0,0,0
BRDA:78,1,0,0
BRDA:78,1,1,0
BRDA:93,2,0,0
BRDA:93,2,1,0
BRDA:101,3,0,0
BRDA:102,4,0,0
BRDA:102,4,1,0
BRDA:135,5,0,0
BRDA:140,6,0,0
BRDA:146,7,0,0
BRDA:160,8,0,0
BRDA:160,9,0,0
BRDA:160,9,1,0
BRDA:166,10,0,0
BRDA:166,10,1,0
BRDA:169,11,0,0
BRDA:178,12,0,0
BRDA:186,13,0,0
BRDA:186,13,1,0
BRDA:203,14,0,0
BRDA:216,15,0,0
BRDA:216,16,0,0
BRDA:216,16,1,0
BRDA:228,17,0,0
BRDA:240,18,0,0
BRDA:240,18,1,0
BRDA:261,19,0,0
BRDA:261,19,1,0
BRDA:265,20,0,0
BRDA:265,20,1,0
BRDA:287,21,0,0
BRDA:300,22,0,0
BRDA:300,23,0,0
BRDA:300,23,1,0
BRDA:343,24,0,0
BRDA:343,25,0,0
BRDA:343,25,1,0
BRDA:356,26,0,0
BRDA:356,26,1,0
BRDA:357,27,0,0
BRDA:357,27,1,0
BRDA:369,28,0,0
BRDA:375,29,0,0
BRDA:378,30,0,0
BRDA:390,31,0,0
BRDA:390,32,0,0
BRDA:390,32,1,0
BRDA:396,33,0,0
BRDA:455,34,0,0
BRDA:455,34,1,0
BRDA:458,35,0,0
BRDA:458,35,1,0
BRDA:465,36,0,0
BRDA:485,37,0,0
BRDA:524,38,0,0
BRDA:524,38,1,0
BRF:57
BRH:0
end_of_record
TN:
SF:app/forgot-password/page.tsx
FN:9,ForgotPasswordPage
FN:15,(anonymous_6)
FN:96,(anonymous_7)
FN:152,(anonymous_8)
FNF:4
FNH:0
FNDA:0,ForgotPasswordPage
FNDA:0,(anonymous_6)
FNDA:0,(anonymous_7)
FNDA:0,(anonymous_8)
DA:3,0
DA:4,0
DA:5,0
DA:6,0
DA:7,0
DA:9,0
DA:10,0
DA:11,0
DA:12,0
DA:13,0
DA:15,0
DA:16,0
DA:17,0
DA:18,0
DA:21,0
DA:22,0
DA:24,0
DA:25,0
DA:27,0
DA:28,0
DA:37,0
DA:38,0
DA:40,0
DA:41,0
DA:44,0
DA:45,0
DA:46,0
DA:48,0
DA:51,0
DA:55,0
DA:97,0
DA:98,0
DA:153,0
DA:154,0
LF:34
LH:0
BRDA:21,0,0,0
BRDA:21,0,1,0
BRDA:37,1,0,0
BRDA:37,1,1,0
BRDA:45,2,0,0
BRDA:45,2,1,0
BRDA:55,3,0,0
BRDA:134,4,0,0
BRDA:154,5,0,0
BRDA:169,6,0,0
BRDA:169,6,1,0
BRF:11
BRH:0
end_of_record
TN:
SF:app/login/page.tsx
FN:25,LoginPage
FN:35,(anonymous_6)
FN:37,(anonymous_7)
FN:45,(anonymous_8)
FN:119,(anonymous_9)
FN:126,(anonymous_10)
FN:203,(anonymous_11)
FNF:7
FNH:0
FNDA:0,LoginPage
FNDA:0,(anonymous_6)
FNDA:0,(anonymous_7)
FNDA:0,(anonymous_8)
FNDA:0,(anonymous_9)
FNDA:0,(anonymous_10)
FNDA:0,(anonymous_11)
DA:3,0
DA:4,0
DA:5,0
DA:6,0
DA:7,0
DA:8,0
DA:25,0
DA:26,0
DA:27,0
DA:31,0
DA:32,0
DA:33,0
DA:35,0
DA:36,0
DA:37,0
DA:42,0
DA:45,0
DA:46,0
DA:47,0
DA:48,0
DA:50,0
DA:51,0
DA:54,0
DA:55,0
DA:57,0
DA:58,0
DA:60,0
DA:61,0
DA:62,0
DA:74,0
DA:75,0
DA:76,0
DA:79,0
DA:80,0
DA:82,0
DA:84,0
DA:86,0
DA:87,0
DA:88,0
DA:89,0
DA:91,0
DA:95,0
DA:96,0
DA:99,0
DA:102,0
DA:103,0
DA:104,0
DA:105,0
DA:107,0
DA:111,0
DA:112,0
DA:114,0
DA:115,0
DA:119,0
DA:120,0
DA:121,0
DA:124,0
DA:126,0
DA:127,0
DA:128,0
DA:130,0
DA:133,0
DA:203,0
LF:63
LH:0
BRDA:42,0,0,0
BRDA:54,1,0,0
BRDA:54,1,1,0
BRDA:74,2,0,0
BRDA:74,2,1,0
BRDA:102,3,0,0
BRDA:102,3,1,0
BRDA:102,4,0,0
BRDA:102,4,1,0
BRDA:104,5,0,0
BRDA:104,5,1,0
BRDA:120,6,0,0
BRDA:124,7,0,0
BRDA:157,8,0,0
BRDA:192,9,0,0
BRDA:192,9,1,0
BRDA:206,10,0,0
BRDA:206,10,1,0
BRDA:217,11,0,0
BRDA:217,11,1,0
BRF:20
BRH:0
end_of_record
TN:
SF:app/privacy/page.tsx
FN:4,PrivacyPage
FNF:1
FNH:0
FNDA:0,PrivacyPage
DA:1,0
DA:2,0
DA:4,0
LF:3
LH:0
BRF:0
BRH:0
end_of_record
TN:
SF:app/register/page.tsx
FN:26,RegisterPage
FN:45,(anonymous_6)
FN:47,(anonymous_7)
FN:55,(anonymous_8)
FN:59,(anonymous_9)
FN:88,(anonymous_10)
FN:95,(anonymous_11)
FN:105,(anonymous_12)
FN:268,(anonymous_13)
FN:309,(anonymous_14)
FNF:10
FNH:0
FNDA:0,RegisterPage
FNDA:0,(anonymous_6)
FNDA:0,(anonymous_7)
FNDA:0,(anonymous_8)
FNDA:0,(anonymous_9)
FNDA:0,(anonymous_10)
FNDA:0,(anonymous_11)
FNDA:0,(anonymous_12)
FNDA:0,(anonymous_13)
FNDA:0,(anonymous_14)
DA:3,0
DA:4,0
DA:5,0
DA:6,0
DA:7,0
DA:8,0
DA:26,0
DA:27,0
DA:28,0
DA:34,0
DA:35,0
DA:36,0
DA:37,0
DA:38,0
DA:41,0
DA:45,0
DA:46,0
DA:47,0
DA:53,0
DA:54,0
DA:55,0
DA:59,0
DA:60,0
DA:63,0
DA:64,0
DA:65,0
DA:69,0
DA:70,0
DA:74,0
DA:75,0
DA:79,0
DA:80,0
DA:83,0
DA:84,0
DA:88,0
DA:89,0
DA:90,0
DA:93,0
DA:95,0
DA:96,0
DA:97,0
DA:99,0
DA:102,0
DA:105,0
DA:106,0
DA:107,0
DA:108,0
DA:110,0
DA:111,0
DA:114,0
DA:115,0
DA:117,0
DA:118,0
DA:120,0
DA:121,0
DA:122,0
DA:131,0
DA:132,0
DA:133,0
DA:136,0
DA:137,0
DA:139,0
DA:141,0
DA:143,0
DA:144,0
DA:145,0
DA:146,0
DA:148,0
DA:152,0
DA:154,0
DA:155,0
DA:157,0
DA:160,0
DA:161,0
DA:268,0
DA:309,0
LF:76
LH:0
BRDA:41,0,0,0
BRDA:41,0,1,0
BRDA:41,0,2,0
BRDA:53,1,0,0
BRDA:54,2,0,0
BRDA:64,3,0,0
BRDA:69,4,0,0
BRDA:74,5,0,0
BRDA:79,6,0,0
BRDA:89,7,0,0
BRDA:93,8,0,0
BRDA:114,9,0,0
BRDA:114,9,1,0
BRDA:131,10,0,0
BRDA:131,10,1,0
BRDA:154,11,0,0
BRDA:154,11,1,0
BRDA:186,12,0,0
BRDA:208,13,0,0
BRDA:208,13,1,0
BRDA:213,14,0,0
BRDA:233,15,0,0
BRDA:233,15,1,0
BRDA:238,16,0,0
BRDA:251,17,0,0
BRDA:251,17,1,0
BRDA:258,18,0,0
BRDA:258,18,1,0
BRDA:260,19,0,0
BRDA:260,19,1,0
BRDA:270,20,0,0
BRDA:270,20,1,0
BRDA:273,21,0,0
BRDA:273,21,1,0
BRDA:273,22,0,0
BRDA:273,22,1,0
BRDA:276,23,0,0
BRDA:279,24,0,0
BRDA:279,24,1,0
BRDA:292,25,0,0
BRDA:292,25,1,0
BRDA:299,26,0,0
BRDA:299,26,1,0
BRDA:301,27,0,0
BRDA:301,27,1,0
BRDA:311,28,0,0
BRDA:311,28,1,0
BRDA:314,29,0,0
BRDA:314,29,1,0
BRDA:314,30,0,0
BRDA:314,30,1,0
BRDA:317,31,0,0
BRDA:328,32,0,0
BRDA:328,32,1,0
BRF:54
BRH:0
end_of_record
TN:
SF:app/terms/page.tsx
FN:4,TermsPage
FNF:1
FNH:0
FNDA:0,TermsPage
DA:1,0
DA:2,0
DA:4,0
LF:3
LH:0
BRF:0
BRH:0
end_of_record
TN:
SF:app/welcome/page.tsx
FN:16,WelcomePage
FN:21,(anonymous_6)
FN:22,(anonymous_7)
FN:67,(anonymous_8)
FNF:4
FNH:0
FNDA:0,WelcomePage
FNDA:0,(anonymous_6)
FNDA:0,(anonymous_7)
FNDA:0,(anonymous_8)
DA:3,0
DA:4,0
DA:5,0
DA:6,0
DA:7,0
DA:8,0
DA:16,0
DA:17,0
DA:18,0
DA:19,0
DA:21,0
DA:22,0
DA:23,0
DA:24,0
DA:25,0
DA:26,0
DA:30,0
DA:31,0
DA:33,0
DA:34,0
DA:36,0
DA:37,0
DA:45,0
DA:46,0
DA:47,0
DA:50,0
DA:51,0
DA:52,0
DA:55,0
DA:56,0
DA:57,0
DA:58,0
DA:60,0
DA:64,0
DA:67,0
DA:68,0
DA:69,0
DA:71,0
LF:38
LH:0
BRDA:24,0,0,0
BRDA:30,1,0,0
BRDA:30,1,1,0
BRDA:45,2,0,0
BRDA:45,2,1,0
BRDA:68,3,0,0
BRDA:68,3,1,0
BRDA:212,4,0,0
BRDA:212,4,1,0
BRDA:214,5,0,0
BRDA:214,5,1,0
BRDA:222,6,0,0
BRDA:222,6,1,0
BRDA:224,7,0,0
BRDA:224,7,1,0
BRF:15
BRH:0
end_of_record
TN:
SF:components/DocumentManager.tsx
FN:35,DocumentManager
FN:46,(anonymous_5)
FN:80,(anonymous_6)
FN:101,(anonymous_7)
FN:107,(anonymous_8)
FN:110,(anonymous_9)
FN:139,(anonymous_10)
FN:198,(anonymous_11)
FN:199,(anonymous_12)
FNF:9
FNH:0
FNDA:0,DocumentManager
FNDA:0,(anonymous_5)
FNDA:0,(anonymous_6)
FNDA:0,(anonymous_7)
FNDA:0,(anonymous_8)
FNDA:0,(anonymous_9)
FNDA:0,(anonymous_10)
FNDA:0,(anonymous_11)
FNDA:0,(anonymous_12)
DA:3,0
DA:4,0
DA:5,0
DA:6,0
DA:35,0
DA:39,0
DA:40,0
DA:41,0
DA:42,0
DA:43,0
DA:46,0
DA:47,0
DA:48,0
DA:49,0
DA:50,0
DA:53,0
DA:54,0
DA:56,0
DA:58,0
DA:59,0
DA:62,0
DA:63,0
DA:64,0
DA:67,0
DA:68,0
DA:69,0
DA:71,0
DA:79,0
DA:80,0
DA:81,0
DA:84,0
DA:85,0
DA:86,0
DA:87,0
DA:90,0
DA:91,0
DA:92,0
DA:93,0
DA:94,0
DA:96,0
DA:101,0
DA:102,0
DA:103,0
DA:107,0
DA:108,0
DA:110,0
DA:111,0
DA:112,0
DA:113,0
DA:117,0
DA:120,0
DA:139,0
DA:199,0
DA:200,0
DA:202,0
LF:55
LH:0
BRDA:36,0,0,0
BRDA:47,1,0,0
BRDA:58,2,0,0
BRDA:58,2,1,0
BRDA:63,3,0,0
BRDA:79,4,0,0
BRDA:81,5,0,0
BRDA:81,5,1,0
BRDA:91,6,0,0
BRDA:91,6,1,0
BRDA:112,7,0,0
BRDA:112,8,0,0
BRDA:112,8,1,0
BRDA:146,9,0,0
BRDA:146,9,1,0
BRDA:150,10,0,0
BRDA:164,11,0,0
BRDA:166,12,0,0
BRDA:178,13,0,0
BRDA:178,13,1,0
BRDA:192,14,0,0
BRDA:231,15,0,0
BRDA:231,15,1,0
BRDA:245,16,0,0
BRF:24
BRH:0
end_of_record
TN:
SF:components/DocumentUpload.tsx
FN:24,DocumentUpload
FN:42,(anonymous_5)
FN:63,(anonymous_6)
FN:76,(anonymous_7)
FN:81,(anonymous_8)
FN:86,(anonymous_9)
FN:97,(anonymous_10)
FN:105,(anonymous_11)
FN:129,(anonymous_12)
FN:205,(anonymous_13)
FN:243,(anonymous_14)
FN:281,(anonymous_15)
FNF:12
FNH:0
FNDA:0,DocumentUpload
FNDA:0,(anonymous_5)
FNDA:0,(anonymous_6)
FNDA:0,(anonymous_7)
FNDA:0,(anonymous_8)
FNDA:0,(anonymous_9)
FNDA:0,(anonymous_10)
FNDA:0,(anonymous_11)
FNDA:0,(anonymous_12)
FNDA:0,(anonymous_13)
FNDA:0,(anonymous_14)
FNDA:0,(anonymous_15)
DA:3,0
DA:4,0
DA:5,0
DA:6,0
DA:24,0
DA:29,0
DA:30,0
DA:31,0
DA:32,0
DA:33,0
DA:34,0
DA:35,0
DA:36,0
DA:37,0
DA:39,0
DA:42,0
DA:43,0
DA:44,0
DA:51,0
DA:52,0
DA:55,0
DA:56,0
DA:59,0
DA:63,0
DA:64,0
DA:65,0
DA:66,0
DA:67,0
DA:70,0
DA:71,0
DA:72,0
DA:76,0
DA:77,0
DA:78,0
DA:81,0
DA:82,0
DA:83,0
DA:86,0
DA:87,0
DA:88,0
DA:90,0
DA:91,0
DA:92,0
DA:97,0
DA:98,0
DA:99,0
DA:100,0
DA:105,0
DA:106,0
DA:108,0
DA:109,0
DA:110,0
DA:111,0
DA:112,0
DA:114,0
DA:116,0
DA:117,0
DA:119,0
DA:120,0
DA:123,0
DA:124,0
DA:130,0
DA:131,0
DA:132,0
DA:133,0
DA:138,0
DA:139,0
DA:140,0
DA:142,0
DA:143,0
DA:144,0
DA:146,0
DA:155,0
DA:157,0
DA:158,0
DA:160,0
DA:161,0
DA:163,0
DA:164,0
DA:166,0
DA:167,0
DA:171,0
DA:172,0
DA:173,0
DA:174,0
DA:175,0
DA:178,0
DA:181,0
DA:184,0
DA:187,0
DA:188,0
DA:189,0
DA:192,0
DA:193,0
DA:205,0
DA:206,0
DA:210,0
DA:212,0
DA:215,0
DA:216,0
DA:220,0
DA:221,0
DA:225,0
DA:226,0
DA:229,0
DA:230,0
DA:231,0
DA:232,0
DA:234,0
DA:235,0
DA:238,0
DA:243,0
DA:244,0
DA:245,0
DA:246,0
DA:247,0
DA:248,0
DA:249,0
DA:250,0
DA:251,0
DA:252,0
DA:281,0
LF:122
LH:0
BRDA:27,0,0,0
BRDA:51,1,0,0
BRDA:55,2,0,0
BRDA:65,3,0,0
BRDA:91,4,0,0
BRDA:99,5,0,0
BRDA:99,6,0,0
BRDA:99,6,1,0
BRDA:106,7,0,0
BRDA:120,8,0,0
BRDA:120,8,1,0
BRDA:138,9,0,0
BRDA:155,10,0,0
BRDA:157,11,0,0
BRDA:157,12,0,0
BRDA:157,12,1,0
BRDA:160,13,0,0
BRDA:163,14,0,0
BRDA:166,15,0,0
BRDA:174,16,0,0
BRDA:192,17,0,0
BRDA:195,18,0,0
BRDA:195,18,1,0
BRDA:195,18,2,0
BRDA:212,19,0,0
BRDA:212,19,1,0
BRDA:215,20,0,0
BRDA:215,21,0,0
BRDA:215,21,1,0
BRDA:220,22,0,0
BRDA:220,23,0,0
BRDA:220,23,1,0
BRDA:225,24,0,0
BRDA:225,25,0,0
BRDA:225,25,1,0
BRDA:234,26,0,0
BRDA:251,27,0,0
BRDA:272,28,0,0
BRDA:272,28,1,0
BRDA:276,29,0,0
BRDA:276,29,1,0
BRDA:292,30,0,0
BRDA:317,31,0,0
BRDA:327,32,0,0
BRDA:327,32,1,0
BRDA:331,33,0,0
BRDA:331,33,1,0
BRDA:331,34,0,0
BRDA:331,34,1,0
BRDA:351,35,0,0
BRDA:363,36,0,0
BRDA:377,37,0,0
BRDA:377,37,1,0
BRDA:377,37,2,0
BRDA:377,37,3,0
BRDA:385,38,0,0
BRF:56
BRH:0
end_of_record
TN:
SF:components/DocumentUploadModal.tsx
FN:24,DocumentUploadModal
FN:30,(anonymous_3)
FN:33,(anonymous_4)
FN:38,(anonymous_5)
FNF:4
FNH:0
FNDA:0,DocumentUploadModal
FNDA:0,(anonymous_3)
FNDA:0,(anonymous_4)
FNDA:0,(anonymous_5)
DA:3,0
DA:4,0
DA:5,0
DA:24,0
DA:30,0
DA:31,0
DA:33,0
DA:34,0
DA:38,0
DA:39,0
LF:10
LH:0
BRF:0
BRH:0
end_of_record
TN:
SF:components/DocumentUploadServerless.tsx
FN:31,DocumentUploadServerless
FN:43,(anonymous_5)
FN:64,(anonymous_6)
FN:65,(anonymous_7)
FN:82,(anonymous_8)
FN:87,(anonymous_9)
FN:92,(anonymous_10)
FN:98,(anonymous_11)
FN:109,(anonymous_12)
FN:117,(anonymous_13)
FN:224,(anonymous_14)
FN:228,(anonymous_15)
FN:257,(anonymous_16)
FN:257,(anonymous_17)
FN:268,(anonymous_18)
FN:268,(anonymous_19)
FN:287,(anonymous_20)
FN:288,(anonymous_21)
FN:288,(anonymous_22)
FN:291,(anonymous_23)
FN:329,(anonymous_24)
FN:343,(anonymous_25)
FN:361,(anonymous_26)
FN:408,(anonymous_27)
FNF:24
FNH:0
FNDA:0,DocumentUploadServerless
FNDA:0,(anonymous_5)
FNDA:0,(anonymous_6)
FNDA:0,(anonymous_7)
FNDA:0,(anonymous_8)
FNDA:0,(anonymous_9)
FNDA:0,(anonymous_10)
FNDA:0,(anonymous_11)
FNDA:0,(anonymous_12)
FNDA:0,(anonymous_13)
FNDA:0,(anonymous_14)
FNDA:0,(anonymous_15)
FNDA:0,(anonymous_16)
FNDA:0,(anonymous_17)
FNDA:0,(anonymous_18)
FNDA:0,(anonymous_19)
FNDA:0,(anonymous_20)
FNDA:0,(anonymous_21)
FNDA:0,(anonymous_22)
FNDA:0,(anonymous_23)
FNDA:0,(anonymous_24)
FNDA:0,(anonymous_25)
FNDA:0,(anonymous_26)
FNDA:0,(anonymous_27)
DA:3,0
DA:4,0
DA:5,0
DA:31,0
DA:36,0
DA:37,0
DA:38,0
DA:39,0
DA:40,0
DA:43,0
DA:44,0
DA:45,0
DA:52,0
DA:53,0
DA:56,0
DA:57,0
DA:60,0
DA:64,0
DA:65,0
DA:66,0
DA:67,0
DA:68,0
DA:75,0
DA:82,0
DA:83,0
DA:87,0
DA:88,0
DA:89,0
DA:92,0
DA:93,0
DA:94,0
DA:98,0
DA:99,0
DA:100,0
DA:102,0
DA:103,0
DA:104,0
DA:109,0
DA:110,0
DA:111,0
DA:112,0
DA:117,0
DA:118,0
DA:119,0
DA:120,0
DA:122,0
DA:131,0
DA:132,0
DA:133,0
DA:136,0
DA:137,0
DA:140,0
DA:141,0
DA:144,0
DA:147,0
DA:151,0
DA:153,0
DA:158,0
DA:159,0
DA:168,0
DA:175,0
DA:176,0
DA:177,0
DA:184,0
DA:185,0
DA:186,0
DA:197,0
DA:200,0
DA:201,0
DA:203,0
DA:213,0
DA:219,0
DA:224,0
DA:225,0
DA:228,0
DA:236,0
DA:237,0
DA:238,0
DA:240,0
DA:241,0
DA:242,0
DA:245,0
DA:246,0
DA:248,0
DA:249,0
DA:251,0
DA:252,0
DA:253,0
DA:254,0
DA:256,0
DA:257,0
DA:258,0
DA:263,0
DA:264,0
DA:267,0
DA:268,0
DA:269,0
DA:273,0
DA:274,0
DA:279,0
DA:280,0
DA:282,0
DA:283,0
DA:287,0
DA:288,0
DA:291,0
DA:292,0
DA:293,0
DA:294,0
DA:295,0
DA:329,0
DA:344,0
DA:361,0
DA:408,0
LF:114
LH:0
BRDA:34,0,0,0
BRDA:52,1,0,0
BRDA:56,2,0,0
BRDA:67,3,0,0
BRDA:103,4,0,0
BRDA:111,5,0,0
BRDA:111,6,0,0
BRDA:111,6,1,0
BRDA:119,7,0,0
BRDA:119,7,1,0
BRDA:132,8,0,0
BRDA:175,9,0,0
BRDA:184,10,0,0
BRDA:205,11,0,0
BRDA:205,11,1,0
BRDA:205,11,2,0
BRDA:207,12,0,0
BRDA:207,12,1,0
BRDA:208,13,0,0
BRDA:208,13,1,0
BRDA:209,14,0,0
BRDA:209,14,1,0
BRDA:210,15,0,0
BRDA:210,15,1,0
BRDA:236,16,0,0
BRDA:240,17,0,0
BRDA:258,18,0,0
BRDA:258,18,1,0
BRDA:263,19,0,0
BRDA:269,20,0,0
BRDA:269,20,1,0
BRDA:270,21,0,0
BRDA:270,21,1,0
BRDA:273,22,0,0
BRDA:274,23,0,0
BRDA:274,23,1,0
BRDA:280,24,0,0
BRDA:280,24,1,0
BRDA:294,25,0,0
BRDA:303,26,0,0
BRDA:303,26,1,0
BRDA:341,27,0,0
BRDA:359,28,0,0
BRDA:368,29,0,0
BRDA:372,30,0,0
BRDA:376,31,0,0
BRDA:389,32,0,0
BRDA:397,33,0,0
BRDA:408,34,0,0
BRDA:408,34,1,0
BRDA:410,35,0,0
BRDA:410,35,1,0
BRDA:415,36,0,0
BRDA:415,36,1,0
BRF:54
BRH:0
end_of_record
TN:
SF:components/error-boundary.tsx
FN:27,(anonymous_7)
FN:32,(anonymous_8)
FN:83,(anonymous_9)
FN:48,(anonymous_11)
FN:71,(anonymous_12)
FN:75,(anonymous_13)
FN:79,(anonymous_14)
FN:157,useErrorHandler
FN:158,(anonymous_16)
FN:173,withErrorBoundary
FNF:10
FNH:0
FNDA:0,(anonymous_7)
FNDA:0,(anonymous_8)
FNDA:0,(anonymous_9)
FNDA:0,(anonymous_11)
FNDA:0,(anonymous_12)
FNDA:0,(anonymous_13)
FNDA:0,(anonymous_14)
FNDA:0,useErrorHandler
FNDA:0,(anonymous_16)
FNDA:0,withErrorBoundary
DA:3,0
DA:4,0
DA:5,0
DA:22,0
DA:29,0
DA:34,0
DA:40,0
DA:43,0
DA:44,0
DA:49,0
DA:51,0
DA:61,0
DA:67,0
DA:72,0
DA:76,0
DA:80,0
DA:84,0
DA:86,0
DA:87,0
DA:150,0
DA:157,0
DA:158,0
DA:160,0
DA:163,0
DA:173,0
DA:183,0
DA:185,0
LF:27
LH:0
BRDA:43,0,0,0
BRDA:84,1,0,0
BRDA:86,2,0,0
BRDA:106,3,0,0
BRDA:106,3,1,0
BRDA:49,4,0,0
BRDA:49,4,1,0
BRDA:163,5,0,0
BRDA:183,6,0,0
BRDA:183,6,1,0
BRF:10
BRH:0
end_of_record
TN:
SF:components/loading.tsx
FN:9,cn
FN:21,LoadingSpinner
FN:48,PageLoading
FN:73,ButtonLoading
FN:97,Skeleton
FN:112,CardSkeleton
FN:134,ChatSkeleton
FN:160,TableSkeleton
FN:165,(anonymous_20)
FN:171,(anonymous_21)
FN:177,(anonymous_22)
FN:189,ListSkeleton
FN:192,(anonymous_24)
FN:216,LoadingOverlay
FN:240,PulseLoader
FNF:15
FNH:0
FNDA:0,cn
FNDA:0,LoadingSpinner
FNDA:0,PageLoading
FNDA:0,ButtonLoading
FNDA:0,Skeleton
FNDA:0,CardSkeleton
FNDA:0,ChatSkeleton
FNDA:0,TableSkeleton
FNDA:0,(anonymous_20)
FNDA:0,(anonymous_21)
FNDA:0,(anonymous_22)
FNDA:0,ListSkeleton
FNDA:0,(anonymous_24)
FNDA:0,LoadingOverlay
FNDA:0,PulseLoader
DA:3,0
DA:4,0
DA:5,0
DA:6,0
DA:10,0
DA:21,0
DA:22,0
DA:48,0
DA:73,0
DA:97,0
DA:112,0
DA:134,0
DA:160,0
DA:166,0
DA:172,0
DA:178,0
DA:189,0
DA:193,0
DA:216,0
DA:240,0
LF:20
LH:0
BRDA:21,0,0,0
BRDA:48,1,0,0
BRDA:74,2,0,0
BRDA:76,3,0,0
BRDA:77,4,0,0
BRDA:82,5,0,0
BRDA:83,6,0,0
BRDA:83,6,1,0
BRDA:160,7,0,0
BRDA:160,8,0,0
BRDA:189,9,0,0
BRDA:219,10,0,0
BRDA:225,11,0,0
BRF:13
BRH:0
end_of_record
TN:
SF:components/theme-provider.tsx
FN:10,ThemeProvider
FNF:1
FNH:0
FNDA:0,ThemeProvider
DA:3,0
DA:4,0
DA:10,0
LF:3
LH:0
BRF:0
BRH:0
end_of_record
TN:
SF:components/auth/LoginForm.tsx
FN:18,LoginForm
FN:28,(anonymous_6)
FN:30,(anonymous_7)
FN:38,(anonymous_8)
FN:121,(anonymous_9)
FNF:5
FNH:0
FNDA:0,LoginForm
FNDA:0,(anonymous_6)
FNDA:0,(anonymous_7)
FNDA:0,(anonymous_8)
FNDA:0,(anonymous_9)
DA:3,0
DA:4,0
DA:5,0
DA:6,0
DA:7,0
DA:8,0
DA:9,0
DA:10,0
DA:11,0
DA:18,0
DA:19,0
DA:20,0
DA:24,0
DA:25,0
DA:26,0
DA:28,0
DA:29,0
DA:30,0
DA:35,0
DA:38,0
DA:39,0
DA:40,0
DA:41,0
DA:43,0
DA:44,0
DA:49,0
DA:50,0
DA:51,0
DA:54,0
DA:56,0
DA:57,0
DA:59,0
DA:63,0
DA:64,0
DA:66,0
DA:121,0
LF:36
LH:0
BRDA:18,0,0,0
BRDA:35,1,0,0
BRDA:49,2,0,0
BRDA:54,3,0,0
BRDA:54,4,0,0
BRDA:54,4,1,0
BRDA:56,5,0,0
BRDA:56,5,1,0
BRDA:80,6,0,0
BRDA:111,7,0,0
BRDA:111,7,1,0
BRDA:125,8,0,0
BRDA:135,9,0,0
BRDA:135,9,1,0
BRF:14
BRH:0
end_of_record
TN:
SF:components/auth/ProtectedRoute.tsx
FN:13,ProtectedRoute
FN:22,(anonymous_5)
FN:24,(anonymous_6)
FN:53,(anonymous_7)
FN:66,(anonymous_8)
FNF:5
FNH:0
FNDA:0,ProtectedRoute
FNDA:0,(anonymous_5)
FNDA:0,(anonymous_6)
FNDA:0,(anonymous_7)
FNDA:0,(anonymous_8)
DA:3,0
DA:4,0
DA:5,0
DA:13,0
DA:17,0
DA:18,0
DA:19,0
DA:20,0
DA:22,0
DA:24,0
DA:25,0
DA:26,0
DA:28,0
DA:29,0
DA:30,0
DA:31,0
DA:34,0
DA:35,0
DA:36,0
DA:39,0
DA:40,0
DA:42,0
DA:43,0
DA:45,0
DA:49,0
DA:52,0
DA:54,0
DA:55,0
DA:56,0
DA:57,0
DA:58,0
DA:59,0
DA:60,0
DA:62,0
DA:66,0
DA:70,0
DA:79,0
DA:80,0
LF:38
LH:0
BRDA:15,0,0,0
BRDA:28,1,0,0
BRDA:34,2,0,0
BRDA:54,3,0,0
BRDA:54,3,1,0
BRDA:54,4,0,0
BRDA:54,4,1,0
BRDA:58,5,0,0
BRDA:58,6,0,0
BRDA:58,6,1,0
BRDA:70,7,0,0
BRDA:79,8,0,0
BRDA:79,9,0,0
BRDA:79,9,1,0
BRF:14
BRH:0
end_of_record
TN:
SF:components/auth/RegisterForm.tsx
FN:18,RegisterForm
FN:32,(anonymous_6)
FN:34,(anonymous_7)
FN:42,(anonymous_8)
FN:46,(anonymous_9)
FN:74,(anonymous_10)
FN:191,(anonymous_11)
FN:220,(anonymous_12)
FNF:8
FNH:0
FNDA:0,RegisterForm
FNDA:0,(anonymous_6)
FNDA:0,(anonymous_7)
FNDA:0,(anonymous_8)
FNDA:0,(anonymous_9)
FNDA:0,(anonymous_10)
FNDA:0,(anonymous_11)
FNDA:0,(anonymous_12)
DA:3,0
DA:4,0
DA:5,0
DA:6,0
DA:7,0
DA:8,0
DA:9,0
DA:10,0
DA:11,0
DA:18,0
DA:19,0
DA:20,0
DA:26,0
DA:27,0
DA:28,0
DA:29,0
DA:30,0
DA:32,0
DA:33,0
DA:34,0
DA:40,0
DA:41,0
DA:42,0
DA:46,0
DA:47,0
DA:50,0
DA:51,0
DA:52,0
DA:56,0
DA:57,0
DA:61,0
DA:62,0
DA:66,0
DA:67,0
DA:70,0
DA:71,0
DA:74,0
DA:75,0
DA:77,0
DA:78,0
DA:81,0
DA:82,0
DA:84,0
DA:85,0
DA:95,0
DA:96,0
DA:97,0
DA:100,0
DA:102,0
DA:103,0
DA:105,0
DA:109,0
DA:110,0
DA:112,0
DA:191,0
DA:220,0
LF:56
LH:0
BRDA:18,0,0,0
BRDA:40,1,0,0
BRDA:41,2,0,0
BRDA:51,3,0,0
BRDA:56,4,0,0
BRDA:61,5,0,0
BRDA:66,6,0,0
BRDA:77,7,0,0
BRDA:95,8,0,0
BRDA:100,9,0,0
BRDA:102,10,0,0
BRDA:102,10,1,0
BRDA:126,11,0,0
BRDA:148,12,0,0
BRDA:169,13,0,0
BRDA:181,14,0,0
BRDA:181,14,1,0
BRDA:195,15,0,0
BRDA:198,16,0,0
BRDA:210,17,0,0
BRDA:210,17,1,0
BRDA:224,18,0,0
BRDA:227,19,0,0
BRDA:237,20,0,0
BRDA:237,20,1,0
BRF:25
BRH:0
end_of_record
TN:
SF:components/auth/SessionManager.tsx
FN:17,useAuth
FN:29,AuthProvider
FN:34,(anonymous_8)
FN:36,(anonymous_9)
FN:58,(anonymous_10)
FN:72,(anonymous_11)
FN:75,(anonymous_12)
FN:86,(anonymous_13)
FNF:8
FNH:0
FNDA:0,useAuth
FNDA:0,AuthProvider
FNDA:0,(anonymous_8)
FNDA:0,(anonymous_9)
FNDA:0,(anonymous_10)
FNDA:0,(anonymous_11)
FNDA:0,(anonymous_12)
FNDA:0,(anonymous_13)
DA:3,0
DA:4,0
DA:15,0
DA:17,0
DA:18,0
DA:19,0
DA:20,0
DA:22,0
DA:29,0
DA:30,0
DA:31,0
DA:32,0
DA:34,0
DA:36,0
DA:37,0
DA:38,0
DA:40,0
DA:41,0
DA:42,0
DA:45,0
DA:46,0
DA:48,0
DA:50,0
DA:54,0
DA:57,0
DA:59,0
DA:61,0
DA:62,0
DA:63,0
DA:64,0
DA:65,0
DA:66,0
DA:68,0
DA:72,0
DA:75,0
DA:76,0
DA:77,0
DA:78,0
DA:79,0
DA:82,0
DA:86,0
DA:87,0
DA:88,0
DA:89,0
DA:90,0
DA:91,0
DA:94,0
DA:95,0
DA:96,0
DA:99,0
DA:103,0
LF:51
LH:0
BRDA:19,0,0,0
BRDA:40,1,0,0
BRDA:46,2,0,0
BRDA:46,2,1,0
BRDA:61,3,0,0
BRDA:61,3,1,0
BRDA:61,4,0,0
BRDA:61,4,1,0
BRDA:64,5,0,0
BRDA:64,6,0,0
BRDA:64,6,1,0
BRDA:78,7,0,0
BRDA:89,8,0,0
BRDA:94,9,0,0
BRF:14
BRH:0
end_of_record
TN:
SF:components/ui/button.tsx
FN:8,cn
FN:49,(anonymous_7)
FNF:2
FNH:0
FNDA:0,cn
FNDA:0,(anonymous_7)
DA:1,0
DA:2,0
DA:3,0
DA:4,0
DA:5,0
DA:9,0
DA:12,0
DA:48,0
DA:50,0
DA:60,0
DA:62,0
LF:11
LH:0
BRDA:49,0,0,0
BRDA:50,1,0,0
BRDA:50,1,1,0
BRF:3
BRH:0
end_of_record
TN:
SF:components/ui/card.tsx
FN:6,cn
FNF:1
FNH:0
FNDA:0,cn
DA:1,0
DA:2,0
DA:3,0
DA:7,0
DA:23,0
DA:35,0
DA:47,0
DA:59,0
DA:67,0
DA:79,0
DA:81,0
LF:11
LH:0
BRF:0
BRH:0
end_of_record
TN:
SF:components/ui/dialog.tsx
FN:7,cn
FN:17,(anonymous_9)
FN:18,(anonymous_10)
FN:25,(anonymous_11)
FN:35,(anonymous_12)
FN:41,(anonymous_13)
FNF:6
FNH:0
FNDA:0,cn
FNDA:0,(anonymous_9)
FNDA:0,(anonymous_10)
FNDA:0,(anonymous_11)
FNDA:0,(anonymous_12)
FNDA:0,(anonymous_13)
DA:1,0
DA:3,0
DA:4,0
DA:8,0
DA:17,0
DA:18,0
DA:19,0
DA:20,0
DA:22,0
DA:25,0
DA:26,0
DA:30,0
DA:35,0
DA:41,0
DA:69,0
DA:106,0
DA:108,0
LF:17
LH:0
BRDA:19,0,0,0
BRDA:19,0,1,0
BRDA:30,1,0,0
BRF:3
BRH:0
end_of_record
TN:
SF:components/ui/input.tsx
FN:8,(anonymous_4)
FNF:1
FNH:0
FNDA:0,(anonymous_4)
DA:1,0
DA:2,0
DA:7,0
DA:22,0
DA:24,0
LF:5
LH:0
BRF:0
BRH:0
end_of_record
TN:
SF:components/ui/label.tsx
FNF:0
FNH:0
DA:1,0
DA:2,0
DA:3,0
DA:4,0
DA:6,0
DA:21,0
DA:23,0
LF:7
LH:0
BRF:0
BRH:0
end_of_record
TN:
SF:lib/api-client.ts
FN:46,(anonymous_6)
FN:68,(anonymous_7)
FN:69,(anonymous_8)
FN:71,(anonymous_9)
FN:84,(anonymous_10)
FN:96,(anonymous_11)
FN:108,(anonymous_12)
FN:116,(anonymous_13)
FN:126,(anonymous_14)
FN:138,(anonymous_15)
FN:162,(anonymous_16)
FN:165,(anonymous_17)
FN:170,(anonymous_18)
FN:180,apiRequest
FN:286,(anonymous_20)
FN:289,(anonymous_21)
FN:292,(anonymous_22)
FN:295,(anonymous_23)
FN:298,(anonymous_24)
FN:305,healthCheck
FN:317,getApiConfig
FNF:21
FNH:20
FNDA:86,(anonymous_6)
FNDA:8,(anonymous_7)
FNDA:8,(anonymous_8)
FNDA:11,(anonymous_9)
FNDA:7,(anonymous_10)
FNDA:3,(anonymous_11)
FNDA:31,(anonymous_12)
FNDA:3,(anonymous_13)
FNDA:23,(anonymous_14)
FNDA:31,(anonymous_15)
FNDA:31,(anonymous_16)
FNDA:2,(anonymous_17)
FNDA:2,(anonymous_18)
FNDA:23,apiRequest
FNDA:2,(anonymous_20)
FNDA:1,(anonymous_21)
FNDA:1,(anonymous_22)
FNDA:0,(anonymous_23)
FNDA:1,(anonymous_24)
FNDA:1,healthCheck
FNDA:1,getApiConfig
DA:30,1
DA:39,1
DA:40,1
DA:41,1
DA:42,1
DA:43,1
DA:46,1
DA:47,86
DA:48,0
DA:52,1
DA:60,1
DA:68,1
DA:69,8
DA:71,1
DA:72,11
DA:73,9
DA:75,2
DA:76,2
DA:81,0
DA:84,1
DA:85,7
DA:91,1
DA:97,3
DA:98,3
DA:99,3
DA:100,3
DA:101,3
DA:108,1
DA:109,31
DA:111,31
DA:112,31
DA:116,3
DA:119,0
DA:126,1
DA:127,23
DA:128,23
DA:132,23
DA:138,1
DA:139,31
DA:145,31
DA:146,31
DA:147,29
DA:151,31
DA:152,31
DA:153,0
DA:156,31
DA:162,1
DA:163,31
DA:165,31
DA:166,2
DA:170,31
DA:171,2
DA:174,31
DA:180,18
DA:191,23
DA:193,23
DA:194,23
DA:196,23
DA:197,31
DA:198,31
DA:200,31
DA:207,31
DA:208,3
DA:211,31
DA:214,29
DA:217,21
DA:218,20
DA:220,1
DA:224,20
DA:225,13
DA:232,7
DA:244,7
DA:245,5
DA:248,2
DA:251,11
DA:254,11
DA:255,3
DA:260,10
DA:261,8
DA:262,8
DA:267,5
DA:279,5
DA:285,4
DA:287,2
DA:290,1
DA:293,1
DA:296,0
DA:299,1
DA:305,1
DA:306,1
DA:307,1
DA:308,1
DA:310,0
DA:317,1
DA:318,1
LF:95
LH:89
BRDA:31,0,0,1
BRDA:31,0,1,1
BRDA:32,1,0,1
BRDA:32,1,1,1
BRDA:39,2,0,1
BRDA:47,3,0,0
BRDA:72,4,0,9
BRDA:73,5,0,9
BRDA:73,5,1,9
BRDA:75,6,0,2
BRDA:76,7,0,2
BRDA:76,7,1,0
BRDA:76,7,2,0
BRDA:76,7,3,0
BRDA:85,8,0,7
BRDA:85,8,1,5
BRDA:85,8,2,5
BRDA:109,9,0,0
BRDA:112,10,0,31
BRDA:112,10,1,3
BRDA:112,10,2,3
BRDA:112,10,3,2
BRDA:127,11,0,23
BRDA:127,11,1,0
BRDA:128,12,0,0
BRDA:128,12,1,23
BRDA:138,13,0,0
BRDA:146,14,0,29
BRDA:152,15,0,0
BRDA:182,16,0,12
BRDA:185,17,0,17
BRDA:187,18,0,23
BRDA:188,19,0,21
BRDA:189,20,0,20
BRDA:190,21,0,23
BRDA:207,22,0,3
BRDA:207,23,0,31
BRDA:207,23,1,3
BRDA:217,24,0,20
BRDA:217,24,1,1
BRDA:224,25,0,13
BRDA:233,26,0,0
BRDA:233,26,1,7
BRDA:233,27,0,7
BRDA:233,27,1,7
BRDA:233,27,2,7
BRDA:237,28,0,0
BRDA:237,28,1,7
BRDA:237,29,0,7
BRDA:237,29,1,7
BRDA:237,29,2,7
BRDA:244,30,0,5
BRDA:251,31,0,11
BRDA:251,31,1,0
BRDA:254,32,0,3
BRDA:254,33,0,11
BRDA:254,33,1,9
BRDA:260,34,0,8
BRDA:267,35,0,0
BRDA:267,35,1,5
BRDA:275,36,0,5
BRDA:275,36,1,0
BRF:62
BRH:48
end_of_record
TN:
SF:lib/auth-helpers.ts
FN:18,(anonymous_6)
FN:42,(anonymous_7)
FN:55,(anonymous_8)
FN:63,(anonymous_9)
FN:71,(anonymous_10)
FNF:5
FNH:0
FNDA:0,(anonymous_6)
FNDA:0,(anonymous_7)
FNDA:0,(anonymous_8)
FNDA:0,(anonymous_9)
FNDA:0,(anonymous_10)
DA:18,0
DA:19,0
DA:20,0
DA:27,0
DA:28,0
DA:31,0
DA:32,0
DA:34,0
DA:35,0
DA:42,0
DA:43,0
DA:44,0
DA:45,0
DA:47,0
DA:48,0
DA:55,0
DA:56,0
DA:57,0
DA:63,0
DA:64,0
DA:65,0
DA:71,0
DA:72,0
DA:73,0
DA:74,0
DA:75,0
LF:26
LH:0
BRDA:27,0,0,0
BRDA:32,1,0,0
BRDA:32,1,1,0
BRDA:56,2,0,0
BRDA:57,3,0,0
BRDA:57,3,1,0
BRDA:72,4,0,0
BRF:7
BRH:0
end_of_record
TN:
SF:lib/supabase-client.ts
FNF:0
FNH:0
DA:1,0
DA:4,0
DA:5,0
DA:7,0
DA:8,0
DA:11,0
LF:6
LH:0
BRDA:7,0,0,0
BRDA:7,1,0,0
BRDA:7,1,1,0
BRF:3
BRH:0
end_of_record
TN:
SF:lib/utils.ts
FN:4,cn
FNF:1
FNH:0
FNDA:0,cn
DA:1,0
DA:2,0
DA:4,0
DA:5,0
LF:4
LH:0
BRF:0
BRH:0
end_of_record
